[0.395s] Invoking command in '/ros2_ws/build/msgs_srvs': CMAKE_PREFIX_PATH=/opt/ros/humble /usr/bin/cmake /ros2_ws/src/msgs_srvs -DAMENT_CMAKE_SYMLINK_INSTALL=1 -DCMAKE_INSTALL_PREFIX=/ros2_ws/install/msgs_srvs
[0.427s] -- Found ament_cmake: 1.3.11 (/opt/ros/humble/share/ament_cmake/cmake)
[0.706s] -- Override CMake install command with custom implementation using symlinks instead of copying resources
[0.720s] -- Found builtin_interfaces: 1.2.1 (/opt/ros/humble/share/builtin_interfaces/cmake)
[0.761s] -- Found rosidl_generator_c: 3.1.6 (/opt/ros/humble/share/rosidl_generator_c/cmake)
[0.764s] -- Found rosidl_adapter: 3.1.6 (/opt/ros/humble/share/rosidl_adapter/cmake)
[0.776s] -- Found rosidl_generator_cpp: 3.1.6 (/opt/ros/humble/share/rosidl_generator_cpp/cmake)
[0.790s] -- Using all available rosidl_typesupport_c: rosidl_typesupport_fastrtps_c;rosidl_typesupport_introspection_c
[0.813s] -- Using all available rosidl_typesupport_cpp: rosidl_typesupport_fastrtps_cpp;rosidl_typesupport_introspection_cpp
[0.830s] -- Found rosidl_default_generators: 1.2.0 (/opt/ros/humble/share/rosidl_default_generators/cmake)
[0.841s] -- Found std_msgs: 4.2.4 (/opt/ros/humble/share/std_msgs/cmake)
[1.455s] -- Found ament_cmake_ros: 0.10.0 (/opt/ros/humble/share/ament_cmake_ros/cmake)
[2.128s] -- Using all available rosidl_typesupport_c: rosidl_typesupport_fastrtps_c;rosidl_typesupport_introspection_c
[2.378s] -- Using all available rosidl_typesupport_cpp: rosidl_typesupport_fastrtps_cpp;rosidl_typesupport_introspection_cpp
[2.420s] -- Found PythonInterp: /usr/bin/python3 (found suitable version "3.10.12", minimum required is "3.6") 
[2.429s] -- Found python_cmake_module: 0.10.0 (/opt/ros/humble/share/python_cmake_module/cmake)
[2.483s] -- Found PythonLibs: /usr/lib/aarch64-linux-gnu/libpython3.10.so (found suitable version "3.10.12", minimum required is "3.5") 
[2.484s] -- Using PYTHON_EXECUTABLE: /usr/bin/python3
[2.484s] -- Using PYTHON_INCLUDE_DIRS: /usr/include/python3.10
[2.484s] -- Using PYTHON_LIBRARIES: /usr/lib/aarch64-linux-gnu/libpython3.10.so
[2.518s] -- Found PythonExtra: .so  
[2.619s] -- Found ament_lint_auto: 0.12.11 (/opt/ros/humble/share/ament_lint_auto/cmake)
[2.677s] -- Added test 'lint_cmake' to check CMake code style
[2.680s] -- Added test 'xmllint' to check XML markup files
[2.686s] -- Configuring done
[2.755s] -- Generating done
[2.771s] -- Build files have been written to: /ros2_ws/build/msgs_srvs
[2.786s] Invoked command in '/ros2_ws/build/msgs_srvs' returned '0': CMAKE_PREFIX_PATH=/opt/ros/humble /usr/bin/cmake /ros2_ws/src/msgs_srvs -DAMENT_CMAKE_SYMLINK_INSTALL=1 -DCMAKE_INSTALL_PREFIX=/ros2_ws/install/msgs_srvs
[2.788s] Invoking command in '/ros2_ws/build/msgs_srvs': CMAKE_PREFIX_PATH=/opt/ros/humble /usr/bin/cmake --build /ros2_ws/build/msgs_srvs -- -j4 -l4
[2.864s] [  1%] [34m[1mGenerating C code for ROS interfaces[0m
[2.884s] [  2%] [34m[1mGenerating C++ code for ROS interfaces[0m
[2.899s] [  2%] Built target ament_cmake_python_symlink_msgs_srvs
[3.267s] running egg_info
[3.268s] creating msgs_srvs.egg-info
[3.268s] writing msgs_srvs.egg-info/PKG-INFO
[3.269s] writing dependency_links to msgs_srvs.egg-info/dependency_links.txt
[3.269s] writing top-level names to msgs_srvs.egg-info/top_level.txt
[3.270s] writing manifest file 'msgs_srvs.egg-info/SOURCES.txt'
[3.273s] reading manifest file 'msgs_srvs.egg-info/SOURCES.txt'
[3.273s] writing manifest file 'msgs_srvs.egg-info/SOURCES.txt'
[3.346s] [  2%] Built target ament_cmake_python_build_msgs_srvs_egg
[4.197s] [  2%] Built target msgs_srvs__cpp
[4.218s] [  3%] [34m[1mGenerating C++ type support dispatch for ROS interfaces[0m
[4.222s] [  4%] [34m[1mGenerating C++ type support for eProsima Fast-RTPS[0m
[4.287s] [  5%] [34m[1mGenerating C++ introspection for ROS interfaces[0m
[4.411s] [  6%] [32mBuilding C object CMakeFiles/msgs_srvs__rosidl_generator_c.dir/rosidl_generator_c/msgs_srvs/msg/detail/button_state__functions.c.o[0m
[4.577s] [  7%] [32mBuilding C object CMakeFiles/msgs_srvs__rosidl_generator_c.dir/rosidl_generator_c/msgs_srvs/msg/detail/buzzer_state__functions.c.o[0m
[4.668s] [  8%] [32mBuilding C object CMakeFiles/msgs_srvs__rosidl_generator_c.dir/rosidl_generator_c/msgs_srvs/msg/detail/led_state__functions.c.o[0m
[4.754s] [  9%] [32mBuilding C object CMakeFiles/msgs_srvs__rosidl_generator_c.dir/rosidl_generator_c/msgs_srvs/msg/detail/motors_state__functions.c.o[0m
[4.788s] In file included from [01m[K/ros2_ws/build/msgs_srvs/rosidl_generator_c/msgs_srvs/msg/detail/motors_state__functions.h:19[m[K,
[4.788s]                  from [01m[K/ros2_ws/build/msgs_srvs/rosidl_generator_c/msgs_srvs/msg/detail/motors_state__functions.c:4[m[K:
[4.788s] [01m[K/ros2_ws/build/msgs_srvs/rosidl_generator_c/msgs_srvs/msg/detail/motors_state__struct.h:22:10:[m[K [01;31m[Kfatal error: [m[Kresource/msg/detail/motor_state__struct.h: No such file or directory
[4.788s]    22 | #include [01;31m[K"resource/msg/detail/motor_state__struct.h"[m[K
[4.788s]       |          [01;31m[K^~~~~~~~~~~~~~~~~~~~~~~~~~~~~~~~~~~~~~~~~~~[m[K
[4.788s] compilation terminated.
[4.790s] gmake[2]: *** [CMakeFiles/msgs_srvs__rosidl_generator_c.dir/build.make:307: CMakeFiles/msgs_srvs__rosidl_generator_c.dir/rosidl_generator_c/msgs_srvs/msg/detail/motors_state__functions.c.o] Error 1
[4.790s] gmake[1]: *** [CMakeFiles/Makefile2:213: CMakeFiles/msgs_srvs__rosidl_generator_c.dir/all] Error 2
[4.790s] gmake[1]: *** Waiting for unfinished jobs....
[4.974s] [ 11%] [32mBuilding CXX object CMakeFiles/msgs_srvs__rosidl_typesupport_cpp.dir/rosidl_typesupport_cpp/msgs_srvs/msg/button_state__type_support.cpp.o[0m
[4.974s] [ 11%] [32mBuilding CXX object CMakeFiles/msgs_srvs__rosidl_typesupport_cpp.dir/rosidl_typesupport_cpp/msgs_srvs/msg/buzzer_state__type_support.cpp.o[0m
[5.480s] [ 12%] [32mBuilding CXX object CMakeFiles/msgs_srvs__rosidl_typesupport_introspection_cpp.dir/rosidl_typesupport_introspection_cpp/msgs_srvs/msg/detail/button_state__type_support.cpp.o[0m
[5.518s] [ 13%] [32mBuilding CXX object CMakeFiles/msgs_srvs__rosidl_typesupport_fastrtps_cpp.dir/rosidl_typesupport_fastrtps_cpp/msgs_srvs/msg/detail/dds_fastrtps/button_state__type_support.cpp.o[0m
[5.705s] [ 14%] [32mBuilding CXX object CMakeFiles/msgs_srvs__rosidl_typesupport_cpp.dir/rosidl_typesupport_cpp/msgs_srvs/msg/led_state__type_support.cpp.o[0m
[5.708s] [ 15%] [32mBuilding CXX object CMakeFiles/msgs_srvs__rosidl_typesupport_cpp.dir/rosidl_typesupport_cpp/msgs_srvs/msg/motors_state__type_support.cpp.o[0m
[5.837s] In file included from [01m[K/ros2_ws/build/msgs_srvs/rosidl_typesupport_cpp/msgs_srvs/msg/motors_state__type_support.cpp:7[m[K:
[5.837s] [01m[K/ros2_ws/build/msgs_srvs/rosidl_generator_cpp/msgs_srvs/msg/detail/motors_state__struct.hpp:20:10:[m[K [01;31m[Kfatal error: [m[Kresource/msg/detail/motor_state__struct.hpp: No such file or directory
[5.837s]    20 | #include [01;31m[K"resource/msg/detail/motor_state__struct.hpp"[m[K
[5.837s]       |          [01;31m[K^~~~~~~~~~~~~~~~~~~~~~~~~~~~~~~~~~~~~~~~~~~~~[m[K
[5.837s] compilation terminated.
[5.844s] gmake[2]: *** [CMakeFiles/msgs_srvs__rosidl_typesupport_cpp.dir/build.make:192: CMakeFiles/msgs_srvs__rosidl_typesupport_cpp.dir/rosidl_typesupport_cpp/msgs_srvs/msg/motors_state__type_support.cpp.o] Error 1
[5.844s] gmake[2]: *** Waiting for unfinished jobs....
[5.873s] [ 16%] [32mBuilding CXX object CMakeFiles/msgs_srvs__rosidl_typesupport_introspection_cpp.dir/rosidl_typesupport_introspection_cpp/msgs_srvs/msg/detail/buzzer_state__type_support.cpp.o[0m
[6.259s] gmake[1]: *** [CMakeFiles/Makefile2:395: CMakeFiles/msgs_srvs__rosidl_typesupport_cpp.dir/all] Error 2
[6.282s] [ 17%] [32mBuilding CXX object CMakeFiles/msgs_srvs__rosidl_typesupport_fastrtps_cpp.dir/rosidl_typesupport_fastrtps_cpp/msgs_srvs/msg/detail/dds_fastrtps/buzzer_state__type_support.cpp.o[0m
[6.329s] [ 18%] [32mBuilding CXX object CMakeFiles/msgs_srvs__rosidl_typesupport_introspection_cpp.dir/rosidl_typesupport_introspection_cpp/msgs_srvs/msg/detail/led_state__type_support.cpp.o[0m
[6.418s] [ 20%] [32mBuilding CXX object CMakeFiles/msgs_srvs__rosidl_typesupport_fastrtps_cpp.dir/rosidl_typesupport_fastrtps_cpp/msgs_srvs/msg/detail/dds_fastrtps/led_state__type_support.cpp.o[0m
[6.747s] [ 21%] [32mBuilding CXX object CMakeFiles/msgs_srvs__rosidl_typesupport_introspection_cpp.dir/rosidl_typesupport_introspection_cpp/msgs_srvs/msg/detail/motors_state__type_support.cpp.o[0m
[6.878s] In file included from [01m[K/ros2_ws/build/msgs_srvs/rosidl_typesupport_introspection_cpp/msgs_srvs/msg/detail/motors_state__type_support.cpp:12[m[K:
[6.879s] [01m[K/ros2_ws/build/msgs_srvs/rosidl_generator_cpp/msgs_srvs/msg/detail/motors_state__struct.hpp:20:10:[m[K [01;31m[Kfatal error: [m[Kresource/msg/detail/motor_state__struct.hpp: No such file or directory
[6.879s]    20 | #include [01;31m[K"resource/msg/detail/motor_state__struct.hpp"[m[K
[6.879s]       |          [01;31m[K^~~~~~~~~~~~~~~~~~~~~~~~~~~~~~~~~~~~~~~~~~~~~[m[K
[6.879s] compilation terminated.
[6.890s] gmake[2]: *** [CMakeFiles/msgs_srvs__rosidl_typesupport_introspection_cpp.dir/build.make:221: CMakeFiles/msgs_srvs__rosidl_typesupport_introspection_cpp.dir/rosidl_typesupport_introspection_cpp/msgs_srvs/msg/detail/motors_state__type_support.cpp.o] Error 1
[6.890s] gmake[2]: *** Waiting for unfinished jobs....
[6.907s] [ 22%] [32mBuilding CXX object CMakeFiles/msgs_srvs__rosidl_typesupport_fastrtps_cpp.dir/rosidl_typesupport_fastrtps_cpp/msgs_srvs/msg/detail/dds_fastrtps/motors_state__type_support.cpp.o[0m
[7.026s] In file included from [01m[K/ros2_ws/build/msgs_srvs/rosidl_typesupport_fastrtps_cpp/msgs_srvs/msg/detail/motors_state__rosidl_typesupport_fastrtps_cpp.hpp:11[m[K,
[7.026s]                  from [01m[K/ros2_ws/build/msgs_srvs/rosidl_typesupport_fastrtps_cpp/msgs_srvs/msg/detail/dds_fastrtps/motors_state__type_support.cpp:4[m[K:
[7.026s] [01m[K/ros2_ws/build/msgs_srvs/rosidl_generator_cpp/msgs_srvs/msg/detail/motors_state__struct.hpp:20:10:[m[K [01;31m[Kfatal error: [m[Kresource/msg/detail/motor_state__struct.hpp: No such file or directory
[7.026s]    20 | #include [01;31m[K"resource/msg/detail/motor_state__struct.hpp"[m[K
[7.026s]       |          [01;31m[K^~~~~~~~~~~~~~~~~~~~~~~~~~~~~~~~~~~~~~~~~~~~~[m[K
[7.027s] compilation terminated.
[7.035s] gmake[2]: *** [CMakeFiles/msgs_srvs__rosidl_typesupport_fastrtps_cpp.dir/build.make:221: CMakeFiles/msgs_srvs__rosidl_typesupport_fastrtps_cpp.dir/rosidl_typesupport_fastrtps_cpp/msgs_srvs/msg/detail/dds_fastrtps/motors_state__type_support.cpp.o] Error 1
[7.035s] gmake[2]: *** Waiting for unfinished jobs....
[7.132s] gmake[1]: *** [CMakeFiles/Makefile2:369: CMakeFiles/msgs_srvs__rosidl_typesupport_introspection_cpp.dir/all] Error 2
[7.201s] gmake[1]: *** [CMakeFiles/Makefile2:291: CMakeFiles/msgs_srvs__rosidl_typesupport_fastrtps_cpp.dir/all] Error 2
[7.201s] gmake: *** [Makefile:146: all] Error 2
[7.204s] Invoked command in '/ros2_ws/build/msgs_srvs' returned '2': CMAKE_PREFIX_PATH=/opt/ros/humble /usr/bin/cmake --build /ros2_ws/build/msgs_srvs -- -j4 -l4
