[0.466s] Invoking command in '/ros2_ws/build/oradar_lidar': CMAKE_PREFIX_PATH=/opt/ros/humble /usr/bin/cmake --build /ros2_ws/build/oradar_lidar -- -j4 -l4
[0.881s] [ 60%] Built target oradar_sdk
[0.970s] [ 70%] Built target blocking_c_api_test
[0.983s] [ 80%] Built target non-blocking_test
[1.015s] [ 90%] Built target blocking_test
[1.089s] [100%] Built target oradar_scan
[1.123s] Invoked command in '/ros2_ws/build/oradar_lidar' returned '0': CMAKE_PREFIX_PATH=/opt/ros/humble /usr/bin/cmake --build /ros2_ws/build/oradar_lidar -- -j4 -l4
[1.147s] Invoking command in '/ros2_ws/build/oradar_lidar': CMAKE_PREFIX_PATH=/opt/ros/humble /usr/bin/cmake --install /ros2_ws/build/oradar_lidar
[1.170s] -- Install configuration: "RELEASE"
[1.174s] -- Execute custom install script
[1.175s] -- Up-to-date symlink: /ros2_ws/install/oradar_lidar/bin/blocking_test
[1.176s] -- Up-to-date symlink: /ros2_ws/install/oradar_lidar/bin/non-blocking_test
[1.179s] -- Up-to-date symlink: /ros2_ws/install/oradar_lidar/bin/blocking_c_api_test
[1.180s] -- Up-to-date symlink: /ros2_ws/install/oradar_lidar/include/core/base/datatype.h
[1.180s] -- Up-to-date symlink: /ros2_ws/install/oradar_lidar/include/core/base/locker.h
[1.180s] -- Up-to-date symlink: /ros2_ws/install/oradar_lidar/include/core/base/thread.h
[1.181s] -- Up-to-date symlink: /ros2_ws/install/oradar_lidar/include/core/base/timer.h
[1.182s] -- Up-to-date symlink: /ros2_ws/install/oradar_lidar/include/core/base/typedef.h
[1.182s] -- Up-to-date symlink: /ros2_ws/install/oradar_lidar/include/core/base/utils.h
[1.182s] -- Up-to-date symlink: /ros2_ws/install/oradar_lidar/include/core/base/v8stdint.h
[1.184s] -- Up-to-date symlink: /ros2_ws/install/oradar_lidar/include/core/common/ChannelDevice.h
[1.184s] -- Up-to-date symlink: /ros2_ws/install/oradar_lidar/include/core/math/angles.h
[1.186s] -- Up-to-date symlink: /ros2_ws/install/oradar_lidar/include/core/network/ActiveSocket.h
[1.187s] -- Up-to-date symlink: /ros2_ws/install/oradar_lidar/include/core/network/PassiveSocket.h
[1.187s] -- Up-to-date symlink: /ros2_ws/install/oradar_lidar/include/core/network/SimpleSocket.h
[1.188s] -- Up-to-date symlink: /ros2_ws/install/oradar_lidar/include/core/network/StatTimer.h
[1.189s] -- Up-to-date symlink: /ros2_ws/install/oradar_lidar/include/core/serial/common.h
[1.189s] -- Up-to-date symlink: /ros2_ws/install/oradar_lidar/include/core/serial/serial.h
[1.190s] -- Up-to-date symlink: /ros2_ws/install/oradar_lidar/include/core/serial/impl/unix/lock.h
[1.192s] -- Up-to-date symlink: /ros2_ws/install/oradar_lidar/include/core/serial/impl/unix/unix.h
[1.193s] -- Up-to-date symlink: /ros2_ws/install/oradar_lidar/include/core/serial/impl/unix/unix_serial.h
[1.194s] -- Up-to-date symlink: /ros2_ws/install/oradar_lidar/include/src/ord_lidar_c_api_driver.h
[1.195s] -- Up-to-date symlink: /ros2_ws/install/oradar_lidar/include/src/ord_lidar_driver.h
[1.196s] -- Up-to-date symlink: /ros2_ws/install/oradar_lidar/include/src/ordlidar_protocol.h
[1.199s] -- Up-to-date symlink: /ros2_ws/install/oradar_lidar/include/src/filters/FullScanFilter.h
[1.200s] -- Up-to-date symlink: /ros2_ws/install/oradar_lidar/lib/liboradar_sdk.a
[1.200s] -- Up-to-date symlink: /ros2_ws/install/oradar_lidar/lib/oradar_lidar/oradar_scan
[1.205s] -- Up-to-date symlink: /ros2_ws/install/oradar_lidar/share/oradar_lidar//launch/ms200_scan.launch
[1.208s] -- Up-to-date symlink: /ros2_ws/install/oradar_lidar/share/oradar_lidar//launch/ms200_scan.launch.py
[1.210s] -- Up-to-date symlink: /ros2_ws/install/oradar_lidar/share/oradar_lidar//launch/ms200_scan_view.launch
[1.210s] -- Up-to-date symlink: /ros2_ws/install/oradar_lidar/share/oradar_lidar//launch/ms200_scan_view.launch.py
[1.211s] -- Up-to-date symlink: /ros2_ws/install/oradar_lidar/share/oradar_lidar//rviz2/oradar_scan.rviz
[1.211s] -- Up-to-date symlink: /ros2_ws/install/oradar_lidar/share/ament_index/resource_index/package_run_dependencies/oradar_lidar
[1.212s] -- Up-to-date symlink: /ros2_ws/install/oradar_lidar/share/ament_index/resource_index/parent_prefix_path/oradar_lidar
[1.213s] -- Up-to-date symlink: /ros2_ws/install/oradar_lidar/share/oradar_lidar/environment/ament_prefix_path.sh
[1.214s] -- Up-to-date symlink: /ros2_ws/install/oradar_lidar/share/oradar_lidar/environment/ament_prefix_path.dsv
[1.215s] -- Up-to-date symlink: /ros2_ws/install/oradar_lidar/share/oradar_lidar/environment/path.sh
[1.216s] -- Up-to-date symlink: /ros2_ws/install/oradar_lidar/share/oradar_lidar/environment/path.dsv
[1.218s] -- Up-to-date symlink: /ros2_ws/install/oradar_lidar/share/oradar_lidar/local_setup.bash
[1.219s] -- Up-to-date symlink: /ros2_ws/install/oradar_lidar/share/oradar_lidar/local_setup.sh
[1.220s] -- Up-to-date symlink: /ros2_ws/install/oradar_lidar/share/oradar_lidar/local_setup.zsh
[1.221s] -- Up-to-date symlink: /ros2_ws/install/oradar_lidar/share/oradar_lidar/local_setup.dsv
[1.222s] -- Symlinking: /ros2_ws/install/oradar_lidar/share/oradar_lidar/package.dsv
[1.242s] -- Up-to-date symlink: /ros2_ws/install/oradar_lidar/share/ament_index/resource_index/packages/oradar_lidar
[1.243s] -- Up-to-date symlink: /ros2_ws/install/oradar_lidar/share/oradar_lidar/cmake/oradar_lidarConfig.cmake
[1.243s] -- Up-to-date symlink: /ros2_ws/install/oradar_lidar/share/oradar_lidar/cmake/oradar_lidarConfig-version.cmake
[1.243s] -- Up-to-date symlink: /ros2_ws/install/oradar_lidar/share/oradar_lidar/package.xml
[1.255s] Invoked command in '/ros2_ws/build/oradar_lidar' returned '0': CMAKE_PREFIX_PATH=/opt/ros/humble /usr/bin/cmake --install /ros2_ws/build/oradar_lidar
