[0.465s] Invoking command in '/ros2_ws/build/msgs_srvs': CMAKE_PREFIX_PATH=/opt/ros/humble /usr/bin/cmake --build /ros2_ws/build/msgs_srvs -- -j4 -l4
[0.809s] [  1%] Built target msgs_srvs__cpp
[0.819s] [  1%] Built target ament_cmake_python_symlink_msgs_srvs
[0.877s] [ 12%] Built target msgs_srvs__rosidl_generator_c
[0.936s] [ 24%] Built target msgs_srvs__rosidl_typesupport_cpp
[0.957s] [ 35%] Built target msgs_srvs__rosidl_typesupport_fastrtps_cpp
[0.959s] [ 47%] Built target msgs_srvs__rosidl_typesupport_introspection_cpp
[1.060s] [ 58%] Built target msgs_srvs__rosidl_typesupport_introspection_c
[1.077s] [ 70%] Built target msgs_srvs__rosidl_typesupport_c
[1.086s] [ 82%] Built target msgs_srvs__rosidl_typesupport_fastrtps_c
[1.152s] [ 82%] Built target msgs_srvs
[1.205s] [ 83%] Built target msgs_srvs__py
[1.340s] [ 93%] Built target msgs_srvs__rosidl_generator_py
[1.459s] [ 95%] Built target msgs_srvs__rosidl_typesupport_introspection_c__pyext
[1.459s] [ 97%] Built target msgs_srvs__rosidl_typesupport_c__pyext
[1.460s] [100%] Built target msgs_srvs__rosidl_typesupport_fastrtps_c__pyext
[1.493s] running egg_info
[1.495s] writing msgs_srvs.egg-info/PKG-INFO
[1.495s] writing dependency_links to msgs_srvs.egg-info/dependency_links.txt
[1.505s] writing top-level names to msgs_srvs.egg-info/top_level.txt
[1.511s] reading manifest file 'msgs_srvs.egg-info/SOURCES.txt'
[1.512s] writing manifest file 'msgs_srvs.egg-info/SOURCES.txt'
[1.596s] [100%] Built target ament_cmake_python_build_msgs_srvs_egg
[1.628s] Invoked command in '/ros2_ws/build/msgs_srvs' returned '0': CMAKE_PREFIX_PATH=/opt/ros/humble /usr/bin/cmake --build /ros2_ws/build/msgs_srvs -- -j4 -l4
[1.637s] Invoking command in '/ros2_ws/build/msgs_srvs': CMAKE_PREFIX_PATH=/opt/ros/humble /usr/bin/cmake --install /ros2_ws/build/msgs_srvs
[1.657s] -- Install configuration: ""
[1.658s] -- Execute custom install script
[1.659s] -- Up-to-date symlink: /ros2_ws/install/msgs_srvs/share/ament_index/resource_index/rosidl_interfaces/msgs_srvs
[1.662s] -- Up-to-date symlink: /ros2_ws/install/msgs_srvs/include/msgs_srvs/msgs_srvs/msg/button_state.h
[1.663s] -- Up-to-date symlink: /ros2_ws/install/msgs_srvs/include/msgs_srvs/msgs_srvs/msg/buzzer_state.h
[1.663s] -- Up-to-date symlink: /ros2_ws/install/msgs_srvs/include/msgs_srvs/msgs_srvs/msg/detail/button_state__functions.h
[1.663s] -- Up-to-date symlink: /ros2_ws/install/msgs_srvs/include/msgs_srvs/msgs_srvs/msg/detail/button_state__struct.h
[1.663s] -- Up-to-date symlink: /ros2_ws/install/msgs_srvs/include/msgs_srvs/msgs_srvs/msg/detail/button_state__type_support.h
[1.663s] -- Up-to-date symlink: /ros2_ws/install/msgs_srvs/include/msgs_srvs/msgs_srvs/msg/detail/buzzer_state__functions.h
[1.663s] -- Up-to-date symlink: /ros2_ws/install/msgs_srvs/include/msgs_srvs/msgs_srvs/msg/detail/buzzer_state__struct.h
[1.663s] -- Up-to-date symlink: /ros2_ws/install/msgs_srvs/include/msgs_srvs/msgs_srvs/msg/detail/buzzer_state__type_support.h
[1.663s] -- Up-to-date symlink: /ros2_ws/install/msgs_srvs/include/msgs_srvs/msgs_srvs/msg/detail/led_state__functions.h
[1.664s] -- Up-to-date symlink: /ros2_ws/install/msgs_srvs/include/msgs_srvs/msgs_srvs/msg/detail/led_state__struct.h
[1.664s] -- Up-to-date symlink: /ros2_ws/install/msgs_srvs/include/msgs_srvs/msgs_srvs/msg/detail/led_state__type_support.h
[1.664s] -- Up-to-date symlink: /ros2_ws/install/msgs_srvs/include/msgs_srvs/msgs_srvs/msg/detail/motor_state__functions.h
[1.665s] -- Up-to-date symlink: /ros2_ws/install/msgs_srvs/include/msgs_srvs/msgs_srvs/msg/detail/motor_state__struct.h
[1.665s] -- Up-to-date symlink: /ros2_ws/install/msgs_srvs/include/msgs_srvs/msgs_srvs/msg/detail/motor_state__type_support.h
[1.666s] -- Up-to-date symlink: /ros2_ws/install/msgs_srvs/include/msgs_srvs/msgs_srvs/msg/detail/motors_state__functions.h
[1.666s] -- Up-to-date symlink: /ros2_ws/install/msgs_srvs/include/msgs_srvs/msgs_srvs/msg/detail/motors_state__struct.h
[1.666s] -- Up-to-date symlink: /ros2_ws/install/msgs_srvs/include/msgs_srvs/msgs_srvs/msg/detail/motors_state__type_support.h
[1.667s] -- Up-to-date symlink: /ros2_ws/install/msgs_srvs/include/msgs_srvs/msgs_srvs/msg/detail/pwm_servo_state__functions.h
[1.669s] -- Up-to-date symlink: /ros2_ws/install/msgs_srvs/include/msgs_srvs/msgs_srvs/msg/detail/pwm_servo_state__struct.h
[1.669s] -- Up-to-date symlink: /ros2_ws/install/msgs_srvs/include/msgs_srvs/msgs_srvs/msg/detail/pwm_servo_state__type_support.h
[1.670s] -- Up-to-date symlink: /ros2_ws/install/msgs_srvs/include/msgs_srvs/msgs_srvs/msg/detail/pwm_servo_state_duration__functions.h
[1.670s] -- Up-to-date symlink: /ros2_ws/install/msgs_srvs/include/msgs_srvs/msgs_srvs/msg/detail/pwm_servo_state_duration__struct.h
[1.670s] -- Up-to-date symlink: /ros2_ws/install/msgs_srvs/include/msgs_srvs/msgs_srvs/msg/detail/pwm_servo_state_duration__type_support.h
[1.670s] -- Up-to-date symlink: /ros2_ws/install/msgs_srvs/include/msgs_srvs/msgs_srvs/msg/detail/sbus__functions.h
[1.670s] -- Up-to-date symlink: /ros2_ws/install/msgs_srvs/include/msgs_srvs/msgs_srvs/msg/detail/sbus__struct.h
[1.670s] -- Up-to-date symlink: /ros2_ws/install/msgs_srvs/include/msgs_srvs/msgs_srvs/msg/detail/sbus__type_support.h
[1.670s] -- Up-to-date symlink: /ros2_ws/install/msgs_srvs/include/msgs_srvs/msgs_srvs/msg/led_state.h
[1.671s] -- Up-to-date symlink: /ros2_ws/install/msgs_srvs/include/msgs_srvs/msgs_srvs/msg/motor_state.h
[1.671s] -- Up-to-date symlink: /ros2_ws/install/msgs_srvs/include/msgs_srvs/msgs_srvs/msg/motors_state.h
[1.671s] -- Up-to-date symlink: /ros2_ws/install/msgs_srvs/include/msgs_srvs/msgs_srvs/msg/pwm_servo_state.h
[1.672s] -- Up-to-date symlink: /ros2_ws/install/msgs_srvs/include/msgs_srvs/msgs_srvs/msg/pwm_servo_state_duration.h
[1.672s] -- Up-to-date symlink: /ros2_ws/install/msgs_srvs/include/msgs_srvs/msgs_srvs/msg/rosidl_generator_c__visibility_control.h
[1.673s] -- Up-to-date symlink: /ros2_ws/install/msgs_srvs/include/msgs_srvs/msgs_srvs/msg/sbus.h
[1.673s] -- Up-to-date symlink: /ros2_ws/install/msgs_srvs/include/msgs_srvs/msgs_srvs/srv/detail/pwm_servo_state__functions.h
[1.674s] -- Up-to-date symlink: /ros2_ws/install/msgs_srvs/include/msgs_srvs/msgs_srvs/srv/detail/pwm_servo_state__struct.h
[1.676s] -- Up-to-date symlink: /ros2_ws/install/msgs_srvs/include/msgs_srvs/msgs_srvs/srv/detail/pwm_servo_state__type_support.h
[1.677s] -- Up-to-date symlink: /ros2_ws/install/msgs_srvs/include/msgs_srvs/msgs_srvs/srv/pwm_servo_state.h
[1.677s] -- Up-to-date symlink: /ros2_ws/install/msgs_srvs/share/msgs_srvs/environment/library_path.sh
[1.677s] -- Up-to-date symlink: /ros2_ws/install/msgs_srvs/share/msgs_srvs/environment/library_path.dsv
[1.677s] -- Up-to-date symlink: /ros2_ws/install/msgs_srvs/include/msgs_srvs/msgs_srvs/msg/detail/button_state__rosidl_typesupport_fastrtps_c.h
[1.677s] -- Up-to-date symlink: /ros2_ws/install/msgs_srvs/include/msgs_srvs/msgs_srvs/msg/detail/buzzer_state__rosidl_typesupport_fastrtps_c.h
[1.677s] -- Up-to-date symlink: /ros2_ws/install/msgs_srvs/include/msgs_srvs/msgs_srvs/msg/detail/led_state__rosidl_typesupport_fastrtps_c.h
[1.678s] -- Up-to-date symlink: /ros2_ws/install/msgs_srvs/include/msgs_srvs/msgs_srvs/msg/detail/motor_state__rosidl_typesupport_fastrtps_c.h
[1.678s] -- Up-to-date symlink: /ros2_ws/install/msgs_srvs/include/msgs_srvs/msgs_srvs/msg/detail/motors_state__rosidl_typesupport_fastrtps_c.h
[1.678s] -- Up-to-date symlink: /ros2_ws/install/msgs_srvs/include/msgs_srvs/msgs_srvs/msg/detail/pwm_servo_state__rosidl_typesupport_fastrtps_c.h
[1.679s] -- Up-to-date symlink: /ros2_ws/install/msgs_srvs/include/msgs_srvs/msgs_srvs/msg/detail/pwm_servo_state_duration__rosidl_typesupport_fastrtps_c.h
[1.679s] -- Up-to-date symlink: /ros2_ws/install/msgs_srvs/include/msgs_srvs/msgs_srvs/msg/detail/sbus__rosidl_typesupport_fastrtps_c.h
[1.680s] -- Up-to-date symlink: /ros2_ws/install/msgs_srvs/include/msgs_srvs/msgs_srvs/msg/rosidl_typesupport_fastrtps_c__visibility_control.h
[1.680s] -- Up-to-date symlink: /ros2_ws/install/msgs_srvs/include/msgs_srvs/msgs_srvs/srv/detail/pwm_servo_state__rosidl_typesupport_fastrtps_c.h
[1.682s] -- Up-to-date symlink: /ros2_ws/install/msgs_srvs/include/msgs_srvs/msgs_srvs/msg/button_state.hpp
[1.682s] -- Up-to-date symlink: /ros2_ws/install/msgs_srvs/include/msgs_srvs/msgs_srvs/msg/buzzer_state.hpp
[1.682s] -- Up-to-date symlink: /ros2_ws/install/msgs_srvs/include/msgs_srvs/msgs_srvs/msg/detail/button_state__builder.hpp
[1.683s] -- Up-to-date symlink: /ros2_ws/install/msgs_srvs/include/msgs_srvs/msgs_srvs/msg/detail/button_state__struct.hpp
[1.683s] -- Up-to-date symlink: /ros2_ws/install/msgs_srvs/include/msgs_srvs/msgs_srvs/msg/detail/button_state__traits.hpp
[1.684s] -- Up-to-date symlink: /ros2_ws/install/msgs_srvs/include/msgs_srvs/msgs_srvs/msg/detail/button_state__type_support.hpp
[1.684s] -- Up-to-date symlink: /ros2_ws/install/msgs_srvs/include/msgs_srvs/msgs_srvs/msg/detail/buzzer_state__builder.hpp
[1.684s] -- Up-to-date symlink: /ros2_ws/install/msgs_srvs/include/msgs_srvs/msgs_srvs/msg/detail/buzzer_state__struct.hpp
[1.685s] -- Up-to-date symlink: /ros2_ws/install/msgs_srvs/include/msgs_srvs/msgs_srvs/msg/detail/buzzer_state__traits.hpp
[1.685s] -- Up-to-date symlink: /ros2_ws/install/msgs_srvs/include/msgs_srvs/msgs_srvs/msg/detail/buzzer_state__type_support.hpp
[1.685s] -- Up-to-date symlink: /ros2_ws/install/msgs_srvs/include/msgs_srvs/msgs_srvs/msg/detail/led_state__builder.hpp
[1.686s] -- Up-to-date symlink: /ros2_ws/install/msgs_srvs/include/msgs_srvs/msgs_srvs/msg/detail/led_state__struct.hpp
[1.686s] -- Up-to-date symlink: /ros2_ws/install/msgs_srvs/include/msgs_srvs/msgs_srvs/msg/detail/led_state__traits.hpp
[1.687s] -- Up-to-date symlink: /ros2_ws/install/msgs_srvs/include/msgs_srvs/msgs_srvs/msg/detail/led_state__type_support.hpp
[1.687s] -- Up-to-date symlink: /ros2_ws/install/msgs_srvs/include/msgs_srvs/msgs_srvs/msg/detail/motor_state__builder.hpp
[1.687s] -- Up-to-date symlink: /ros2_ws/install/msgs_srvs/include/msgs_srvs/msgs_srvs/msg/detail/motor_state__struct.hpp
[1.688s] -- Up-to-date symlink: /ros2_ws/install/msgs_srvs/include/msgs_srvs/msgs_srvs/msg/detail/motor_state__traits.hpp
[1.688s] -- Up-to-date symlink: /ros2_ws/install/msgs_srvs/include/msgs_srvs/msgs_srvs/msg/detail/motor_state__type_support.hpp
[1.688s] -- Up-to-date symlink: /ros2_ws/install/msgs_srvs/include/msgs_srvs/msgs_srvs/msg/detail/motors_state__builder.hpp
[1.689s] -- Up-to-date symlink: /ros2_ws/install/msgs_srvs/include/msgs_srvs/msgs_srvs/msg/detail/motors_state__struct.hpp
[1.689s] -- Up-to-date symlink: /ros2_ws/install/msgs_srvs/include/msgs_srvs/msgs_srvs/msg/detail/motors_state__traits.hpp
[1.690s] -- Up-to-date symlink: /ros2_ws/install/msgs_srvs/include/msgs_srvs/msgs_srvs/msg/detail/motors_state__type_support.hpp
[1.690s] -- Up-to-date symlink: /ros2_ws/install/msgs_srvs/include/msgs_srvs/msgs_srvs/msg/detail/pwm_servo_state__builder.hpp
[1.690s] -- Up-to-date symlink: /ros2_ws/install/msgs_srvs/include/msgs_srvs/msgs_srvs/msg/detail/pwm_servo_state__struct.hpp
[1.691s] -- Up-to-date symlink: /ros2_ws/install/msgs_srvs/include/msgs_srvs/msgs_srvs/msg/detail/pwm_servo_state__traits.hpp
[1.691s] -- Up-to-date symlink: /ros2_ws/install/msgs_srvs/include/msgs_srvs/msgs_srvs/msg/detail/pwm_servo_state__type_support.hpp
[1.692s] -- Up-to-date symlink: /ros2_ws/install/msgs_srvs/include/msgs_srvs/msgs_srvs/msg/detail/pwm_servo_state_duration__builder.hpp
[1.692s] -- Up-to-date symlink: /ros2_ws/install/msgs_srvs/include/msgs_srvs/msgs_srvs/msg/detail/pwm_servo_state_duration__struct.hpp
[1.692s] -- Up-to-date symlink: /ros2_ws/install/msgs_srvs/include/msgs_srvs/msgs_srvs/msg/detail/pwm_servo_state_duration__traits.hpp
[1.693s] -- Up-to-date symlink: /ros2_ws/install/msgs_srvs/include/msgs_srvs/msgs_srvs/msg/detail/pwm_servo_state_duration__type_support.hpp
[1.693s] -- Up-to-date symlink: /ros2_ws/install/msgs_srvs/include/msgs_srvs/msgs_srvs/msg/detail/sbus__builder.hpp
[1.693s] -- Up-to-date symlink: /ros2_ws/install/msgs_srvs/include/msgs_srvs/msgs_srvs/msg/detail/sbus__struct.hpp
[1.694s] -- Up-to-date symlink: /ros2_ws/install/msgs_srvs/include/msgs_srvs/msgs_srvs/msg/detail/sbus__traits.hpp
[1.694s] -- Up-to-date symlink: /ros2_ws/install/msgs_srvs/include/msgs_srvs/msgs_srvs/msg/detail/sbus__type_support.hpp
[1.695s] -- Up-to-date symlink: /ros2_ws/install/msgs_srvs/include/msgs_srvs/msgs_srvs/msg/led_state.hpp
[1.695s] -- Up-to-date symlink: /ros2_ws/install/msgs_srvs/include/msgs_srvs/msgs_srvs/msg/motor_state.hpp
[1.695s] -- Up-to-date symlink: /ros2_ws/install/msgs_srvs/include/msgs_srvs/msgs_srvs/msg/motors_state.hpp
[1.696s] -- Up-to-date symlink: /ros2_ws/install/msgs_srvs/include/msgs_srvs/msgs_srvs/msg/pwm_servo_state.hpp
[1.696s] -- Up-to-date symlink: /ros2_ws/install/msgs_srvs/include/msgs_srvs/msgs_srvs/msg/pwm_servo_state_duration.hpp
[1.697s] -- Up-to-date symlink: /ros2_ws/install/msgs_srvs/include/msgs_srvs/msgs_srvs/msg/rosidl_generator_cpp__visibility_control.hpp
[1.697s] -- Up-to-date symlink: /ros2_ws/install/msgs_srvs/include/msgs_srvs/msgs_srvs/msg/sbus.hpp
[1.697s] -- Up-to-date symlink: /ros2_ws/install/msgs_srvs/include/msgs_srvs/msgs_srvs/srv/detail/pwm_servo_state__builder.hpp
[1.698s] -- Up-to-date symlink: /ros2_ws/install/msgs_srvs/include/msgs_srvs/msgs_srvs/srv/detail/pwm_servo_state__struct.hpp
[1.698s] -- Up-to-date symlink: /ros2_ws/install/msgs_srvs/include/msgs_srvs/msgs_srvs/srv/detail/pwm_servo_state__traits.hpp
[1.698s] -- Up-to-date symlink: /ros2_ws/install/msgs_srvs/include/msgs_srvs/msgs_srvs/srv/detail/pwm_servo_state__type_support.hpp
[1.699s] -- Up-to-date symlink: /ros2_ws/install/msgs_srvs/include/msgs_srvs/msgs_srvs/srv/pwm_servo_state.hpp
[1.700s] -- Up-to-date symlink: /ros2_ws/install/msgs_srvs/include/msgs_srvs/msgs_srvs/msg/detail/button_state__rosidl_typesupport_fastrtps_cpp.hpp
[1.700s] -- Up-to-date symlink: /ros2_ws/install/msgs_srvs/include/msgs_srvs/msgs_srvs/msg/detail/buzzer_state__rosidl_typesupport_fastrtps_cpp.hpp
[1.701s] -- Up-to-date symlink: /ros2_ws/install/msgs_srvs/include/msgs_srvs/msgs_srvs/msg/detail/led_state__rosidl_typesupport_fastrtps_cpp.hpp
[1.701s] -- Up-to-date symlink: /ros2_ws/install/msgs_srvs/include/msgs_srvs/msgs_srvs/msg/detail/motor_state__rosidl_typesupport_fastrtps_cpp.hpp
[1.701s] -- Up-to-date symlink: /ros2_ws/install/msgs_srvs/include/msgs_srvs/msgs_srvs/msg/detail/motors_state__rosidl_typesupport_fastrtps_cpp.hpp
[1.702s] -- Up-to-date symlink: /ros2_ws/install/msgs_srvs/include/msgs_srvs/msgs_srvs/msg/detail/pwm_servo_state__rosidl_typesupport_fastrtps_cpp.hpp
[1.702s] -- Up-to-date symlink: /ros2_ws/install/msgs_srvs/include/msgs_srvs/msgs_srvs/msg/detail/pwm_servo_state_duration__rosidl_typesupport_fastrtps_cpp.hpp
[1.703s] -- Up-to-date symlink: /ros2_ws/install/msgs_srvs/include/msgs_srvs/msgs_srvs/msg/detail/sbus__rosidl_typesupport_fastrtps_cpp.hpp
[1.703s] -- Up-to-date symlink: /ros2_ws/install/msgs_srvs/include/msgs_srvs/msgs_srvs/msg/rosidl_typesupport_fastrtps_cpp__visibility_control.h
[1.703s] -- Up-to-date symlink: /ros2_ws/install/msgs_srvs/include/msgs_srvs/msgs_srvs/srv/detail/pwm_servo_state__rosidl_typesupport_fastrtps_cpp.hpp
[1.704s] -- Up-to-date symlink: /ros2_ws/install/msgs_srvs/include/msgs_srvs/msgs_srvs/msg/detail/button_state__rosidl_typesupport_introspection_c.h
[1.705s] -- Up-to-date symlink: /ros2_ws/install/msgs_srvs/include/msgs_srvs/msgs_srvs/msg/detail/buzzer_state__rosidl_typesupport_introspection_c.h
[1.706s] -- Up-to-date symlink: /ros2_ws/install/msgs_srvs/include/msgs_srvs/msgs_srvs/msg/detail/led_state__rosidl_typesupport_introspection_c.h
[1.706s] -- Up-to-date symlink: /ros2_ws/install/msgs_srvs/include/msgs_srvs/msgs_srvs/msg/detail/motor_state__rosidl_typesupport_introspection_c.h
[1.706s] -- Up-to-date symlink: /ros2_ws/install/msgs_srvs/include/msgs_srvs/msgs_srvs/msg/detail/motors_state__rosidl_typesupport_introspection_c.h
[1.707s] -- Up-to-date symlink: /ros2_ws/install/msgs_srvs/include/msgs_srvs/msgs_srvs/msg/detail/pwm_servo_state__rosidl_typesupport_introspection_c.h
[1.707s] -- Up-to-date symlink: /ros2_ws/install/msgs_srvs/include/msgs_srvs/msgs_srvs/msg/detail/pwm_servo_state_duration__rosidl_typesupport_introspection_c.h
[1.710s] -- Up-to-date symlink: /ros2_ws/install/msgs_srvs/include/msgs_srvs/msgs_srvs/msg/detail/sbus__rosidl_typesupport_introspection_c.h
[1.710s] -- Up-to-date symlink: /ros2_ws/install/msgs_srvs/include/msgs_srvs/msgs_srvs/msg/rosidl_typesupport_introspection_c__visibility_control.h
[1.711s] -- Up-to-date symlink: /ros2_ws/install/msgs_srvs/include/msgs_srvs/msgs_srvs/srv/detail/pwm_servo_state__rosidl_typesupport_introspection_c.h
[1.711s] -- Up-to-date symlink: /ros2_ws/install/msgs_srvs/include/msgs_srvs/msgs_srvs/msg/detail/button_state__rosidl_typesupport_introspection_cpp.hpp
[1.712s] -- Up-to-date symlink: /ros2_ws/install/msgs_srvs/include/msgs_srvs/msgs_srvs/msg/detail/buzzer_state__rosidl_typesupport_introspection_cpp.hpp
[1.713s] -- Up-to-date symlink: /ros2_ws/install/msgs_srvs/include/msgs_srvs/msgs_srvs/msg/detail/led_state__rosidl_typesupport_introspection_cpp.hpp
[1.713s] -- Up-to-date symlink: /ros2_ws/install/msgs_srvs/include/msgs_srvs/msgs_srvs/msg/detail/motor_state__rosidl_typesupport_introspection_cpp.hpp
[1.714s] -- Up-to-date symlink: /ros2_ws/install/msgs_srvs/include/msgs_srvs/msgs_srvs/msg/detail/motors_state__rosidl_typesupport_introspection_cpp.hpp
[1.714s] -- Up-to-date symlink: /ros2_ws/install/msgs_srvs/include/msgs_srvs/msgs_srvs/msg/detail/pwm_servo_state__rosidl_typesupport_introspection_cpp.hpp
[1.715s] -- Up-to-date symlink: /ros2_ws/install/msgs_srvs/include/msgs_srvs/msgs_srvs/msg/detail/pwm_servo_state_duration__rosidl_typesupport_introspection_cpp.hpp
[1.715s] -- Up-to-date symlink: /ros2_ws/install/msgs_srvs/include/msgs_srvs/msgs_srvs/msg/detail/sbus__rosidl_typesupport_introspection_cpp.hpp
[1.715s] -- Up-to-date symlink: /ros2_ws/install/msgs_srvs/include/msgs_srvs/msgs_srvs/srv/detail/pwm_servo_state__rosidl_typesupport_introspection_cpp.hpp
[1.716s] -- Up-to-date symlink: /ros2_ws/install/msgs_srvs/share/msgs_srvs/environment/pythonpath.sh
[1.716s] -- Up-to-date symlink: /ros2_ws/install/msgs_srvs/share/msgs_srvs/environment/pythonpath.dsv
[1.717s] -- Up-to-date symlink: /ros2_ws/install/msgs_srvs/local/lib/python3.10/dist-packages/msgs_srvs-0.0.0-py3.10.egg-info/PKG-INFO
[1.718s] -- Up-to-date symlink: /ros2_ws/install/msgs_srvs/local/lib/python3.10/dist-packages/msgs_srvs-0.0.0-py3.10.egg-info/SOURCES.txt
[1.718s] -- Up-to-date symlink: /ros2_ws/install/msgs_srvs/local/lib/python3.10/dist-packages/msgs_srvs-0.0.0-py3.10.egg-info/dependency_links.txt
[1.718s] -- Up-to-date symlink: /ros2_ws/install/msgs_srvs/local/lib/python3.10/dist-packages/msgs_srvs-0.0.0-py3.10.egg-info/top_level.txt
[1.720s] -- Up-to-date symlink: /ros2_ws/install/msgs_srvs/local/lib/python3.10/dist-packages/msgs_srvs/__init__.py
[1.720s] -- Up-to-date symlink: /ros2_ws/install/msgs_srvs/local/lib/python3.10/dist-packages/msgs_srvs/_msgs_srvs_s.ep.rosidl_typesupport_c.c
[1.721s] -- Up-to-date symlink: /ros2_ws/install/msgs_srvs/local/lib/python3.10/dist-packages/msgs_srvs/_msgs_srvs_s.ep.rosidl_typesupport_fastrtps_c.c
[1.721s] -- Up-to-date symlink: /ros2_ws/install/msgs_srvs/local/lib/python3.10/dist-packages/msgs_srvs/_msgs_srvs_s.ep.rosidl_typesupport_introspection_c.c
[1.722s] -- Up-to-date symlink: /ros2_ws/install/msgs_srvs/local/lib/python3.10/dist-packages/msgs_srvs/libmsgs_srvs__rosidl_generator_py.so
[1.722s] -- Up-to-date symlink: /ros2_ws/install/msgs_srvs/local/lib/python3.10/dist-packages/msgs_srvs/msg/__init__.py
[1.723s] -- Up-to-date symlink: /ros2_ws/install/msgs_srvs/local/lib/python3.10/dist-packages/msgs_srvs/msg/_button_state.py
[1.723s] -- Up-to-date symlink: /ros2_ws/install/msgs_srvs/local/lib/python3.10/dist-packages/msgs_srvs/msg/_button_state_s.c
[1.724s] -- Up-to-date symlink: /ros2_ws/install/msgs_srvs/local/lib/python3.10/dist-packages/msgs_srvs/msg/_buzzer_state.py
[1.725s] -- Up-to-date symlink: /ros2_ws/install/msgs_srvs/local/lib/python3.10/dist-packages/msgs_srvs/msg/_buzzer_state_s.c
[1.726s] -- Up-to-date symlink: /ros2_ws/install/msgs_srvs/local/lib/python3.10/dist-packages/msgs_srvs/msg/_led_state.py
[1.727s] -- Up-to-date symlink: /ros2_ws/install/msgs_srvs/local/lib/python3.10/dist-packages/msgs_srvs/msg/_led_state_s.c
[1.729s] -- Up-to-date symlink: /ros2_ws/install/msgs_srvs/local/lib/python3.10/dist-packages/msgs_srvs/msg/_motor_state.py
[1.732s] -- Up-to-date symlink: /ros2_ws/install/msgs_srvs/local/lib/python3.10/dist-packages/msgs_srvs/msg/_motor_state_s.c
[1.732s] -- Up-to-date symlink: /ros2_ws/install/msgs_srvs/local/lib/python3.10/dist-packages/msgs_srvs/msg/_motors_state.py
[1.733s] -- Up-to-date symlink: /ros2_ws/install/msgs_srvs/local/lib/python3.10/dist-packages/msgs_srvs/msg/_motors_state_s.c
[1.733s] -- Up-to-date symlink: /ros2_ws/install/msgs_srvs/local/lib/python3.10/dist-packages/msgs_srvs/msg/_pwm_servo_state.py
[1.734s] -- Up-to-date symlink: /ros2_ws/install/msgs_srvs/local/lib/python3.10/dist-packages/msgs_srvs/msg/_pwm_servo_state_duration.py
[1.734s] -- Up-to-date symlink: /ros2_ws/install/msgs_srvs/local/lib/python3.10/dist-packages/msgs_srvs/msg/_pwm_servo_state_duration_s.c
[1.735s] -- Up-to-date symlink: /ros2_ws/install/msgs_srvs/local/lib/python3.10/dist-packages/msgs_srvs/msg/_pwm_servo_state_s.c
[1.735s] -- Up-to-date symlink: /ros2_ws/install/msgs_srvs/local/lib/python3.10/dist-packages/msgs_srvs/msg/_sbus.py
[1.735s] -- Up-to-date symlink: /ros2_ws/install/msgs_srvs/local/lib/python3.10/dist-packages/msgs_srvs/msg/_sbus_s.c
[1.736s] -- Up-to-date symlink: /ros2_ws/install/msgs_srvs/local/lib/python3.10/dist-packages/msgs_srvs/msgs_srvs_s__rosidl_typesupport_c.cpython-310-aarch64-linux-gnu.so
[1.736s] -- Up-to-date symlink: /ros2_ws/install/msgs_srvs/local/lib/python3.10/dist-packages/msgs_srvs/msgs_srvs_s__rosidl_typesupport_fastrtps_c.cpython-310-aarch64-linux-gnu.so
[1.737s] -- Up-to-date symlink: /ros2_ws/install/msgs_srvs/local/lib/python3.10/dist-packages/msgs_srvs/msgs_srvs_s__rosidl_typesupport_introspection_c.cpython-310-aarch64-linux-gnu.so
[1.737s] -- Up-to-date symlink: /ros2_ws/install/msgs_srvs/local/lib/python3.10/dist-packages/msgs_srvs/srv/__init__.py
[1.737s] -- Up-to-date symlink: /ros2_ws/install/msgs_srvs/local/lib/python3.10/dist-packages/msgs_srvs/srv/_pwm_servo_state.py
[1.738s] -- Up-to-date symlink: /ros2_ws/install/msgs_srvs/local/lib/python3.10/dist-packages/msgs_srvs/srv/_pwm_servo_state_s.c
[1.739s] -- Up-to-date symlink: /ros2_ws/install/msgs_srvs/local/lib/python3.10/dist-packages/msgs_srvs/msgs_srvs_s__rosidl_typesupport_fastrtps_c.cpython-310-aarch64-linux-gnu.so
[1.739s] -- Up-to-date symlink: /ros2_ws/install/msgs_srvs/local/lib/python3.10/dist-packages/msgs_srvs/msgs_srvs_s__rosidl_typesupport_introspection_c.cpython-310-aarch64-linux-gnu.so
[1.740s] -- Up-to-date symlink: /ros2_ws/install/msgs_srvs/local/lib/python3.10/dist-packages/msgs_srvs/msgs_srvs_s__rosidl_typesupport_c.cpython-310-aarch64-linux-gnu.so
[1.740s] -- Up-to-date symlink: /ros2_ws/install/msgs_srvs/share/msgs_srvs/msg/ButtonState.idl
[1.741s] -- Up-to-date symlink: /ros2_ws/install/msgs_srvs/share/msgs_srvs/msg/BuzzerState.idl
[1.741s] -- Up-to-date symlink: /ros2_ws/install/msgs_srvs/share/msgs_srvs/msg/LedState.idl
[1.742s] -- Up-to-date symlink: /ros2_ws/install/msgs_srvs/share/msgs_srvs/msg/MotorsState.idl
[1.742s] -- Up-to-date symlink: /ros2_ws/install/msgs_srvs/share/msgs_srvs/msg/MotorState.idl
[1.743s] -- Up-to-date symlink: /ros2_ws/install/msgs_srvs/share/msgs_srvs/msg/PWMServoState.idl
[1.743s] -- Up-to-date symlink: /ros2_ws/install/msgs_srvs/share/msgs_srvs/msg/PWMServoStateDuration.idl
[1.743s] -- Up-to-date symlink: /ros2_ws/install/msgs_srvs/share/msgs_srvs/msg/Sbus.idl
[1.744s] -- Up-to-date symlink: /ros2_ws/install/msgs_srvs/share/msgs_srvs/srv/PWMServoState.idl
[1.744s] -- Up-to-date symlink: /ros2_ws/install/msgs_srvs/share/msgs_srvs/msg/ButtonState.msg
[1.744s] -- Up-to-date symlink: /ros2_ws/install/msgs_srvs/share/msgs_srvs/msg/BuzzerState.msg
[1.744s] -- Up-to-date symlink: /ros2_ws/install/msgs_srvs/share/msgs_srvs/msg/LedState.msg
[1.744s] -- Up-to-date symlink: /ros2_ws/install/msgs_srvs/share/msgs_srvs/msg/MotorsState.msg
[1.745s] -- Up-to-date symlink: /ros2_ws/install/msgs_srvs/share/msgs_srvs/msg/MotorState.msg
[1.745s] -- Up-to-date symlink: /ros2_ws/install/msgs_srvs/share/msgs_srvs/msg/PWMServoState.msg
[1.745s] -- Up-to-date symlink: /ros2_ws/install/msgs_srvs/share/msgs_srvs/msg/PWMServoStateDuration.msg
[1.745s] -- Up-to-date symlink: /ros2_ws/install/msgs_srvs/share/msgs_srvs/msg/Sbus.msg
[1.745s] -- Up-to-date symlink: /ros2_ws/install/msgs_srvs/share/msgs_srvs/srv/PWMServoState.srv
[1.746s] -- Up-to-date symlink: /ros2_ws/install/msgs_srvs/share/msgs_srvs/srv/PWMServoState_Request.msg
[1.746s] -- Up-to-date symlink: /ros2_ws/install/msgs_srvs/share/msgs_srvs/srv/PWMServoState_Response.msg
[1.747s] -- Up-to-date symlink: /ros2_ws/install/msgs_srvs/share/ament_index/resource_index/package_run_dependencies/msgs_srvs
[1.747s] -- Up-to-date symlink: /ros2_ws/install/msgs_srvs/share/ament_index/resource_index/parent_prefix_path/msgs_srvs
[1.747s] -- Up-to-date symlink: /ros2_ws/install/msgs_srvs/share/msgs_srvs/environment/ament_prefix_path.sh
[1.748s] -- Up-to-date symlink: /ros2_ws/install/msgs_srvs/share/msgs_srvs/environment/ament_prefix_path.dsv
[1.748s] -- Up-to-date symlink: /ros2_ws/install/msgs_srvs/share/msgs_srvs/environment/path.sh
[1.749s] -- Up-to-date symlink: /ros2_ws/install/msgs_srvs/share/msgs_srvs/environment/path.dsv
[1.749s] -- Up-to-date symlink: /ros2_ws/install/msgs_srvs/share/msgs_srvs/local_setup.bash
[1.750s] -- Up-to-date symlink: /ros2_ws/install/msgs_srvs/share/msgs_srvs/local_setup.sh
[1.750s] -- Up-to-date symlink: /ros2_ws/install/msgs_srvs/share/msgs_srvs/local_setup.zsh
[1.751s] -- Up-to-date symlink: /ros2_ws/install/msgs_srvs/share/msgs_srvs/local_setup.dsv
[1.751s] -- Symlinking: /ros2_ws/install/msgs_srvs/share/msgs_srvs/package.dsv
[1.773s] -- Up-to-date symlink: /ros2_ws/install/msgs_srvs/share/ament_index/resource_index/packages/msgs_srvs
[1.773s] -- Up-to-date symlink: /ros2_ws/install/msgs_srvs/share/msgs_srvs/cmake/rosidl_cmake-extras.cmake
[1.774s] -- Up-to-date symlink: /ros2_ws/install/msgs_srvs/share/msgs_srvs/cmake/ament_cmake_export_dependencies-extras.cmake
[1.774s] -- Up-to-date symlink: /ros2_ws/install/msgs_srvs/share/msgs_srvs/cmake/ament_cmake_export_include_directories-extras.cmake
[1.774s] -- Up-to-date symlink: /ros2_ws/install/msgs_srvs/share/msgs_srvs/cmake/ament_cmake_export_libraries-extras.cmake
[1.775s] -- Up-to-date symlink: /ros2_ws/install/msgs_srvs/share/msgs_srvs/cmake/ament_cmake_export_targets-extras.cmake
[1.775s] -- Up-to-date symlink: /ros2_ws/install/msgs_srvs/share/msgs_srvs/cmake/rosidl_cmake_export_typesupport_targets-extras.cmake
[1.776s] -- Up-to-date symlink: /ros2_ws/install/msgs_srvs/share/msgs_srvs/cmake/rosidl_cmake_export_typesupport_libraries-extras.cmake
[1.776s] -- Up-to-date symlink: /ros2_ws/install/msgs_srvs/share/msgs_srvs/cmake/msgs_srvsConfig.cmake
[1.777s] -- Up-to-date symlink: /ros2_ws/install/msgs_srvs/share/msgs_srvs/cmake/msgs_srvsConfig-version.cmake
[1.777s] -- Up-to-date symlink: /ros2_ws/install/msgs_srvs/share/msgs_srvs/package.xml
[1.778s] -- Up-to-date: /ros2_ws/install/msgs_srvs/lib/libmsgs_srvs__rosidl_generator_c.so
[1.780s] -- Up-to-date: /ros2_ws/install/msgs_srvs/lib/libmsgs_srvs__rosidl_typesupport_fastrtps_c.so
[1.782s] -- Up-to-date: /ros2_ws/install/msgs_srvs/lib/libmsgs_srvs__rosidl_typesupport_fastrtps_cpp.so
[1.783s] -- Up-to-date: /ros2_ws/install/msgs_srvs/lib/libmsgs_srvs__rosidl_typesupport_introspection_c.so
[1.784s] -- Up-to-date: /ros2_ws/install/msgs_srvs/lib/libmsgs_srvs__rosidl_typesupport_c.so
[1.786s] -- Up-to-date: /ros2_ws/install/msgs_srvs/lib/libmsgs_srvs__rosidl_typesupport_introspection_cpp.so
[1.787s] -- Up-to-date: /ros2_ws/install/msgs_srvs/lib/libmsgs_srvs__rosidl_typesupport_cpp.so
[1.871s] Listing '/ros2_ws/install/msgs_srvs/local/lib/python3.10/dist-packages/msgs_srvs'...
[1.872s] Listing '/ros2_ws/install/msgs_srvs/local/lib/python3.10/dist-packages/msgs_srvs/msg'...
[1.872s] Listing '/ros2_ws/install/msgs_srvs/local/lib/python3.10/dist-packages/msgs_srvs/srv'...
[1.889s] -- Up-to-date: /ros2_ws/install/msgs_srvs/lib/libmsgs_srvs__rosidl_generator_py.so
[1.890s] -- Up-to-date: /ros2_ws/install/msgs_srvs/share/msgs_srvs/cmake/export_msgs_srvs__rosidl_generator_cExport.cmake
[1.890s] -- Up-to-date: /ros2_ws/install/msgs_srvs/share/msgs_srvs/cmake/export_msgs_srvs__rosidl_generator_cExport-noconfig.cmake
[1.891s] -- Up-to-date: /ros2_ws/install/msgs_srvs/share/msgs_srvs/cmake/export_msgs_srvs__rosidl_typesupport_fastrtps_cExport.cmake
[1.891s] -- Up-to-date: /ros2_ws/install/msgs_srvs/share/msgs_srvs/cmake/export_msgs_srvs__rosidl_typesupport_fastrtps_cExport-noconfig.cmake
[1.892s] -- Up-to-date: /ros2_ws/install/msgs_srvs/share/msgs_srvs/cmake/export_msgs_srvs__rosidl_generator_cppExport.cmake
[1.893s] -- Up-to-date: /ros2_ws/install/msgs_srvs/share/msgs_srvs/cmake/export_msgs_srvs__rosidl_typesupport_fastrtps_cppExport.cmake
[1.893s] -- Up-to-date: /ros2_ws/install/msgs_srvs/share/msgs_srvs/cmake/export_msgs_srvs__rosidl_typesupport_fastrtps_cppExport-noconfig.cmake
[1.894s] -- Up-to-date: /ros2_ws/install/msgs_srvs/share/msgs_srvs/cmake/msgs_srvs__rosidl_typesupport_introspection_cExport.cmake
[1.894s] -- Up-to-date: /ros2_ws/install/msgs_srvs/share/msgs_srvs/cmake/msgs_srvs__rosidl_typesupport_introspection_cExport-noconfig.cmake
[1.895s] -- Up-to-date: /ros2_ws/install/msgs_srvs/share/msgs_srvs/cmake/msgs_srvs__rosidl_typesupport_cExport.cmake
[1.895s] -- Up-to-date: /ros2_ws/install/msgs_srvs/share/msgs_srvs/cmake/msgs_srvs__rosidl_typesupport_cExport-noconfig.cmake
[1.896s] -- Up-to-date: /ros2_ws/install/msgs_srvs/share/msgs_srvs/cmake/msgs_srvs__rosidl_typesupport_introspection_cppExport.cmake
[1.896s] -- Up-to-date: /ros2_ws/install/msgs_srvs/share/msgs_srvs/cmake/msgs_srvs__rosidl_typesupport_introspection_cppExport-noconfig.cmake
[1.897s] -- Up-to-date: /ros2_ws/install/msgs_srvs/share/msgs_srvs/cmake/msgs_srvs__rosidl_typesupport_cppExport.cmake
[1.897s] -- Up-to-date: /ros2_ws/install/msgs_srvs/share/msgs_srvs/cmake/msgs_srvs__rosidl_typesupport_cppExport-noconfig.cmake
[1.897s] -- Up-to-date: /ros2_ws/install/msgs_srvs/share/msgs_srvs/cmake/export_msgs_srvs__rosidl_generator_pyExport.cmake
[1.898s] -- Up-to-date: /ros2_ws/install/msgs_srvs/share/msgs_srvs/cmake/export_msgs_srvs__rosidl_generator_pyExport-noconfig.cmake
[1.902s] Invoked command in '/ros2_ws/build/msgs_srvs' returned '0': CMAKE_PREFIX_PATH=/opt/ros/humble /usr/bin/cmake --install /ros2_ws/build/msgs_srvs
