[  1%] Built target msgs_srvs__cpp
[ 12%] Built target msgs_srvs__rosidl_generator_c
[ 12%] Built target ament_cmake_python_symlink_msgs_srvs
[ 24%] Built target msgs_srvs__rosidl_typesupport_cpp
[ 35%] Built target msgs_srvs__rosidl_typesupport_introspection_cpp
[ 47%] Built target msgs_srvs__rosidl_typesupport_fastrtps_c
[ 58%] Built target msgs_srvs__rosidl_typesupport_fastrtps_cpp
[ 70%] Built target msgs_srvs__rosidl_typesupport_introspection_c
[ 82%] Built target msgs_srvs__rosidl_typesupport_c
[ 82%] Built target msgs_srvs
[ 83%] Built target msgs_srvs__py
[ 93%] Built target msgs_srvs__rosidl_generator_py
[ 95%] Built target msgs_srvs__rosidl_typesupport_fastrtps_c__pyext
[ 97%] Built target msgs_srvs__rosidl_typesupport_introspection_c__pyext
[100%] Built target msgs_srvs__rosidl_typesupport_c__pyext
running egg_info
writing msgs_srvs.egg-info/PKG-INFO
writing dependency_links to msgs_srvs.egg-info/dependency_links.txt
writing top-level names to msgs_srvs.egg-info/top_level.txt
reading manifest file 'msgs_srvs.egg-info/SOURCES.txt'
writing manifest file 'msgs_srvs.egg-info/SOURCES.txt'
[100%] Built target ament_cmake_python_build_msgs_srvs_egg
-- Install configuration: ""
-- Execute custom install script
-- Up-to-date symlink: /ros2_ws/install/msgs_srvs/share/ament_index/resource_index/rosidl_interfaces/msgs_srvs
-- Up-to-date symlink: /ros2_ws/install/msgs_srvs/include/msgs_srvs/msgs_srvs/msg/button_state.h
-- Up-to-date symlink: /ros2_ws/install/msgs_srvs/include/msgs_srvs/msgs_srvs/msg/buzzer_state.h
-- Up-to-date symlink: /ros2_ws/install/msgs_srvs/include/msgs_srvs/msgs_srvs/msg/detail/button_state__functions.h
-- Up-to-date symlink: /ros2_ws/install/msgs_srvs/include/msgs_srvs/msgs_srvs/msg/detail/button_state__struct.h
-- Up-to-date symlink: /ros2_ws/install/msgs_srvs/include/msgs_srvs/msgs_srvs/msg/detail/button_state__type_support.h
-- Up-to-date symlink: /ros2_ws/install/msgs_srvs/include/msgs_srvs/msgs_srvs/msg/detail/buzzer_state__functions.h
-- Up-to-date symlink: /ros2_ws/install/msgs_srvs/include/msgs_srvs/msgs_srvs/msg/detail/buzzer_state__struct.h
-- Up-to-date symlink: /ros2_ws/install/msgs_srvs/include/msgs_srvs/msgs_srvs/msg/detail/buzzer_state__type_support.h
-- Up-to-date symlink: /ros2_ws/install/msgs_srvs/include/msgs_srvs/msgs_srvs/msg/detail/led_state__functions.h
-- Up-to-date symlink: /ros2_ws/install/msgs_srvs/include/msgs_srvs/msgs_srvs/msg/detail/led_state__struct.h
-- Up-to-date symlink: /ros2_ws/install/msgs_srvs/include/msgs_srvs/msgs_srvs/msg/detail/led_state__type_support.h
-- Up-to-date symlink: /ros2_ws/install/msgs_srvs/include/msgs_srvs/msgs_srvs/msg/detail/motor_state__functions.h
-- Up-to-date symlink: /ros2_ws/install/msgs_srvs/include/msgs_srvs/msgs_srvs/msg/detail/motor_state__struct.h
-- Up-to-date symlink: /ros2_ws/install/msgs_srvs/include/msgs_srvs/msgs_srvs/msg/detail/motor_state__type_support.h
-- Up-to-date symlink: /ros2_ws/install/msgs_srvs/include/msgs_srvs/msgs_srvs/msg/detail/motors_state__functions.h
-- Up-to-date symlink: /ros2_ws/install/msgs_srvs/include/msgs_srvs/msgs_srvs/msg/detail/motors_state__struct.h
-- Up-to-date symlink: /ros2_ws/install/msgs_srvs/include/msgs_srvs/msgs_srvs/msg/detail/motors_state__type_support.h
-- Up-to-date symlink: /ros2_ws/install/msgs_srvs/include/msgs_srvs/msgs_srvs/msg/detail/pwm_servo_state__functions.h
-- Up-to-date symlink: /ros2_ws/install/msgs_srvs/include/msgs_srvs/msgs_srvs/msg/detail/pwm_servo_state__struct.h
-- Up-to-date symlink: /ros2_ws/install/msgs_srvs/include/msgs_srvs/msgs_srvs/msg/detail/pwm_servo_state__type_support.h
-- Up-to-date symlink: /ros2_ws/install/msgs_srvs/include/msgs_srvs/msgs_srvs/msg/detail/pwm_servo_state_duration__functions.h
-- Up-to-date symlink: /ros2_ws/install/msgs_srvs/include/msgs_srvs/msgs_srvs/msg/detail/pwm_servo_state_duration__struct.h
-- Up-to-date symlink: /ros2_ws/install/msgs_srvs/include/msgs_srvs/msgs_srvs/msg/detail/pwm_servo_state_duration__type_support.h
-- Up-to-date symlink: /ros2_ws/install/msgs_srvs/include/msgs_srvs/msgs_srvs/msg/detail/sbus__functions.h
-- Up-to-date symlink: /ros2_ws/install/msgs_srvs/include/msgs_srvs/msgs_srvs/msg/detail/sbus__struct.h
-- Up-to-date symlink: /ros2_ws/install/msgs_srvs/include/msgs_srvs/msgs_srvs/msg/detail/sbus__type_support.h
-- Up-to-date symlink: /ros2_ws/install/msgs_srvs/include/msgs_srvs/msgs_srvs/msg/led_state.h
-- Up-to-date symlink: /ros2_ws/install/msgs_srvs/include/msgs_srvs/msgs_srvs/msg/motor_state.h
-- Up-to-date symlink: /ros2_ws/install/msgs_srvs/include/msgs_srvs/msgs_srvs/msg/motors_state.h
-- Up-to-date symlink: /ros2_ws/install/msgs_srvs/include/msgs_srvs/msgs_srvs/msg/pwm_servo_state.h
-- Up-to-date symlink: /ros2_ws/install/msgs_srvs/include/msgs_srvs/msgs_srvs/msg/pwm_servo_state_duration.h
-- Up-to-date symlink: /ros2_ws/install/msgs_srvs/include/msgs_srvs/msgs_srvs/msg/rosidl_generator_c__visibility_control.h
-- Up-to-date symlink: /ros2_ws/install/msgs_srvs/include/msgs_srvs/msgs_srvs/msg/sbus.h
-- Up-to-date symlink: /ros2_ws/install/msgs_srvs/include/msgs_srvs/msgs_srvs/srv/detail/pwm_servo_state__functions.h
-- Up-to-date symlink: /ros2_ws/install/msgs_srvs/include/msgs_srvs/msgs_srvs/srv/detail/pwm_servo_state__struct.h
-- Up-to-date symlink: /ros2_ws/install/msgs_srvs/include/msgs_srvs/msgs_srvs/srv/detail/pwm_servo_state__type_support.h
-- Up-to-date symlink: /ros2_ws/install/msgs_srvs/include/msgs_srvs/msgs_srvs/srv/pwm_servo_state.h
-- Up-to-date symlink: /ros2_ws/install/msgs_srvs/share/msgs_srvs/environment/library_path.sh
-- Up-to-date symlink: /ros2_ws/install/msgs_srvs/share/msgs_srvs/environment/library_path.dsv
-- Up-to-date symlink: /ros2_ws/install/msgs_srvs/include/msgs_srvs/msgs_srvs/msg/detail/button_state__rosidl_typesupport_fastrtps_c.h
-- Up-to-date symlink: /ros2_ws/install/msgs_srvs/include/msgs_srvs/msgs_srvs/msg/detail/buzzer_state__rosidl_typesupport_fastrtps_c.h
-- Up-to-date symlink: /ros2_ws/install/msgs_srvs/include/msgs_srvs/msgs_srvs/msg/detail/led_state__rosidl_typesupport_fastrtps_c.h
-- Up-to-date symlink: /ros2_ws/install/msgs_srvs/include/msgs_srvs/msgs_srvs/msg/detail/motor_state__rosidl_typesupport_fastrtps_c.h
-- Up-to-date symlink: /ros2_ws/install/msgs_srvs/include/msgs_srvs/msgs_srvs/msg/detail/motors_state__rosidl_typesupport_fastrtps_c.h
-- Up-to-date symlink: /ros2_ws/install/msgs_srvs/include/msgs_srvs/msgs_srvs/msg/detail/pwm_servo_state__rosidl_typesupport_fastrtps_c.h
-- Up-to-date symlink: /ros2_ws/install/msgs_srvs/include/msgs_srvs/msgs_srvs/msg/detail/pwm_servo_state_duration__rosidl_typesupport_fastrtps_c.h
-- Up-to-date symlink: /ros2_ws/install/msgs_srvs/include/msgs_srvs/msgs_srvs/msg/detail/sbus__rosidl_typesupport_fastrtps_c.h
-- Up-to-date symlink: /ros2_ws/install/msgs_srvs/include/msgs_srvs/msgs_srvs/msg/rosidl_typesupport_fastrtps_c__visibility_control.h
-- Up-to-date symlink: /ros2_ws/install/msgs_srvs/include/msgs_srvs/msgs_srvs/srv/detail/pwm_servo_state__rosidl_typesupport_fastrtps_c.h
-- Up-to-date symlink: /ros2_ws/install/msgs_srvs/include/msgs_srvs/msgs_srvs/msg/button_state.hpp
-- Up-to-date symlink: /ros2_ws/install/msgs_srvs/include/msgs_srvs/msgs_srvs/msg/buzzer_state.hpp
-- Up-to-date symlink: /ros2_ws/install/msgs_srvs/include/msgs_srvs/msgs_srvs/msg/detail/button_state__builder.hpp
-- Up-to-date symlink: /ros2_ws/install/msgs_srvs/include/msgs_srvs/msgs_srvs/msg/detail/button_state__struct.hpp
-- Up-to-date symlink: /ros2_ws/install/msgs_srvs/include/msgs_srvs/msgs_srvs/msg/detail/button_state__traits.hpp
-- Up-to-date symlink: /ros2_ws/install/msgs_srvs/include/msgs_srvs/msgs_srvs/msg/detail/button_state__type_support.hpp
-- Up-to-date symlink: /ros2_ws/install/msgs_srvs/include/msgs_srvs/msgs_srvs/msg/detail/buzzer_state__builder.hpp
-- Up-to-date symlink: /ros2_ws/install/msgs_srvs/include/msgs_srvs/msgs_srvs/msg/detail/buzzer_state__struct.hpp
-- Up-to-date symlink: /ros2_ws/install/msgs_srvs/include/msgs_srvs/msgs_srvs/msg/detail/buzzer_state__traits.hpp
-- Up-to-date symlink: /ros2_ws/install/msgs_srvs/include/msgs_srvs/msgs_srvs/msg/detail/buzzer_state__type_support.hpp
-- Up-to-date symlink: /ros2_ws/install/msgs_srvs/include/msgs_srvs/msgs_srvs/msg/detail/led_state__builder.hpp
-- Up-to-date symlink: /ros2_ws/install/msgs_srvs/include/msgs_srvs/msgs_srvs/msg/detail/led_state__struct.hpp
-- Up-to-date symlink: /ros2_ws/install/msgs_srvs/include/msgs_srvs/msgs_srvs/msg/detail/led_state__traits.hpp
-- Up-to-date symlink: /ros2_ws/install/msgs_srvs/include/msgs_srvs/msgs_srvs/msg/detail/led_state__type_support.hpp
-- Up-to-date symlink: /ros2_ws/install/msgs_srvs/include/msgs_srvs/msgs_srvs/msg/detail/motor_state__builder.hpp
-- Up-to-date symlink: /ros2_ws/install/msgs_srvs/include/msgs_srvs/msgs_srvs/msg/detail/motor_state__struct.hpp
-- Up-to-date symlink: /ros2_ws/install/msgs_srvs/include/msgs_srvs/msgs_srvs/msg/detail/motor_state__traits.hpp
-- Up-to-date symlink: /ros2_ws/install/msgs_srvs/include/msgs_srvs/msgs_srvs/msg/detail/motor_state__type_support.hpp
-- Up-to-date symlink: /ros2_ws/install/msgs_srvs/include/msgs_srvs/msgs_srvs/msg/detail/motors_state__builder.hpp
-- Up-to-date symlink: /ros2_ws/install/msgs_srvs/include/msgs_srvs/msgs_srvs/msg/detail/motors_state__struct.hpp
-- Up-to-date symlink: /ros2_ws/install/msgs_srvs/include/msgs_srvs/msgs_srvs/msg/detail/motors_state__traits.hpp
-- Up-to-date symlink: /ros2_ws/install/msgs_srvs/include/msgs_srvs/msgs_srvs/msg/detail/motors_state__type_support.hpp
-- Up-to-date symlink: /ros2_ws/install/msgs_srvs/include/msgs_srvs/msgs_srvs/msg/detail/pwm_servo_state__builder.hpp
-- Up-to-date symlink: /ros2_ws/install/msgs_srvs/include/msgs_srvs/msgs_srvs/msg/detail/pwm_servo_state__struct.hpp
-- Up-to-date symlink: /ros2_ws/install/msgs_srvs/include/msgs_srvs/msgs_srvs/msg/detail/pwm_servo_state__traits.hpp
-- Up-to-date symlink: /ros2_ws/install/msgs_srvs/include/msgs_srvs/msgs_srvs/msg/detail/pwm_servo_state__type_support.hpp
-- Up-to-date symlink: /ros2_ws/install/msgs_srvs/include/msgs_srvs/msgs_srvs/msg/detail/pwm_servo_state_duration__builder.hpp
-- Up-to-date symlink: /ros2_ws/install/msgs_srvs/include/msgs_srvs/msgs_srvs/msg/detail/pwm_servo_state_duration__struct.hpp
-- Up-to-date symlink: /ros2_ws/install/msgs_srvs/include/msgs_srvs/msgs_srvs/msg/detail/pwm_servo_state_duration__traits.hpp
-- Up-to-date symlink: /ros2_ws/install/msgs_srvs/include/msgs_srvs/msgs_srvs/msg/detail/pwm_servo_state_duration__type_support.hpp
-- Up-to-date symlink: /ros2_ws/install/msgs_srvs/include/msgs_srvs/msgs_srvs/msg/detail/sbus__builder.hpp
-- Up-to-date symlink: /ros2_ws/install/msgs_srvs/include/msgs_srvs/msgs_srvs/msg/detail/sbus__struct.hpp
-- Up-to-date symlink: /ros2_ws/install/msgs_srvs/include/msgs_srvs/msgs_srvs/msg/detail/sbus__traits.hpp
-- Up-to-date symlink: /ros2_ws/install/msgs_srvs/include/msgs_srvs/msgs_srvs/msg/detail/sbus__type_support.hpp
-- Up-to-date symlink: /ros2_ws/install/msgs_srvs/include/msgs_srvs/msgs_srvs/msg/led_state.hpp
-- Up-to-date symlink: /ros2_ws/install/msgs_srvs/include/msgs_srvs/msgs_srvs/msg/motor_state.hpp
-- Up-to-date symlink: /ros2_ws/install/msgs_srvs/include/msgs_srvs/msgs_srvs/msg/motors_state.hpp
-- Up-to-date symlink: /ros2_ws/install/msgs_srvs/include/msgs_srvs/msgs_srvs/msg/pwm_servo_state.hpp
-- Up-to-date symlink: /ros2_ws/install/msgs_srvs/include/msgs_srvs/msgs_srvs/msg/pwm_servo_state_duration.hpp
-- Up-to-date symlink: /ros2_ws/install/msgs_srvs/include/msgs_srvs/msgs_srvs/msg/rosidl_generator_cpp__visibility_control.hpp
-- Up-to-date symlink: /ros2_ws/install/msgs_srvs/include/msgs_srvs/msgs_srvs/msg/sbus.hpp
-- Up-to-date symlink: /ros2_ws/install/msgs_srvs/include/msgs_srvs/msgs_srvs/srv/detail/pwm_servo_state__builder.hpp
-- Up-to-date symlink: /ros2_ws/install/msgs_srvs/include/msgs_srvs/msgs_srvs/srv/detail/pwm_servo_state__struct.hpp
-- Up-to-date symlink: /ros2_ws/install/msgs_srvs/include/msgs_srvs/msgs_srvs/srv/detail/pwm_servo_state__traits.hpp
-- Up-to-date symlink: /ros2_ws/install/msgs_srvs/include/msgs_srvs/msgs_srvs/srv/detail/pwm_servo_state__type_support.hpp
-- Up-to-date symlink: /ros2_ws/install/msgs_srvs/include/msgs_srvs/msgs_srvs/srv/pwm_servo_state.hpp
-- Up-to-date symlink: /ros2_ws/install/msgs_srvs/include/msgs_srvs/msgs_srvs/msg/detail/button_state__rosidl_typesupport_fastrtps_cpp.hpp
-- Up-to-date symlink: /ros2_ws/install/msgs_srvs/include/msgs_srvs/msgs_srvs/msg/detail/buzzer_state__rosidl_typesupport_fastrtps_cpp.hpp
-- Up-to-date symlink: /ros2_ws/install/msgs_srvs/include/msgs_srvs/msgs_srvs/msg/detail/led_state__rosidl_typesupport_fastrtps_cpp.hpp
-- Up-to-date symlink: /ros2_ws/install/msgs_srvs/include/msgs_srvs/msgs_srvs/msg/detail/motor_state__rosidl_typesupport_fastrtps_cpp.hpp
-- Up-to-date symlink: /ros2_ws/install/msgs_srvs/include/msgs_srvs/msgs_srvs/msg/detail/motors_state__rosidl_typesupport_fastrtps_cpp.hpp
-- Up-to-date symlink: /ros2_ws/install/msgs_srvs/include/msgs_srvs/msgs_srvs/msg/detail/pwm_servo_state__rosidl_typesupport_fastrtps_cpp.hpp
-- Up-to-date symlink: /ros2_ws/install/msgs_srvs/include/msgs_srvs/msgs_srvs/msg/detail/pwm_servo_state_duration__rosidl_typesupport_fastrtps_cpp.hpp
-- Up-to-date symlink: /ros2_ws/install/msgs_srvs/include/msgs_srvs/msgs_srvs/msg/detail/sbus__rosidl_typesupport_fastrtps_cpp.hpp
-- Up-to-date symlink: /ros2_ws/install/msgs_srvs/include/msgs_srvs/msgs_srvs/msg/rosidl_typesupport_fastrtps_cpp__visibility_control.h
-- Up-to-date symlink: /ros2_ws/install/msgs_srvs/include/msgs_srvs/msgs_srvs/srv/detail/pwm_servo_state__rosidl_typesupport_fastrtps_cpp.hpp
-- Up-to-date symlink: /ros2_ws/install/msgs_srvs/include/msgs_srvs/msgs_srvs/msg/detail/button_state__rosidl_typesupport_introspection_c.h
-- Up-to-date symlink: /ros2_ws/install/msgs_srvs/include/msgs_srvs/msgs_srvs/msg/detail/buzzer_state__rosidl_typesupport_introspection_c.h
-- Up-to-date symlink: /ros2_ws/install/msgs_srvs/include/msgs_srvs/msgs_srvs/msg/detail/led_state__rosidl_typesupport_introspection_c.h
-- Up-to-date symlink: /ros2_ws/install/msgs_srvs/include/msgs_srvs/msgs_srvs/msg/detail/motor_state__rosidl_typesupport_introspection_c.h
-- Up-to-date symlink: /ros2_ws/install/msgs_srvs/include/msgs_srvs/msgs_srvs/msg/detail/motors_state__rosidl_typesupport_introspection_c.h
-- Up-to-date symlink: /ros2_ws/install/msgs_srvs/include/msgs_srvs/msgs_srvs/msg/detail/pwm_servo_state__rosidl_typesupport_introspection_c.h
-- Up-to-date symlink: /ros2_ws/install/msgs_srvs/include/msgs_srvs/msgs_srvs/msg/detail/pwm_servo_state_duration__rosidl_typesupport_introspection_c.h
-- Up-to-date symlink: /ros2_ws/install/msgs_srvs/include/msgs_srvs/msgs_srvs/msg/detail/sbus__rosidl_typesupport_introspection_c.h
-- Up-to-date symlink: /ros2_ws/install/msgs_srvs/include/msgs_srvs/msgs_srvs/msg/rosidl_typesupport_introspection_c__visibility_control.h
-- Up-to-date symlink: /ros2_ws/install/msgs_srvs/include/msgs_srvs/msgs_srvs/srv/detail/pwm_servo_state__rosidl_typesupport_introspection_c.h
-- Up-to-date symlink: /ros2_ws/install/msgs_srvs/include/msgs_srvs/msgs_srvs/msg/detail/button_state__rosidl_typesupport_introspection_cpp.hpp
-- Up-to-date symlink: /ros2_ws/install/msgs_srvs/include/msgs_srvs/msgs_srvs/msg/detail/buzzer_state__rosidl_typesupport_introspection_cpp.hpp
-- Up-to-date symlink: /ros2_ws/install/msgs_srvs/include/msgs_srvs/msgs_srvs/msg/detail/led_state__rosidl_typesupport_introspection_cpp.hpp
-- Up-to-date symlink: /ros2_ws/install/msgs_srvs/include/msgs_srvs/msgs_srvs/msg/detail/motor_state__rosidl_typesupport_introspection_cpp.hpp
-- Up-to-date symlink: /ros2_ws/install/msgs_srvs/include/msgs_srvs/msgs_srvs/msg/detail/motors_state__rosidl_typesupport_introspection_cpp.hpp
-- Up-to-date symlink: /ros2_ws/install/msgs_srvs/include/msgs_srvs/msgs_srvs/msg/detail/pwm_servo_state__rosidl_typesupport_introspection_cpp.hpp
-- Up-to-date symlink: /ros2_ws/install/msgs_srvs/include/msgs_srvs/msgs_srvs/msg/detail/pwm_servo_state_duration__rosidl_typesupport_introspection_cpp.hpp
-- Up-to-date symlink: /ros2_ws/install/msgs_srvs/include/msgs_srvs/msgs_srvs/msg/detail/sbus__rosidl_typesupport_introspection_cpp.hpp
-- Up-to-date symlink: /ros2_ws/install/msgs_srvs/include/msgs_srvs/msgs_srvs/srv/detail/pwm_servo_state__rosidl_typesupport_introspection_cpp.hpp
-- Up-to-date symlink: /ros2_ws/install/msgs_srvs/share/msgs_srvs/environment/pythonpath.sh
-- Up-to-date symlink: /ros2_ws/install/msgs_srvs/share/msgs_srvs/environment/pythonpath.dsv
-- Up-to-date symlink: /ros2_ws/install/msgs_srvs/local/lib/python3.10/dist-packages/msgs_srvs-0.0.0-py3.10.egg-info/PKG-INFO
-- Up-to-date symlink: /ros2_ws/install/msgs_srvs/local/lib/python3.10/dist-packages/msgs_srvs-0.0.0-py3.10.egg-info/SOURCES.txt
-- Up-to-date symlink: /ros2_ws/install/msgs_srvs/local/lib/python3.10/dist-packages/msgs_srvs-0.0.0-py3.10.egg-info/dependency_links.txt
-- Up-to-date symlink: /ros2_ws/install/msgs_srvs/local/lib/python3.10/dist-packages/msgs_srvs-0.0.0-py3.10.egg-info/top_level.txt
-- Up-to-date symlink: /ros2_ws/install/msgs_srvs/local/lib/python3.10/dist-packages/msgs_srvs/__init__.py
-- Up-to-date symlink: /ros2_ws/install/msgs_srvs/local/lib/python3.10/dist-packages/msgs_srvs/_msgs_srvs_s.ep.rosidl_typesupport_c.c
-- Up-to-date symlink: /ros2_ws/install/msgs_srvs/local/lib/python3.10/dist-packages/msgs_srvs/_msgs_srvs_s.ep.rosidl_typesupport_fastrtps_c.c
-- Up-to-date symlink: /ros2_ws/install/msgs_srvs/local/lib/python3.10/dist-packages/msgs_srvs/_msgs_srvs_s.ep.rosidl_typesupport_introspection_c.c
-- Up-to-date symlink: /ros2_ws/install/msgs_srvs/local/lib/python3.10/dist-packages/msgs_srvs/libmsgs_srvs__rosidl_generator_py.so
-- Up-to-date symlink: /ros2_ws/install/msgs_srvs/local/lib/python3.10/dist-packages/msgs_srvs/msg/__init__.py
-- Up-to-date symlink: /ros2_ws/install/msgs_srvs/local/lib/python3.10/dist-packages/msgs_srvs/msg/_button_state.py
-- Up-to-date symlink: /ros2_ws/install/msgs_srvs/local/lib/python3.10/dist-packages/msgs_srvs/msg/_button_state_s.c
-- Up-to-date symlink: /ros2_ws/install/msgs_srvs/local/lib/python3.10/dist-packages/msgs_srvs/msg/_buzzer_state.py
-- Up-to-date symlink: /ros2_ws/install/msgs_srvs/local/lib/python3.10/dist-packages/msgs_srvs/msg/_buzzer_state_s.c
-- Up-to-date symlink: /ros2_ws/install/msgs_srvs/local/lib/python3.10/dist-packages/msgs_srvs/msg/_led_state.py
-- Up-to-date symlink: /ros2_ws/install/msgs_srvs/local/lib/python3.10/dist-packages/msgs_srvs/msg/_led_state_s.c
-- Up-to-date symlink: /ros2_ws/install/msgs_srvs/local/lib/python3.10/dist-packages/msgs_srvs/msg/_motor_state.py
-- Up-to-date symlink: /ros2_ws/install/msgs_srvs/local/lib/python3.10/dist-packages/msgs_srvs/msg/_motor_state_s.c
-- Up-to-date symlink: /ros2_ws/install/msgs_srvs/local/lib/python3.10/dist-packages/msgs_srvs/msg/_motors_state.py
-- Up-to-date symlink: /ros2_ws/install/msgs_srvs/local/lib/python3.10/dist-packages/msgs_srvs/msg/_motors_state_s.c
-- Up-to-date symlink: /ros2_ws/install/msgs_srvs/local/lib/python3.10/dist-packages/msgs_srvs/msg/_pwm_servo_state.py
-- Up-to-date symlink: /ros2_ws/install/msgs_srvs/local/lib/python3.10/dist-packages/msgs_srvs/msg/_pwm_servo_state_duration.py
-- Up-to-date symlink: /ros2_ws/install/msgs_srvs/local/lib/python3.10/dist-packages/msgs_srvs/msg/_pwm_servo_state_duration_s.c
-- Up-to-date symlink: /ros2_ws/install/msgs_srvs/local/lib/python3.10/dist-packages/msgs_srvs/msg/_pwm_servo_state_s.c
-- Up-to-date symlink: /ros2_ws/install/msgs_srvs/local/lib/python3.10/dist-packages/msgs_srvs/msg/_sbus.py
-- Up-to-date symlink: /ros2_ws/install/msgs_srvs/local/lib/python3.10/dist-packages/msgs_srvs/msg/_sbus_s.c
-- Up-to-date symlink: /ros2_ws/install/msgs_srvs/local/lib/python3.10/dist-packages/msgs_srvs/msgs_srvs_s__rosidl_typesupport_c.cpython-310-aarch64-linux-gnu.so
-- Up-to-date symlink: /ros2_ws/install/msgs_srvs/local/lib/python3.10/dist-packages/msgs_srvs/msgs_srvs_s__rosidl_typesupport_fastrtps_c.cpython-310-aarch64-linux-gnu.so
-- Up-to-date symlink: /ros2_ws/install/msgs_srvs/local/lib/python3.10/dist-packages/msgs_srvs/msgs_srvs_s__rosidl_typesupport_introspection_c.cpython-310-aarch64-linux-gnu.so
-- Up-to-date symlink: /ros2_ws/install/msgs_srvs/local/lib/python3.10/dist-packages/msgs_srvs/srv/__init__.py
-- Up-to-date symlink: /ros2_ws/install/msgs_srvs/local/lib/python3.10/dist-packages/msgs_srvs/srv/_pwm_servo_state.py
-- Up-to-date symlink: /ros2_ws/install/msgs_srvs/local/lib/python3.10/dist-packages/msgs_srvs/srv/_pwm_servo_state_s.c
-- Up-to-date symlink: /ros2_ws/install/msgs_srvs/local/lib/python3.10/dist-packages/msgs_srvs/msgs_srvs_s__rosidl_typesupport_fastrtps_c.cpython-310-aarch64-linux-gnu.so
-- Up-to-date symlink: /ros2_ws/install/msgs_srvs/local/lib/python3.10/dist-packages/msgs_srvs/msgs_srvs_s__rosidl_typesupport_introspection_c.cpython-310-aarch64-linux-gnu.so
-- Up-to-date symlink: /ros2_ws/install/msgs_srvs/local/lib/python3.10/dist-packages/msgs_srvs/msgs_srvs_s__rosidl_typesupport_c.cpython-310-aarch64-linux-gnu.so
-- Up-to-date symlink: /ros2_ws/install/msgs_srvs/share/msgs_srvs/msg/ButtonState.idl
-- Up-to-date symlink: /ros2_ws/install/msgs_srvs/share/msgs_srvs/msg/BuzzerState.idl
-- Up-to-date symlink: /ros2_ws/install/msgs_srvs/share/msgs_srvs/msg/LedState.idl
-- Up-to-date symlink: /ros2_ws/install/msgs_srvs/share/msgs_srvs/msg/MotorsState.idl
-- Up-to-date symlink: /ros2_ws/install/msgs_srvs/share/msgs_srvs/msg/MotorState.idl
-- Up-to-date symlink: /ros2_ws/install/msgs_srvs/share/msgs_srvs/msg/PWMServoState.idl
-- Up-to-date symlink: /ros2_ws/install/msgs_srvs/share/msgs_srvs/msg/PWMServoStateDuration.idl
-- Up-to-date symlink: /ros2_ws/install/msgs_srvs/share/msgs_srvs/msg/Sbus.idl
-- Up-to-date symlink: /ros2_ws/install/msgs_srvs/share/msgs_srvs/srv/PWMServoState.idl
-- Up-to-date symlink: /ros2_ws/install/msgs_srvs/share/msgs_srvs/msg/ButtonState.msg
-- Up-to-date symlink: /ros2_ws/install/msgs_srvs/share/msgs_srvs/msg/BuzzerState.msg
-- Up-to-date symlink: /ros2_ws/install/msgs_srvs/share/msgs_srvs/msg/LedState.msg
-- Up-to-date symlink: /ros2_ws/install/msgs_srvs/share/msgs_srvs/msg/MotorsState.msg
-- Up-to-date symlink: /ros2_ws/install/msgs_srvs/share/msgs_srvs/msg/MotorState.msg
-- Up-to-date symlink: /ros2_ws/install/msgs_srvs/share/msgs_srvs/msg/PWMServoState.msg
-- Up-to-date symlink: /ros2_ws/install/msgs_srvs/share/msgs_srvs/msg/PWMServoStateDuration.msg
-- Up-to-date symlink: /ros2_ws/install/msgs_srvs/share/msgs_srvs/msg/Sbus.msg
-- Up-to-date symlink: /ros2_ws/install/msgs_srvs/share/msgs_srvs/srv/PWMServoState.srv
-- Up-to-date symlink: /ros2_ws/install/msgs_srvs/share/msgs_srvs/srv/PWMServoState_Request.msg
-- Up-to-date symlink: /ros2_ws/install/msgs_srvs/share/msgs_srvs/srv/PWMServoState_Response.msg
-- Up-to-date symlink: /ros2_ws/install/msgs_srvs/share/ament_index/resource_index/package_run_dependencies/msgs_srvs
-- Up-to-date symlink: /ros2_ws/install/msgs_srvs/share/ament_index/resource_index/parent_prefix_path/msgs_srvs
-- Up-to-date symlink: /ros2_ws/install/msgs_srvs/share/msgs_srvs/environment/ament_prefix_path.sh
-- Up-to-date symlink: /ros2_ws/install/msgs_srvs/share/msgs_srvs/environment/ament_prefix_path.dsv
-- Up-to-date symlink: /ros2_ws/install/msgs_srvs/share/msgs_srvs/environment/path.sh
-- Up-to-date symlink: /ros2_ws/install/msgs_srvs/share/msgs_srvs/environment/path.dsv
-- Up-to-date symlink: /ros2_ws/install/msgs_srvs/share/msgs_srvs/local_setup.bash
-- Up-to-date symlink: /ros2_ws/install/msgs_srvs/share/msgs_srvs/local_setup.sh
-- Up-to-date symlink: /ros2_ws/install/msgs_srvs/share/msgs_srvs/local_setup.zsh
-- Up-to-date symlink: /ros2_ws/install/msgs_srvs/share/msgs_srvs/local_setup.dsv
-- Symlinking: /ros2_ws/install/msgs_srvs/share/msgs_srvs/package.dsv
-- Up-to-date symlink: /ros2_ws/install/msgs_srvs/share/ament_index/resource_index/packages/msgs_srvs
-- Up-to-date symlink: /ros2_ws/install/msgs_srvs/share/msgs_srvs/cmake/rosidl_cmake-extras.cmake
-- Up-to-date symlink: /ros2_ws/install/msgs_srvs/share/msgs_srvs/cmake/ament_cmake_export_dependencies-extras.cmake
-- Up-to-date symlink: /ros2_ws/install/msgs_srvs/share/msgs_srvs/cmake/ament_cmake_export_include_directories-extras.cmake
-- Up-to-date symlink: /ros2_ws/install/msgs_srvs/share/msgs_srvs/cmake/ament_cmake_export_libraries-extras.cmake
-- Up-to-date symlink: /ros2_ws/install/msgs_srvs/share/msgs_srvs/cmake/ament_cmake_export_targets-extras.cmake
-- Up-to-date symlink: /ros2_ws/install/msgs_srvs/share/msgs_srvs/cmake/rosidl_cmake_export_typesupport_targets-extras.cmake
-- Up-to-date symlink: /ros2_ws/install/msgs_srvs/share/msgs_srvs/cmake/rosidl_cmake_export_typesupport_libraries-extras.cmake
-- Up-to-date symlink: /ros2_ws/install/msgs_srvs/share/msgs_srvs/cmake/msgs_srvsConfig.cmake
-- Up-to-date symlink: /ros2_ws/install/msgs_srvs/share/msgs_srvs/cmake/msgs_srvsConfig-version.cmake
-- Up-to-date symlink: /ros2_ws/install/msgs_srvs/share/msgs_srvs/package.xml
-- Up-to-date: /ros2_ws/install/msgs_srvs/lib/libmsgs_srvs__rosidl_generator_c.so
-- Up-to-date: /ros2_ws/install/msgs_srvs/lib/libmsgs_srvs__rosidl_typesupport_fastrtps_c.so
-- Up-to-date: /ros2_ws/install/msgs_srvs/lib/libmsgs_srvs__rosidl_typesupport_fastrtps_cpp.so
-- Up-to-date: /ros2_ws/install/msgs_srvs/lib/libmsgs_srvs__rosidl_typesupport_introspection_c.so
-- Up-to-date: /ros2_ws/install/msgs_srvs/lib/libmsgs_srvs__rosidl_typesupport_c.so
-- Up-to-date: /ros2_ws/install/msgs_srvs/lib/libmsgs_srvs__rosidl_typesupport_introspection_cpp.so
-- Up-to-date: /ros2_ws/install/msgs_srvs/lib/libmsgs_srvs__rosidl_typesupport_cpp.so
Listing '/ros2_ws/install/msgs_srvs/local/lib/python3.10/dist-packages/msgs_srvs'...
Listing '/ros2_ws/install/msgs_srvs/local/lib/python3.10/dist-packages/msgs_srvs/msg'...
Listing '/ros2_ws/install/msgs_srvs/local/lib/python3.10/dist-packages/msgs_srvs/srv'...
-- Up-to-date: /ros2_ws/install/msgs_srvs/lib/libmsgs_srvs__rosidl_generator_py.so
-- Up-to-date: /ros2_ws/install/msgs_srvs/share/msgs_srvs/cmake/export_msgs_srvs__rosidl_generator_cExport.cmake
-- Up-to-date: /ros2_ws/install/msgs_srvs/share/msgs_srvs/cmake/export_msgs_srvs__rosidl_generator_cExport-noconfig.cmake
-- Up-to-date: /ros2_ws/install/msgs_srvs/share/msgs_srvs/cmake/export_msgs_srvs__rosidl_typesupport_fastrtps_cExport.cmake
-- Up-to-date: /ros2_ws/install/msgs_srvs/share/msgs_srvs/cmake/export_msgs_srvs__rosidl_typesupport_fastrtps_cExport-noconfig.cmake
-- Up-to-date: /ros2_ws/install/msgs_srvs/share/msgs_srvs/cmake/export_msgs_srvs__rosidl_generator_cppExport.cmake
-- Up-to-date: /ros2_ws/install/msgs_srvs/share/msgs_srvs/cmake/export_msgs_srvs__rosidl_typesupport_fastrtps_cppExport.cmake
-- Up-to-date: /ros2_ws/install/msgs_srvs/share/msgs_srvs/cmake/export_msgs_srvs__rosidl_typesupport_fastrtps_cppExport-noconfig.cmake
-- Up-to-date: /ros2_ws/install/msgs_srvs/share/msgs_srvs/cmake/msgs_srvs__rosidl_typesupport_introspection_cExport.cmake
-- Up-to-date: /ros2_ws/install/msgs_srvs/share/msgs_srvs/cmake/msgs_srvs__rosidl_typesupport_introspection_cExport-noconfig.cmake
-- Up-to-date: /ros2_ws/install/msgs_srvs/share/msgs_srvs/cmake/msgs_srvs__rosidl_typesupport_cExport.cmake
-- Up-to-date: /ros2_ws/install/msgs_srvs/share/msgs_srvs/cmake/msgs_srvs__rosidl_typesupport_cExport-noconfig.cmake
-- Up-to-date: /ros2_ws/install/msgs_srvs/share/msgs_srvs/cmake/msgs_srvs__rosidl_typesupport_introspection_cppExport.cmake
-- Up-to-date: /ros2_ws/install/msgs_srvs/share/msgs_srvs/cmake/msgs_srvs__rosidl_typesupport_introspection_cppExport-noconfig.cmake
-- Up-to-date: /ros2_ws/install/msgs_srvs/share/msgs_srvs/cmake/msgs_srvs__rosidl_typesupport_cppExport.cmake
-- Up-to-date: /ros2_ws/install/msgs_srvs/share/msgs_srvs/cmake/msgs_srvs__rosidl_typesupport_cppExport-noconfig.cmake
-- Up-to-date: /ros2_ws/install/msgs_srvs/share/msgs_srvs/cmake/export_msgs_srvs__rosidl_generator_pyExport.cmake
-- Up-to-date: /ros2_ws/install/msgs_srvs/share/msgs_srvs/cmake/export_msgs_srvs__rosidl_generator_pyExport-noconfig.cmake
