[33mCMake Warning (dev) at CMakeLists.txt:15:
  Syntax Warning in cmake code at column 25

  Argument not separated from preceding token by whitespace.
This warning is for project developers.  Use -Wno-dev to suppress it.
[0m
[33mCMake Warning (dev) at CMakeLists.txt:16:
  Syntax Warning in cmake code at column 25

  Argument not separated from preceding token by whitespace.
This warning is for project developers.  Use -Wno-dev to suppress it.
[0m
[33mCMake Warning (dev) at CMakeLists.txt:17:
  Syntax Warning in cmake code at column 22

  Argument not separated from preceding token by whitespace.
This warning is for project developers.  Use -Wno-dev to suppress it.
[0m
[33mCMake Warning (dev) at CMakeLists.txt:18:
  Syntax Warning in cmake code at column 25

  Argument not separated from preceding token by whitespace.
This warning is for project developers.  Use -Wno-dev to suppress it.
[0m
[33mCMake Warning (dev) at CMakeLists.txt:19:
  Syntax Warning in cmake code at column 24

  Argument not separated from preceding token by whitespace.
This warning is for project developers.  Use -Wno-dev to suppress it.
[0m
[33mCMake Warning (dev) at CMakeLists.txt:20:
  Syntax Warning in cmake code at column 27

  Argument not separated from preceding token by whitespace.
This warning is for project developers.  Use -Wno-dev to suppress it.
[0m
[33mCMake Warning (dev) at CMakeLists.txt:21:
  Syntax Warning in cmake code at column 35

  Argument not separated from preceding token by whitespace.
This warning is for project developers.  Use -Wno-dev to suppress it.
[0m
[33mCMake Warning (dev) at CMakeLists.txt:22:
  Syntax Warning in cmake code at column 18

  Argument not separated from preceding token by whitespace.
This warning is for project developers.  Use -Wno-dev to suppress it.
[0m
-- The C compiler identification is GNU 11.4.0
-- The CXX compiler identification is GNU 11.4.0
-- Detecting C compiler ABI info
-- Detecting C compiler ABI info - done
-- Check for working C compiler: /usr/bin/cc - skipped
-- Detecting C compile features
-- Detecting C compile features - done
-- Detecting CXX compiler ABI info
-- Detecting CXX compiler ABI info - done
-- Check for working CXX compiler: /usr/bin/c++ - skipped
-- Detecting CXX compile features
-- Detecting CXX compile features - done
-- Found ament_cmake: 1.3.11 (/opt/ros/humble/share/ament_cmake/cmake)
-- Found Python3: /usr/bin/python3 (found version "3.10.12") found components: Interpreter 
-- Override CMake install command with custom implementation using symlinks instead of copying resources
-- Found builtin_interfaces: 1.2.1 (/opt/ros/humble/share/builtin_interfaces/cmake)
-- Found rosidl_generator_c: 3.1.6 (/opt/ros/humble/share/rosidl_generator_c/cmake)
-- Found rosidl_adapter: 3.1.6 (/opt/ros/humble/share/rosidl_adapter/cmake)
-- Found rosidl_generator_cpp: 3.1.6 (/opt/ros/humble/share/rosidl_generator_cpp/cmake)
-- Using all available rosidl_typesupport_c: rosidl_typesupport_fastrtps_c;rosidl_typesupport_introspection_c
-- Using all available rosidl_typesupport_cpp: rosidl_typesupport_fastrtps_cpp;rosidl_typesupport_introspection_cpp
-- Found rosidl_default_generators: 1.2.0 (/opt/ros/humble/share/rosidl_default_generators/cmake)
-- Found std_msgs: 4.2.4 (/opt/ros/humble/share/std_msgs/cmake)
[31mCMake Error at /opt/ros/humble/share/rosidl_cmake/cmake/rosidl_generate_interfaces.cmake:93 (message):
  rosidl_generate_interfaces() the passed file ',' doesn't exist relative to
  the CMAKE_CURRENT_SOURCE_DIR '/ros2_ws/src/msgs_srvs'
Call Stack (most recent call first):
  CMakeLists.txt:14 (rosidl_generate_interfaces)

[0m
-- Configuring incomplete, errors occurred!
See also "/ros2_ws/build/msgs_srvs/CMakeFiles/CMakeOutput.log".
