[0.408s] Invoking command in '/ros2_ws/build/msgs_srvs': CMAKE_PREFIX_PATH=/opt/ros/humble /usr/bin/cmake /ros2_ws/src/msgs_srvs -DAMENT_CMAKE_SYMLINK_INSTALL=1 -DCMAKE_INSTALL_PREFIX=/ros2_ws/install/msgs_srvs
[0.549s] [33mCMake Warning (dev) at CMakeLists.txt:15:
[0.549s]   Syntax Warning in cmake code at column 25
[0.549s] 
[0.549s]   Argument not separated from preceding token by whitespace.
[0.549s] This warning is for project developers.  Use -Wno-dev to suppress it.
[0.549s] [0m
[0.549s] [33mCMake Warning (dev) at CMakeLists.txt:16:
[0.549s]   Syntax Warning in cmake code at column 25
[0.549s] 
[0.549s]   Argument not separated from preceding token by whitespace.
[0.549s] This warning is for project developers.  Use -Wno-dev to suppress it.
[0.550s] [0m
[0.550s] [33mCMake Warning (dev) at CMakeLists.txt:17:
[0.550s]   Syntax Warning in cmake code at column 22
[0.550s] 
[0.550s]   Argument not separated from preceding token by whitespace.
[0.550s] This warning is for project developers.  Use -Wno-dev to suppress it.
[0.550s] [0m
[0.550s] [33mCMake Warning (dev) at CMakeLists.txt:18:
[0.550s]   Syntax Warning in cmake code at column 25
[0.550s] 
[0.550s]   Argument not separated from preceding token by whitespace.
[0.550s] This warning is for project developers.  Use -Wno-dev to suppress it.
[0.550s] [0m
[0.550s] [33mCMake Warning (dev) at CMakeLists.txt:19:
[0.550s]   Syntax Warning in cmake code at column 24
[0.550s] 
[0.550s]   Argument not separated from preceding token by whitespace.
[0.551s] This warning is for project developers.  Use -Wno-dev to suppress it.
[0.551s] [0m
[0.551s] [33mCMake Warning (dev) at CMakeLists.txt:20:
[0.551s]   Syntax Warning in cmake code at column 27
[0.551s] 
[0.551s]   Argument not separated from preceding token by whitespace.
[0.551s] This warning is for project developers.  Use -Wno-dev to suppress it.
[0.551s] [0m
[0.551s] [33mCMake Warning (dev) at CMakeLists.txt:21:
[0.551s]   Syntax Warning in cmake code at column 35
[0.551s] 
[0.551s]   Argument not separated from preceding token by whitespace.
[0.551s] This warning is for project developers.  Use -Wno-dev to suppress it.
[0.551s] [0m
[0.551s] [33mCMake Warning (dev) at CMakeLists.txt:22:
[0.552s]   Syntax Warning in cmake code at column 18
[0.552s] 
[0.552s]   Argument not separated from preceding token by whitespace.
[0.552s] This warning is for project developers.  Use -Wno-dev to suppress it.
[0.552s] [0m
[0.922s] -- The C compiler identification is GNU 11.4.0
[1.346s] -- The CXX compiler identification is GNU 11.4.0
[1.387s] -- Detecting C compiler ABI info
[1.529s] -- Detecting C compiler ABI info - done
[1.540s] -- Check for working C compiler: /usr/bin/cc - skipped
[1.546s] -- Detecting C compile features
[1.547s] -- Detecting C compile features - done
[1.553s] -- Detecting CXX compiler ABI info
[1.706s] -- Detecting CXX compiler ABI info - done
[1.719s] -- Check for working CXX compiler: /usr/bin/c++ - skipped
[1.721s] -- Detecting CXX compile features
[1.721s] -- Detecting CXX compile features - done
[1.739s] -- Found ament_cmake: 1.3.11 (/opt/ros/humble/share/ament_cmake/cmake)
[2.023s] -- Found Python3: /usr/bin/python3 (found version "3.10.12") found components: Interpreter 
[2.188s] -- Override CMake install command with custom implementation using symlinks instead of copying resources
[2.255s] -- Found builtin_interfaces: 1.2.1 (/opt/ros/humble/share/builtin_interfaces/cmake)
[2.356s] -- Found rosidl_generator_c: 3.1.6 (/opt/ros/humble/share/rosidl_generator_c/cmake)
[2.366s] -- Found rosidl_adapter: 3.1.6 (/opt/ros/humble/share/rosidl_adapter/cmake)
[2.386s] -- Found rosidl_generator_cpp: 3.1.6 (/opt/ros/humble/share/rosidl_generator_cpp/cmake)
[2.414s] -- Using all available rosidl_typesupport_c: rosidl_typesupport_fastrtps_c;rosidl_typesupport_introspection_c
[2.449s] -- Using all available rosidl_typesupport_cpp: rosidl_typesupport_fastrtps_cpp;rosidl_typesupport_introspection_cpp
[2.479s] -- Found rosidl_default_generators: 1.2.0 (/opt/ros/humble/share/rosidl_default_generators/cmake)
[2.497s] -- Found std_msgs: 4.2.4 (/opt/ros/humble/share/std_msgs/cmake)
[2.530s] [31mCMake Error at /opt/ros/humble/share/rosidl_cmake/cmake/rosidl_generate_interfaces.cmake:93 (message):
[2.530s]   rosidl_generate_interfaces() the passed file ',' doesn't exist relative to
[2.530s]   the CMAKE_CURRENT_SOURCE_DIR '/ros2_ws/src/msgs_srvs'
[2.530s] Call Stack (most recent call first):
[2.530s]   CMakeLists.txt:14 (rosidl_generate_interfaces)
[2.530s] 
[2.530s] [0m
[2.531s] -- Configuring incomplete, errors occurred!
[2.531s] See also "/ros2_ws/build/msgs_srvs/CMakeFiles/CMakeOutput.log".
[2.541s] Invoked command in '/ros2_ws/build/msgs_srvs' returned '1': CMAKE_PREFIX_PATH=/opt/ros/humble /usr/bin/cmake /ros2_ws/src/msgs_srvs -DAMENT_CMAKE_SYMLINK_INSTALL=1 -DCMAKE_INSTALL_PREFIX=/ros2_ws/install/msgs_srvs
