[0.143s] DEBUG:colcon:Command line arguments: ['/usr/bin/colcon', 'build', '--symlink-install']
[0.143s] DEBUG:colcon:Parsed command line arguments: Namespace(log_base=None, log_level=None, verb_name='build', build_base='build', install_base='install', merge_install=False, symlink_install=True, test_result_base=None, continue_on_error=False, executor='parallel', parallel_workers=4, event_handlers=None, ignore_user_meta=False, metas=['./colcon.meta'], base_paths=['.'], packages_ignore=None, packages_ignore_regex=None, paths=None, packages_up_to=None, packages_up_to_regex=None, packages_above=None, packages_above_and_dependencies=None, packages_above_depth=None, packages_select_by_dep=None, packages_skip_by_dep=None, packages_skip_up_to=None, packages_select_build_failed=False, packages_skip_build_finished=False, packages_select_test_failures=False, packages_skip_test_passed=False, packages_select=None, packages_skip=None, packages_select_regex=None, packages_skip_regex=None, packages_start=None, packages_end=None, allow_overriding=[], cmake_args=None, cmake_target=None, cmake_target_skip_unavailable=False, cmake_clean_cache=False, cmake_clean_first=False, cmake_force_configure=False, ament_cmake_args=None, catkin_cmake_args=None, catkin_skip_building_tests=False, mixin_files=None, mixin=None, verb_parser=<colcon_mixin.mixin.mixin_argument.MixinArgumentDecorator object at 0xffff8d4dceb0>, verb_extension=<colcon_core.verb.build.BuildVerb object at 0xffff8d4dc940>, main=<bound method BuildVerb.main of <colcon_core.verb.build.BuildVerb object at 0xffff8d4dc940>>, mixin_verb=('build',))
[0.342s] Level 1:colcon.colcon_core.package_discovery:discover_packages(colcon_meta) check parameters
[0.342s] Level 1:colcon.colcon_core.package_discovery:discover_packages(recursive) check parameters
[0.342s] Level 1:colcon.colcon_core.package_discovery:discover_packages(ignore) check parameters
[0.342s] Level 1:colcon.colcon_core.package_discovery:discover_packages(path) check parameters
[0.342s] Level 1:colcon.colcon_core.package_discovery:discover_packages(colcon_meta) discover
[0.342s] Level 1:colcon.colcon_core.package_discovery:discover_packages(recursive) discover
[0.342s] INFO:colcon.colcon_core.package_discovery:Crawling recursively for packages in '/ros2_ws'
[0.342s] Level 1:colcon.colcon_core.package_identification:_identify(.) by extensions ['ignore', 'ignore_ament_install']
[0.342s] Level 1:colcon.colcon_core.package_identification:_identify(.) by extension 'ignore'
[0.342s] Level 1:colcon.colcon_core.package_identification:_identify(.) by extension 'ignore_ament_install'
[0.342s] Level 1:colcon.colcon_core.package_identification:_identify(.) by extensions ['colcon_pkg']
[0.343s] Level 1:colcon.colcon_core.package_identification:_identify(.) by extension 'colcon_pkg'
[0.343s] Level 1:colcon.colcon_core.package_identification:_identify(.) by extensions ['colcon_meta']
[0.343s] Level 1:colcon.colcon_core.package_identification:_identify(.) by extension 'colcon_meta'
[0.343s] Level 1:colcon.colcon_core.package_identification:_identify(.) by extensions ['ros']
[0.343s] Level 1:colcon.colcon_core.package_identification:_identify(.) by extension 'ros'
[0.359s] Level 1:colcon.colcon_core.package_identification:_identify(.) by extensions ['cmake', 'python']
[0.359s] Level 1:colcon.colcon_core.package_identification:_identify(.) by extension 'cmake'
[0.359s] Level 1:colcon.colcon_core.package_identification:_identify(.) by extension 'python'
[0.359s] Level 1:colcon.colcon_core.package_identification:_identify(.) by extensions ['python_setup_py']
[0.359s] Level 1:colcon.colcon_core.package_identification:_identify(.) by extension 'python_setup_py'
[0.360s] Level 1:colcon.colcon_core.package_identification:_identify(build) by extensions ['ignore', 'ignore_ament_install']
[0.360s] Level 1:colcon.colcon_core.package_identification:_identify(build) by extension 'ignore'
[0.360s] Level 1:colcon.colcon_core.package_identification:_identify(build) ignored
[0.360s] Level 1:colcon.colcon_core.package_identification:_identify(install) by extensions ['ignore', 'ignore_ament_install']
[0.360s] Level 1:colcon.colcon_core.package_identification:_identify(install) by extension 'ignore'
[0.360s] Level 1:colcon.colcon_core.package_identification:_identify(install) ignored
[0.360s] Level 1:colcon.colcon_core.package_identification:_identify(log) by extensions ['ignore', 'ignore_ament_install']
[0.360s] Level 1:colcon.colcon_core.package_identification:_identify(log) by extension 'ignore'
[0.360s] Level 1:colcon.colcon_core.package_identification:_identify(log) ignored
[0.360s] Level 1:colcon.colcon_core.package_identification:_identify(src) by extensions ['ignore', 'ignore_ament_install']
[0.360s] Level 1:colcon.colcon_core.package_identification:_identify(src) by extension 'ignore'
[0.361s] Level 1:colcon.colcon_core.package_identification:_identify(src) by extension 'ignore_ament_install'
[0.361s] Level 1:colcon.colcon_core.package_identification:_identify(src) by extensions ['colcon_pkg']
[0.361s] Level 1:colcon.colcon_core.package_identification:_identify(src) by extension 'colcon_pkg'
[0.361s] Level 1:colcon.colcon_core.package_identification:_identify(src) by extensions ['colcon_meta']
[0.361s] Level 1:colcon.colcon_core.package_identification:_identify(src) by extension 'colcon_meta'
[0.361s] Level 1:colcon.colcon_core.package_identification:_identify(src) by extensions ['ros']
[0.361s] Level 1:colcon.colcon_core.package_identification:_identify(src) by extension 'ros'
[0.361s] Level 1:colcon.colcon_core.package_identification:_identify(src) by extensions ['cmake', 'python']
[0.361s] Level 1:colcon.colcon_core.package_identification:_identify(src) by extension 'cmake'
[0.361s] Level 1:colcon.colcon_core.package_identification:_identify(src) by extension 'python'
[0.361s] Level 1:colcon.colcon_core.package_identification:_identify(src) by extensions ['python_setup_py']
[0.361s] Level 1:colcon.colcon_core.package_identification:_identify(src) by extension 'python_setup_py'
[0.361s] Level 1:colcon.colcon_core.package_identification:_identify(src/driver) by extensions ['ignore', 'ignore_ament_install']
[0.361s] Level 1:colcon.colcon_core.package_identification:_identify(src/driver) by extension 'ignore'
[0.361s] Level 1:colcon.colcon_core.package_identification:_identify(src/driver) by extension 'ignore_ament_install'
[0.361s] Level 1:colcon.colcon_core.package_identification:_identify(src/driver) by extensions ['colcon_pkg']
[0.361s] Level 1:colcon.colcon_core.package_identification:_identify(src/driver) by extension 'colcon_pkg'
[0.361s] Level 1:colcon.colcon_core.package_identification:_identify(src/driver) by extensions ['colcon_meta']
[0.361s] Level 1:colcon.colcon_core.package_identification:_identify(src/driver) by extension 'colcon_meta'
[0.361s] Level 1:colcon.colcon_core.package_identification:_identify(src/driver) by extensions ['ros']
[0.361s] Level 1:colcon.colcon_core.package_identification:_identify(src/driver) by extension 'ros'
[0.365s] DEBUG:colcon.colcon_core.package_identification:Package 'src/driver' with type 'ros.ament_python' and name 'driver'
[0.365s] Level 1:colcon.colcon_core.package_identification:_identify(src/msgs_srvs) by extensions ['ignore', 'ignore_ament_install']
[0.365s] Level 1:colcon.colcon_core.package_identification:_identify(src/msgs_srvs) by extension 'ignore'
[0.365s] Level 1:colcon.colcon_core.package_identification:_identify(src/msgs_srvs) by extension 'ignore_ament_install'
[0.365s] Level 1:colcon.colcon_core.package_identification:_identify(src/msgs_srvs) by extensions ['colcon_pkg']
[0.365s] Level 1:colcon.colcon_core.package_identification:_identify(src/msgs_srvs) by extension 'colcon_pkg'
[0.365s] Level 1:colcon.colcon_core.package_identification:_identify(src/msgs_srvs) by extensions ['colcon_meta']
[0.365s] Level 1:colcon.colcon_core.package_identification:_identify(src/msgs_srvs) by extension 'colcon_meta'
[0.365s] Level 1:colcon.colcon_core.package_identification:_identify(src/msgs_srvs) by extensions ['ros']
[0.365s] Level 1:colcon.colcon_core.package_identification:_identify(src/msgs_srvs) by extension 'ros'
[0.366s] DEBUG:colcon.colcon_core.package_identification:Package 'src/msgs_srvs' with type 'ros.ament_cmake' and name 'msgs_srvs'
[0.366s] Level 1:colcon.colcon_core.package_identification:_identify(src/p2117_ros) by extensions ['ignore', 'ignore_ament_install']
[0.366s] Level 1:colcon.colcon_core.package_identification:_identify(src/p2117_ros) by extension 'ignore'
[0.366s] Level 1:colcon.colcon_core.package_identification:_identify(src/p2117_ros) by extension 'ignore_ament_install'
[0.367s] Level 1:colcon.colcon_core.package_identification:_identify(src/p2117_ros) by extensions ['colcon_pkg']
[0.367s] Level 1:colcon.colcon_core.package_identification:_identify(src/p2117_ros) by extension 'colcon_pkg'
[0.367s] Level 1:colcon.colcon_core.package_identification:_identify(src/p2117_ros) by extensions ['colcon_meta']
[0.367s] Level 1:colcon.colcon_core.package_identification:_identify(src/p2117_ros) by extension 'colcon_meta'
[0.367s] Level 1:colcon.colcon_core.package_identification:_identify(src/p2117_ros) by extensions ['ros']
[0.367s] Level 1:colcon.colcon_core.package_identification:_identify(src/p2117_ros) by extension 'ros'
[0.367s] Level 1:colcon.colcon_core.package_identification:_identify(src/p2117_ros) by extensions ['cmake', 'python']
[0.367s] Level 1:colcon.colcon_core.package_identification:_identify(src/p2117_ros) by extension 'cmake'
[0.367s] Level 1:colcon.colcon_core.package_identification:_identify(src/p2117_ros) by extension 'python'
[0.367s] Level 1:colcon.colcon_core.package_identification:_identify(src/p2117_ros) by extensions ['python_setup_py']
[0.367s] Level 1:colcon.colcon_core.package_identification:_identify(src/p2117_ros) by extension 'python_setup_py'
[0.367s] Level 1:colcon.colcon_core.package_identification:_identify(src/p2117_ros/oradar_ros) by extensions ['ignore', 'ignore_ament_install']
[0.367s] Level 1:colcon.colcon_core.package_identification:_identify(src/p2117_ros/oradar_ros) by extension 'ignore'
[0.367s] Level 1:colcon.colcon_core.package_identification:_identify(src/p2117_ros/oradar_ros) by extension 'ignore_ament_install'
[0.367s] Level 1:colcon.colcon_core.package_identification:_identify(src/p2117_ros/oradar_ros) by extensions ['colcon_pkg']
[0.367s] Level 1:colcon.colcon_core.package_identification:_identify(src/p2117_ros/oradar_ros) by extension 'colcon_pkg'
[0.367s] Level 1:colcon.colcon_core.package_identification:_identify(src/p2117_ros/oradar_ros) by extensions ['colcon_meta']
[0.367s] Level 1:colcon.colcon_core.package_identification:_identify(src/p2117_ros/oradar_ros) by extension 'colcon_meta'
[0.367s] Level 1:colcon.colcon_core.package_identification:_identify(src/p2117_ros/oradar_ros) by extensions ['ros']
[0.367s] Level 1:colcon.colcon_core.package_identification:_identify(src/p2117_ros/oradar_ros) by extension 'ros'
[0.368s] DEBUG:colcon.colcon_core.package_identification:Package 'src/p2117_ros/oradar_ros' with type 'ros.ament_cmake' and name 'oradar_lidar'
[0.368s] Level 1:colcon.colcon_core.package_discovery:discover_packages(recursive) using defaults
[0.368s] Level 1:colcon.colcon_core.package_discovery:discover_packages(ignore) discover
[0.368s] Level 1:colcon.colcon_core.package_discovery:discover_packages(ignore) using defaults
[0.368s] Level 1:colcon.colcon_core.package_discovery:discover_packages(path) discover
[0.368s] Level 1:colcon.colcon_core.package_discovery:discover_packages(path) using defaults
[0.396s] Level 1:colcon.colcon_core.package_discovery:discover_packages(prefix_path) check parameters
[0.397s] Level 1:colcon.colcon_core.package_discovery:discover_packages(prefix_path) discover
[0.399s] DEBUG:colcon.colcon_installed_package_information.package_discovery:Found 3 installed packages in /ros2_ws/install
[0.401s] DEBUG:colcon.colcon_installed_package_information.package_discovery:Found 271 installed packages in /opt/ros/humble
[0.426s] Level 1:colcon.colcon_core.package_discovery:discover_packages(prefix_path) using defaults
[0.476s] Level 5:colcon.colcon_core.verb:set package 'driver' build argument 'cmake_args' from command line to 'None'
[0.477s] Level 5:colcon.colcon_core.verb:set package 'driver' build argument 'cmake_target' from command line to 'None'
[0.477s] Level 5:colcon.colcon_core.verb:set package 'driver' build argument 'cmake_target_skip_unavailable' from command line to 'False'
[0.477s] Level 5:colcon.colcon_core.verb:set package 'driver' build argument 'cmake_clean_cache' from command line to 'False'
[0.477s] Level 5:colcon.colcon_core.verb:set package 'driver' build argument 'cmake_clean_first' from command line to 'False'
[0.477s] Level 5:colcon.colcon_core.verb:set package 'driver' build argument 'cmake_force_configure' from command line to 'False'
[0.477s] Level 5:colcon.colcon_core.verb:set package 'driver' build argument 'ament_cmake_args' from command line to 'None'
[0.477s] Level 5:colcon.colcon_core.verb:set package 'driver' build argument 'catkin_cmake_args' from command line to 'None'
[0.477s] Level 5:colcon.colcon_core.verb:set package 'driver' build argument 'catkin_skip_building_tests' from command line to 'False'
[0.477s] DEBUG:colcon.colcon_core.verb:Building package 'driver' with the following arguments: {'ament_cmake_args': None, 'build_base': '/ros2_ws/build/driver', 'catkin_cmake_args': None, 'catkin_skip_building_tests': False, 'cmake_args': None, 'cmake_clean_cache': False, 'cmake_clean_first': False, 'cmake_force_configure': False, 'cmake_target': None, 'cmake_target_skip_unavailable': False, 'install_base': '/ros2_ws/install/driver', 'merge_install': False, 'path': '/ros2_ws/src/driver', 'symlink_install': True, 'test_result_base': None}
[0.477s] Level 5:colcon.colcon_core.verb:set package 'msgs_srvs' build argument 'cmake_args' from command line to 'None'
[0.477s] Level 5:colcon.colcon_core.verb:set package 'msgs_srvs' build argument 'cmake_target' from command line to 'None'
[0.477s] Level 5:colcon.colcon_core.verb:set package 'msgs_srvs' build argument 'cmake_target_skip_unavailable' from command line to 'False'
[0.477s] Level 5:colcon.colcon_core.verb:set package 'msgs_srvs' build argument 'cmake_clean_cache' from command line to 'False'
[0.477s] Level 5:colcon.colcon_core.verb:set package 'msgs_srvs' build argument 'cmake_clean_first' from command line to 'False'
[0.477s] Level 5:colcon.colcon_core.verb:set package 'msgs_srvs' build argument 'cmake_force_configure' from command line to 'False'
[0.477s] Level 5:colcon.colcon_core.verb:set package 'msgs_srvs' build argument 'ament_cmake_args' from command line to 'None'
[0.477s] Level 5:colcon.colcon_core.verb:set package 'msgs_srvs' build argument 'catkin_cmake_args' from command line to 'None'
[0.477s] Level 5:colcon.colcon_core.verb:set package 'msgs_srvs' build argument 'catkin_skip_building_tests' from command line to 'False'
[0.478s] DEBUG:colcon.colcon_core.verb:Building package 'msgs_srvs' with the following arguments: {'ament_cmake_args': None, 'build_base': '/ros2_ws/build/msgs_srvs', 'catkin_cmake_args': None, 'catkin_skip_building_tests': False, 'cmake_args': None, 'cmake_clean_cache': False, 'cmake_clean_first': False, 'cmake_force_configure': False, 'cmake_target': None, 'cmake_target_skip_unavailable': False, 'install_base': '/ros2_ws/install/msgs_srvs', 'merge_install': False, 'path': '/ros2_ws/src/msgs_srvs', 'symlink_install': True, 'test_result_base': None}
[0.478s] Level 5:colcon.colcon_core.verb:set package 'oradar_lidar' build argument 'cmake_args' from command line to 'None'
[0.478s] Level 5:colcon.colcon_core.verb:set package 'oradar_lidar' build argument 'cmake_target' from command line to 'None'
[0.478s] Level 5:colcon.colcon_core.verb:set package 'oradar_lidar' build argument 'cmake_target_skip_unavailable' from command line to 'False'
[0.478s] Level 5:colcon.colcon_core.verb:set package 'oradar_lidar' build argument 'cmake_clean_cache' from command line to 'False'
[0.478s] Level 5:colcon.colcon_core.verb:set package 'oradar_lidar' build argument 'cmake_clean_first' from command line to 'False'
[0.478s] Level 5:colcon.colcon_core.verb:set package 'oradar_lidar' build argument 'cmake_force_configure' from command line to 'False'
[0.478s] Level 5:colcon.colcon_core.verb:set package 'oradar_lidar' build argument 'ament_cmake_args' from command line to 'None'
[0.478s] Level 5:colcon.colcon_core.verb:set package 'oradar_lidar' build argument 'catkin_cmake_args' from command line to 'None'
[0.478s] Level 5:colcon.colcon_core.verb:set package 'oradar_lidar' build argument 'catkin_skip_building_tests' from command line to 'False'
[0.478s] DEBUG:colcon.colcon_core.verb:Building package 'oradar_lidar' with the following arguments: {'ament_cmake_args': None, 'build_base': '/ros2_ws/build/oradar_lidar', 'catkin_cmake_args': None, 'catkin_skip_building_tests': False, 'cmake_args': None, 'cmake_clean_cache': False, 'cmake_clean_first': False, 'cmake_force_configure': False, 'cmake_target': None, 'cmake_target_skip_unavailable': False, 'install_base': '/ros2_ws/install/oradar_lidar', 'merge_install': False, 'path': '/ros2_ws/src/p2117_ros/oradar_ros', 'symlink_install': True, 'test_result_base': None}
[0.478s] INFO:colcon.colcon_core.executor:Executing jobs using 'parallel' executor
[0.480s] DEBUG:colcon.colcon_parallel_executor.executor.parallel:run_until_complete
[0.480s] INFO:colcon.colcon_ros.task.ament_python.build:Building ROS package in '/ros2_ws/src/driver' with build type 'ament_python'
[0.480s] Level 1:colcon.colcon_core.shell:create_environment_hook('driver', 'ament_prefix_path')
[0.483s] INFO:colcon.colcon_core.plugin_system:Skipping extension 'colcon_core.shell.bat': Not used on non-Windows systems
[0.483s] INFO:colcon.colcon_core.shell:Creating environment hook '/ros2_ws/install/driver/share/driver/hook/ament_prefix_path.ps1'
[0.484s] INFO:colcon.colcon_core.shell:Creating environment descriptor '/ros2_ws/install/driver/share/driver/hook/ament_prefix_path.dsv'
[0.490s] INFO:colcon.colcon_core.shell:Creating environment hook '/ros2_ws/install/driver/share/driver/hook/ament_prefix_path.sh'
[0.491s] INFO:colcon.colcon_core.shell:Skip shell extension 'powershell' for command environment: Not usable outside of PowerShell
[0.491s] DEBUG:colcon.colcon_core.shell:Skip shell extension 'dsv' for command environment
[0.497s] INFO:colcon.colcon_ros.task.ament_cmake.build:Building ROS package in '/ros2_ws/src/msgs_srvs' with build type 'ament_cmake'
[0.497s] INFO:colcon.colcon_cmake.task.cmake.build:Building CMake package in '/ros2_ws/src/msgs_srvs'
[0.498s] INFO:colcon.colcon_core.shell:Skip shell extension 'powershell' for command environment: Not usable outside of PowerShell
[0.498s] DEBUG:colcon.colcon_core.shell:Skip shell extension 'dsv' for command environment
[0.503s] INFO:colcon.colcon_ros.task.ament_cmake.build:Building ROS package in '/ros2_ws/src/p2117_ros/oradar_ros' with build type 'ament_cmake'
[0.504s] INFO:colcon.colcon_cmake.task.cmake.build:Building CMake package in '/ros2_ws/src/p2117_ros/oradar_ros'
[0.504s] INFO:colcon.colcon_core.shell:Skip shell extension 'powershell' for command environment: Not usable outside of PowerShell
[0.504s] DEBUG:colcon.colcon_core.shell:Skip shell extension 'dsv' for command environment
[0.914s] INFO:colcon.colcon_core.task.python.build:Building Python package in '/ros2_ws/src/driver'
[0.914s] INFO:colcon.colcon_core.shell:Skip shell extension 'powershell' for command environment: Not usable outside of PowerShell
[0.915s] DEBUG:colcon.colcon_core.shell:Skip shell extension 'dsv' for command environment
[0.931s] DEBUG:colcon.colcon_core.event_handler.log_command:Invoking command in '/ros2_ws/build/msgs_srvs': CMAKE_PREFIX_PATH=/ros2_ws/install/driver:/opt/ros/humble:${CMAKE_PREFIX_PATH} /usr/bin/cmake --build /ros2_ws/build/msgs_srvs -- -j4 -l4
[0.950s] DEBUG:colcon.colcon_core.event_handler.log_command:Invoking command in '/ros2_ws/build/oradar_lidar': CMAKE_PREFIX_PATH=/ros2_ws/install/driver:/opt/ros/humble:${CMAKE_PREFIX_PATH} /usr/bin/cmake --build /ros2_ws/build/oradar_lidar -- -j4 -l4
[1.310s] DEBUG:colcon.colcon_core.event_handler.log_command:Invoked command in '/ros2_ws/build/oradar_lidar' returned '0': CMAKE_PREFIX_PATH=/ros2_ws/install/driver:/opt/ros/humble:${CMAKE_PREFIX_PATH} /usr/bin/cmake --build /ros2_ws/build/oradar_lidar -- -j4 -l4
[1.352s] DEBUG:colcon.colcon_core.event_handler.log_command:Invoking command in '/ros2_ws/build/oradar_lidar': CMAKE_PREFIX_PATH=/ros2_ws/install/driver:/opt/ros/humble:${CMAKE_PREFIX_PATH} /usr/bin/cmake --install /ros2_ws/build/oradar_lidar
[1.463s] Level 1:colcon.colcon_core.environment:create_environment_scripts_only(oradar_lidar)
[1.470s] Level 1:colcon.colcon_core.environment:checking '/ros2_ws/install/oradar_lidar' for CMake module files
[1.475s] Level 1:colcon.colcon_core.environment:checking '/ros2_ws/install/oradar_lidar' for CMake config files
[1.475s] Level 1:colcon.colcon_core.shell:create_environment_hook('oradar_lidar', 'cmake_prefix_path')
[1.476s] INFO:colcon.colcon_core.shell:Creating environment hook '/ros2_ws/install/oradar_lidar/share/oradar_lidar/hook/cmake_prefix_path.ps1'
[1.477s] INFO:colcon.colcon_core.shell:Creating environment descriptor '/ros2_ws/install/oradar_lidar/share/oradar_lidar/hook/cmake_prefix_path.dsv'
[1.478s] DEBUG:colcon.colcon_core.event_handler.log_command:Invoked command in '/ros2_ws/build/oradar_lidar' returned '0': CMAKE_PREFIX_PATH=/ros2_ws/install/driver:/opt/ros/humble:${CMAKE_PREFIX_PATH} /usr/bin/cmake --install /ros2_ws/build/oradar_lidar
[1.483s] INFO:colcon.colcon_core.shell:Creating environment hook '/ros2_ws/install/oradar_lidar/share/oradar_lidar/hook/cmake_prefix_path.sh'
[1.485s] Level 1:colcon.colcon_core.environment:checking '/ros2_ws/install/oradar_lidar/lib'
[1.485s] Level 1:colcon.colcon_core.environment:checking '/ros2_ws/install/oradar_lidar/bin'
[1.485s] Level 1:colcon.colcon_core.shell:create_environment_hook('oradar_lidar', 'path')
[1.486s] INFO:colcon.colcon_core.shell:Creating environment hook '/ros2_ws/install/oradar_lidar/share/oradar_lidar/hook/path.ps1'
[1.486s] INFO:colcon.colcon_core.shell:Creating environment descriptor '/ros2_ws/install/oradar_lidar/share/oradar_lidar/hook/path.dsv'
[1.487s] INFO:colcon.colcon_core.shell:Creating environment hook '/ros2_ws/install/oradar_lidar/share/oradar_lidar/hook/path.sh'
[1.489s] Level 1:colcon.colcon_core.environment:checking '/ros2_ws/install/oradar_lidar/lib/pkgconfig/oradar_lidar.pc'
[1.490s] Level 1:colcon.colcon_core.environment:checking '/ros2_ws/install/oradar_lidar/lib/python3.10/site-packages'
[1.490s] Level 1:colcon.colcon_core.environment:checking '/ros2_ws/install/oradar_lidar/bin'
[1.490s] Level 1:colcon.colcon_core.shell:create_environment_hook('oradar_lidar', 'pythonscriptspath')
[1.491s] INFO:colcon.colcon_core.shell:Creating environment hook '/ros2_ws/install/oradar_lidar/share/oradar_lidar/hook/pythonscriptspath.ps1'
[1.492s] INFO:colcon.colcon_core.shell:Creating environment descriptor '/ros2_ws/install/oradar_lidar/share/oradar_lidar/hook/pythonscriptspath.dsv'
[1.493s] INFO:colcon.colcon_core.shell:Creating environment hook '/ros2_ws/install/oradar_lidar/share/oradar_lidar/hook/pythonscriptspath.sh'
[1.495s] INFO:colcon.colcon_core.shell:Creating package script '/ros2_ws/install/oradar_lidar/share/oradar_lidar/package.ps1'
[1.497s] INFO:colcon.colcon_core.shell:Creating package descriptor '/ros2_ws/install/oradar_lidar/share/oradar_lidar/package.dsv'
[1.498s] INFO:colcon.colcon_core.shell:Creating package script '/ros2_ws/install/oradar_lidar/share/oradar_lidar/package.sh'
[1.500s] INFO:colcon.colcon_core.shell:Creating package script '/ros2_ws/install/oradar_lidar/share/oradar_lidar/package.bash'
[1.502s] INFO:colcon.colcon_core.shell:Creating package script '/ros2_ws/install/oradar_lidar/share/oradar_lidar/package.zsh'
[1.508s] Level 1:colcon.colcon_core.environment:create_file_with_runtime_dependencies(/ros2_ws/install/oradar_lidar/share/colcon-core/packages/oradar_lidar)
[1.510s] Level 1:colcon.colcon_core.environment:create_environment_scripts_only(oradar_lidar)
[1.510s] Level 1:colcon.colcon_core.environment:checking '/ros2_ws/install/oradar_lidar' for CMake module files
[1.511s] Level 1:colcon.colcon_core.environment:checking '/ros2_ws/install/oradar_lidar' for CMake config files
[1.515s] Level 1:colcon.colcon_core.shell:create_environment_hook('oradar_lidar', 'cmake_prefix_path')
[1.517s] INFO:colcon.colcon_core.shell:Creating environment hook '/ros2_ws/install/oradar_lidar/share/oradar_lidar/hook/cmake_prefix_path.ps1'
[1.523s] INFO:colcon.colcon_core.shell:Creating environment descriptor '/ros2_ws/install/oradar_lidar/share/oradar_lidar/hook/cmake_prefix_path.dsv'
[1.529s] INFO:colcon.colcon_core.shell:Creating environment hook '/ros2_ws/install/oradar_lidar/share/oradar_lidar/hook/cmake_prefix_path.sh'
[1.531s] Level 1:colcon.colcon_core.environment:checking '/ros2_ws/install/oradar_lidar/lib'
[1.531s] Level 1:colcon.colcon_core.environment:checking '/ros2_ws/install/oradar_lidar/bin'
[1.531s] Level 1:colcon.colcon_core.shell:create_environment_hook('oradar_lidar', 'path')
[1.537s] INFO:colcon.colcon_core.shell:Creating environment hook '/ros2_ws/install/oradar_lidar/share/oradar_lidar/hook/path.ps1'
[1.538s] INFO:colcon.colcon_core.shell:Creating environment descriptor '/ros2_ws/install/oradar_lidar/share/oradar_lidar/hook/path.dsv'
[1.539s] INFO:colcon.colcon_core.shell:Creating environment hook '/ros2_ws/install/oradar_lidar/share/oradar_lidar/hook/path.sh'
[1.542s] Level 1:colcon.colcon_core.environment:checking '/ros2_ws/install/oradar_lidar/lib/pkgconfig/oradar_lidar.pc'
[1.543s] Level 1:colcon.colcon_core.environment:checking '/ros2_ws/install/oradar_lidar/lib/python3.10/site-packages'
[1.543s] Level 1:colcon.colcon_core.environment:checking '/ros2_ws/install/oradar_lidar/bin'
[1.543s] Level 1:colcon.colcon_core.shell:create_environment_hook('oradar_lidar', 'pythonscriptspath')
[1.544s] INFO:colcon.colcon_core.shell:Creating environment hook '/ros2_ws/install/oradar_lidar/share/oradar_lidar/hook/pythonscriptspath.ps1'
[1.547s] INFO:colcon.colcon_core.shell:Creating environment descriptor '/ros2_ws/install/oradar_lidar/share/oradar_lidar/hook/pythonscriptspath.dsv'
[1.550s] INFO:colcon.colcon_core.shell:Creating environment hook '/ros2_ws/install/oradar_lidar/share/oradar_lidar/hook/pythonscriptspath.sh'
[1.553s] INFO:colcon.colcon_core.shell:Creating package script '/ros2_ws/install/oradar_lidar/share/oradar_lidar/package.ps1'
[1.554s] INFO:colcon.colcon_core.shell:Creating package descriptor '/ros2_ws/install/oradar_lidar/share/oradar_lidar/package.dsv'
[1.560s] INFO:colcon.colcon_core.shell:Creating package script '/ros2_ws/install/oradar_lidar/share/oradar_lidar/package.sh'
[1.565s] INFO:colcon.colcon_core.shell:Creating package script '/ros2_ws/install/oradar_lidar/share/oradar_lidar/package.bash'
[1.568s] INFO:colcon.colcon_core.shell:Creating package script '/ros2_ws/install/oradar_lidar/share/oradar_lidar/package.zsh'
[1.570s] Level 1:colcon.colcon_core.environment:create_file_with_runtime_dependencies(/ros2_ws/install/oradar_lidar/share/colcon-core/packages/oradar_lidar)
[1.833s] DEBUG:colcon.colcon_core.event_handler.log_command:Invoking command in '/ros2_ws/build/driver': PYTHONPATH=/ros2_ws/build/driver/prefix_override:/usr/lib/python3/dist-packages/colcon_core/task/python/colcon_distutils_commands:/ros2_ws/install/driver/lib/python3.10/site-packages:${PYTHONPATH} /usr/bin/python3 -W ignore:setup.py install is deprecated -W ignore:easy_install command is deprecated setup.py develop --editable --build-directory /ros2_ws/build/driver/build --no-deps symlink_data
[1.899s] DEBUG:colcon.colcon_core.event_handler.log_command:Invoked command in '/ros2_ws/build/msgs_srvs' returned '0': CMAKE_PREFIX_PATH=/ros2_ws/install/driver:/opt/ros/humble:${CMAKE_PREFIX_PATH} /usr/bin/cmake --build /ros2_ws/build/msgs_srvs -- -j4 -l4
[1.903s] DEBUG:colcon.colcon_core.event_handler.log_command:Invoking command in '/ros2_ws/build/msgs_srvs': CMAKE_PREFIX_PATH=/ros2_ws/install/driver:/opt/ros/humble:${CMAKE_PREFIX_PATH} /usr/bin/cmake --install /ros2_ws/build/msgs_srvs
[2.058s] Level 1:colcon.colcon_core.environment:create_environment_scripts_only(msgs_srvs)
[2.058s] Level 1:colcon.colcon_core.environment:checking '/ros2_ws/install/msgs_srvs' for CMake module files
[2.059s] DEBUG:colcon.colcon_core.event_handler.log_command:Invoked command in '/ros2_ws/build/msgs_srvs' returned '0': CMAKE_PREFIX_PATH=/ros2_ws/install/driver:/opt/ros/humble:${CMAKE_PREFIX_PATH} /usr/bin/cmake --install /ros2_ws/build/msgs_srvs
[2.060s] Level 1:colcon.colcon_core.environment:checking '/ros2_ws/install/msgs_srvs' for CMake config files
[2.061s] Level 1:colcon.colcon_core.shell:create_environment_hook('msgs_srvs', 'cmake_prefix_path')
[2.062s] INFO:colcon.colcon_core.shell:Creating environment hook '/ros2_ws/install/msgs_srvs/share/msgs_srvs/hook/cmake_prefix_path.ps1'
[2.062s] INFO:colcon.colcon_core.shell:Creating environment descriptor '/ros2_ws/install/msgs_srvs/share/msgs_srvs/hook/cmake_prefix_path.dsv'
[2.064s] INFO:colcon.colcon_core.shell:Creating environment hook '/ros2_ws/install/msgs_srvs/share/msgs_srvs/hook/cmake_prefix_path.sh'
[2.065s] Level 1:colcon.colcon_core.environment:checking '/ros2_ws/install/msgs_srvs/lib'
[2.065s] Level 1:colcon.colcon_core.shell:create_environment_hook('msgs_srvs', 'ld_library_path_lib')
[2.066s] INFO:colcon.colcon_core.shell:Creating environment hook '/ros2_ws/install/msgs_srvs/share/msgs_srvs/hook/ld_library_path_lib.ps1'
[2.066s] INFO:colcon.colcon_core.shell:Creating environment descriptor '/ros2_ws/install/msgs_srvs/share/msgs_srvs/hook/ld_library_path_lib.dsv'
[2.067s] INFO:colcon.colcon_core.shell:Creating environment hook '/ros2_ws/install/msgs_srvs/share/msgs_srvs/hook/ld_library_path_lib.sh'
[2.069s] Level 1:colcon.colcon_core.environment:checking '/ros2_ws/install/msgs_srvs/bin'
[2.069s] Level 1:colcon.colcon_core.environment:checking '/ros2_ws/install/msgs_srvs/lib/pkgconfig/msgs_srvs.pc'
[2.069s] Level 1:colcon.colcon_core.environment:checking '/ros2_ws/install/msgs_srvs/lib/python3.10/site-packages'
[2.069s] Level 1:colcon.colcon_core.environment:checking '/ros2_ws/install/msgs_srvs/bin'
[2.070s] INFO:colcon.colcon_core.shell:Creating package script '/ros2_ws/install/msgs_srvs/share/msgs_srvs/package.ps1'
[2.070s] INFO:colcon.colcon_core.shell:Creating package descriptor '/ros2_ws/install/msgs_srvs/share/msgs_srvs/package.dsv'
[2.071s] INFO:colcon.colcon_core.shell:Creating package script '/ros2_ws/install/msgs_srvs/share/msgs_srvs/package.sh'
[2.072s] INFO:colcon.colcon_core.shell:Creating package script '/ros2_ws/install/msgs_srvs/share/msgs_srvs/package.bash'
[2.073s] INFO:colcon.colcon_core.shell:Creating package script '/ros2_ws/install/msgs_srvs/share/msgs_srvs/package.zsh'
[2.075s] Level 1:colcon.colcon_core.environment:create_file_with_runtime_dependencies(/ros2_ws/install/msgs_srvs/share/colcon-core/packages/msgs_srvs)
[2.076s] Level 1:colcon.colcon_core.environment:create_environment_scripts_only(msgs_srvs)
[2.077s] Level 1:colcon.colcon_core.environment:checking '/ros2_ws/install/msgs_srvs' for CMake module files
[2.078s] Level 1:colcon.colcon_core.environment:checking '/ros2_ws/install/msgs_srvs' for CMake config files
[2.079s] Level 1:colcon.colcon_core.shell:create_environment_hook('msgs_srvs', 'cmake_prefix_path')
[2.079s] INFO:colcon.colcon_core.shell:Creating environment hook '/ros2_ws/install/msgs_srvs/share/msgs_srvs/hook/cmake_prefix_path.ps1'
[2.080s] INFO:colcon.colcon_core.shell:Creating environment descriptor '/ros2_ws/install/msgs_srvs/share/msgs_srvs/hook/cmake_prefix_path.dsv'
[2.081s] INFO:colcon.colcon_core.shell:Creating environment hook '/ros2_ws/install/msgs_srvs/share/msgs_srvs/hook/cmake_prefix_path.sh'
[2.083s] Level 1:colcon.colcon_core.environment:checking '/ros2_ws/install/msgs_srvs/lib'
[2.083s] Level 1:colcon.colcon_core.shell:create_environment_hook('msgs_srvs', 'ld_library_path_lib')
[2.083s] INFO:colcon.colcon_core.shell:Creating environment hook '/ros2_ws/install/msgs_srvs/share/msgs_srvs/hook/ld_library_path_lib.ps1'
[2.084s] INFO:colcon.colcon_core.shell:Creating environment descriptor '/ros2_ws/install/msgs_srvs/share/msgs_srvs/hook/ld_library_path_lib.dsv'
[2.085s] INFO:colcon.colcon_core.shell:Creating environment hook '/ros2_ws/install/msgs_srvs/share/msgs_srvs/hook/ld_library_path_lib.sh'
[2.087s] Level 1:colcon.colcon_core.environment:checking '/ros2_ws/install/msgs_srvs/bin'
[2.087s] Level 1:colcon.colcon_core.environment:checking '/ros2_ws/install/msgs_srvs/lib/pkgconfig/msgs_srvs.pc'
[2.087s] Level 1:colcon.colcon_core.environment:checking '/ros2_ws/install/msgs_srvs/lib/python3.10/site-packages'
[2.088s] Level 1:colcon.colcon_core.environment:checking '/ros2_ws/install/msgs_srvs/bin'
[2.088s] INFO:colcon.colcon_core.shell:Creating package script '/ros2_ws/install/msgs_srvs/share/msgs_srvs/package.ps1'
[2.089s] INFO:colcon.colcon_core.shell:Creating package descriptor '/ros2_ws/install/msgs_srvs/share/msgs_srvs/package.dsv'
[2.090s] INFO:colcon.colcon_core.shell:Creating package script '/ros2_ws/install/msgs_srvs/share/msgs_srvs/package.sh'
[2.091s] INFO:colcon.colcon_core.shell:Creating package script '/ros2_ws/install/msgs_srvs/share/msgs_srvs/package.bash'
[2.093s] INFO:colcon.colcon_core.shell:Creating package script '/ros2_ws/install/msgs_srvs/share/msgs_srvs/package.zsh'
[2.094s] Level 1:colcon.colcon_core.environment:create_file_with_runtime_dependencies(/ros2_ws/install/msgs_srvs/share/colcon-core/packages/msgs_srvs)
[2.525s] Level 1:colcon.colcon_core.shell:create_environment_hook('driver', 'pythonpath_develop')
[2.526s] INFO:colcon.colcon_core.shell:Creating environment hook '/ros2_ws/build/driver/share/driver/hook/pythonpath_develop.ps1'
[2.527s] DEBUG:colcon.colcon_core.event_handler.log_command:Invoked command in '/ros2_ws/build/driver' returned '0': PYTHONPATH=/ros2_ws/build/driver/prefix_override:/usr/lib/python3/dist-packages/colcon_core/task/python/colcon_distutils_commands:/ros2_ws/install/driver/lib/python3.10/site-packages:${PYTHONPATH} /usr/bin/python3 -W ignore:setup.py install is deprecated -W ignore:easy_install command is deprecated setup.py develop --editable --build-directory /ros2_ws/build/driver/build --no-deps symlink_data
[2.530s] INFO:colcon.colcon_core.shell:Creating environment descriptor '/ros2_ws/build/driver/share/driver/hook/pythonpath_develop.dsv'
[2.536s] INFO:colcon.colcon_core.shell:Creating environment hook '/ros2_ws/build/driver/share/driver/hook/pythonpath_develop.sh'
[2.537s] Level 1:colcon.colcon_core.environment:checking '/ros2_ws/install/driver' for CMake module files
[2.538s] Level 1:colcon.colcon_core.environment:checking '/ros2_ws/install/driver' for CMake config files
[2.538s] Level 1:colcon.colcon_core.environment:checking '/ros2_ws/install/driver/lib'
[2.538s] Level 1:colcon.colcon_core.environment:checking '/ros2_ws/install/driver/bin'
[2.539s] Level 1:colcon.colcon_core.environment:checking '/ros2_ws/install/driver/lib/pkgconfig/driver.pc'
[2.539s] Level 1:colcon.colcon_core.environment:checking '/ros2_ws/install/driver/lib/python3.10/site-packages'
[2.539s] Level 1:colcon.colcon_core.shell:create_environment_hook('driver', 'pythonpath')
[2.539s] INFO:colcon.colcon_core.shell:Creating environment hook '/ros2_ws/install/driver/share/driver/hook/pythonpath.ps1'
[2.540s] INFO:colcon.colcon_core.shell:Creating environment descriptor '/ros2_ws/install/driver/share/driver/hook/pythonpath.dsv'
[2.543s] INFO:colcon.colcon_core.shell:Creating environment hook '/ros2_ws/install/driver/share/driver/hook/pythonpath.sh'
[2.549s] Level 1:colcon.colcon_core.environment:checking '/ros2_ws/install/driver/bin'
[2.549s] Level 1:colcon.colcon_core.environment:create_environment_scripts_only(driver)
[2.550s] INFO:colcon.colcon_core.shell:Creating package script '/ros2_ws/install/driver/share/driver/package.ps1'
[2.551s] INFO:colcon.colcon_core.shell:Creating package descriptor '/ros2_ws/install/driver/share/driver/package.dsv'
[2.552s] INFO:colcon.colcon_core.shell:Creating package script '/ros2_ws/install/driver/share/driver/package.sh'
[2.555s] INFO:colcon.colcon_core.shell:Creating package script '/ros2_ws/install/driver/share/driver/package.bash'
[2.556s] INFO:colcon.colcon_core.shell:Creating package script '/ros2_ws/install/driver/share/driver/package.zsh'
[2.557s] Level 1:colcon.colcon_core.environment:create_file_with_runtime_dependencies(/ros2_ws/install/driver/share/colcon-core/packages/driver)
[2.558s] DEBUG:colcon.colcon_parallel_executor.executor.parallel:closing loop
[2.558s] DEBUG:colcon.colcon_parallel_executor.executor.parallel:loop closed
[2.558s] DEBUG:colcon.colcon_parallel_executor.executor.parallel:run_until_complete finished with '0'
[2.558s] DEBUG:colcon.colcon_core.event_reactor:joining thread
[2.567s] INFO:colcon.colcon_core.plugin_system:Skipping extension 'colcon_notification.desktop_notification.terminal_notifier': Not used on non-Darwin systems
[2.567s] INFO:colcon.colcon_core.plugin_system:Skipping extension 'colcon_notification.desktop_notification.win32': Not used on non-Windows systems
[2.567s] INFO:colcon.colcon_notification.desktop_notification:Sending desktop notification using 'notify2'
[2.617s] DEBUG:colcon.colcon_core.event_reactor:joined thread
[2.618s] INFO:colcon.colcon_core.shell:Creating prefix script '/ros2_ws/install/local_setup.ps1'
[2.619s] INFO:colcon.colcon_core.shell:Creating prefix util module '/ros2_ws/install/_local_setup_util_ps1.py'
[2.626s] INFO:colcon.colcon_core.shell:Creating prefix chain script '/ros2_ws/install/setup.ps1'
[2.628s] INFO:colcon.colcon_core.shell:Creating prefix script '/ros2_ws/install/local_setup.sh'
[2.629s] INFO:colcon.colcon_core.shell:Creating prefix util module '/ros2_ws/install/_local_setup_util_sh.py'
[2.631s] INFO:colcon.colcon_core.shell:Creating prefix chain script '/ros2_ws/install/setup.sh'
[2.632s] INFO:colcon.colcon_core.shell:Creating prefix script '/ros2_ws/install/local_setup.bash'
[2.633s] INFO:colcon.colcon_core.shell:Creating prefix chain script '/ros2_ws/install/setup.bash'
[2.635s] INFO:colcon.colcon_core.shell:Creating prefix script '/ros2_ws/install/local_setup.zsh'
[2.636s] INFO:colcon.colcon_core.shell:Creating prefix chain script '/ros2_ws/install/setup.zsh'
