[0.015s] Invoking command in '/ros2_ws/build/oradar_lidar': CMAKE_PREFIX_PATH=/opt/ros/humble:${CMAKE_PREFIX_PATH} /usr/bin/cmake /ros2_ws/src/p2117_ros/oradar_ros -DCMAKE_INSTALL_PREFIX=/ros2_ws/install/oradar_lidar
[0.055s] [0m=============================================================[0m
[0.055s] [0m-- ROS Not Found, Ros Support is turned Off![0m
[0.055s] [0m=============================================================[0m
[0.280s] -- Found rosidl_generator_c: 3.1.6 (/opt/ros/humble/share/rosidl_generator_c/cmake)
[0.283s] -- Found rosidl_adapter: 3.1.6 (/opt/ros/humble/share/rosidl_adapter/cmake)
[0.291s] -- Found rosidl_generator_cpp: 3.1.6 (/opt/ros/humble/share/rosidl_generator_cpp/cmake)
[0.304s] -- Using all available rosidl_typesupport_c: rosidl_typesupport_fastrtps_c;rosidl_typesupport_introspection_c
[0.320s] -- Using all available rosidl_typesupport_cpp: rosidl_typesupport_fastrtps_cpp;rosidl_typesupport_introspection_cpp
[0.362s] -- Found rmw_implementation_cmake: 6.1.2 (/opt/ros/humble/share/rmw_implementation_cmake/cmake)
[0.364s] -- Found rmw_fastrtps_cpp: 6.2.7 (/opt/ros/humble/share/rmw_fastrtps_cpp/cmake)
[0.517s] -- Using RMW implementation 'rmw_fastrtps_cpp' as default
[0.585s] [0m=============================================================[0m
[0.585s] [0m-- ROS2 Found. ROS2 Support is turned On![0m
[0.585s] [0m=============================================================[0m
[0.585s] -- Found sensor_msgs: 4.2.4 (/opt/ros/humble/share/sensor_msgs/cmake)
[0.630s] [0mCMake Deprecation Warning at sdk/CMakeLists.txt:36 (cmake_policy):
[0.630s]   The OLD behavior for policy CMP0053 will be removed from a future version
[0.630s]   of CMake.
[0.630s] 
[0.630s]   The cmake-policies(7) manual explains that the OLD behaviors of all
[0.630s]   policies are deprecated and that a policy should be set to OLD only under
[0.630s]   specific short-term circumstances.  Projects should be ported to the NEW
[0.630s]   behavior and not rely on setting a policy to OLD.
[0.630s] 
[0.630s] [0m
[0.630s] [0mCMake Deprecation Warning at sdk/CMakeLists.txt:39 (cmake_policy):
[0.630s]   The OLD behavior for policy CMP0037 will be removed from a future version
[0.630s]   of CMake.
[0.630s] 
[0.630s]   The cmake-policies(7) manual explains that the OLD behaviors of all
[0.630s]   policies are deprecated and that a policy should be set to OLD only under
[0.631s]   specific short-term circumstances.  Projects should be ported to the NEW
[0.631s]   behavior and not rely on setting a policy to OLD.
[0.631s] 
[0.631s] [0m
[0.631s] [0mCMake Deprecation Warning at sdk/CMakeLists.txt:42 (cmake_policy):
[0.631s]   The OLD behavior for policy CMP0043 will be removed from a future version
[0.631s]   of CMake.
[0.631s] 
[0.631s]   The cmake-policies(7) manual explains that the OLD behaviors of all
[0.631s]   policies are deprecated and that a policy should be set to OLD only under
[0.631s]   specific short-term circumstances.  Projects should be ported to the NEW
[0.631s]   behavior and not rely on setting a policy to OLD.
[0.631s] 
[0.631s] [0m
[0.631s] -- Could NOT find SWIG (missing: SWIG_EXECUTABLE SWIG_DIR) 
[0.679s] [0mCMake Deprecation Warning at sdk/cmake/install_package.cmake:101 (cmake_policy):
[0.679s]   The OLD behavior for policy CMP0026 will be removed from a future version
[0.680s]   of CMake.
[0.680s] 
[0.680s]   The cmake-policies(7) manual explains that the OLD behaviors of all
[0.680s]   policies are deprecated and that a policy should be set to OLD only under
[0.680s]   specific short-term circumstances.  Projects should be ported to the NEW
[0.680s]   behavior and not rely on setting a policy to OLD.
[0.680s] Call Stack (most recent call first):
[0.680s]   sdk/CMakeLists.txt:105 (install_package)
[0.680s] 
[0.680s] [0m
[0.782s] -- Configuring done
[0.836s] -- Generating done
[0.881s] -- Build files have been written to: /ros2_ws/build/oradar_lidar
[0.903s] Invoked command in '/ros2_ws/build/oradar_lidar' returned '0': CMAKE_PREFIX_PATH=/opt/ros/humble:${CMAKE_PREFIX_PATH} /usr/bin/cmake /ros2_ws/src/p2117_ros/oradar_ros -DCMAKE_INSTALL_PREFIX=/ros2_ws/install/oradar_lidar
[0.906s] Invoking command in '/ros2_ws/build/oradar_lidar': CMAKE_PREFIX_PATH=/opt/ros/humble:${CMAKE_PREFIX_PATH} /usr/bin/cmake --build /ros2_ws/build/oradar_lidar -- -j4 -l4
[0.979s] [35m[1mConsolidate compiler generated dependencies of target oradar_sdk[0m
[1.011s] [ 60%] Built target oradar_sdk
[1.033s] [35m[1mConsolidate compiler generated dependencies of target non-blocking_test[0m
[1.033s] [35m[1mConsolidate compiler generated dependencies of target blocking_test[0m
[1.034s] [35m[1mConsolidate compiler generated dependencies of target oradar_scan[0m
[1.034s] [35m[1mConsolidate compiler generated dependencies of target blocking_c_api_test[0m
[1.054s] [ 80%] Built target blocking_c_api_test
[1.055s] [ 80%] Built target non-blocking_test
[1.061s] [ 90%] Built target oradar_scan
[1.067s] [100%] Built target blocking_test
[1.087s] Invoked command in '/ros2_ws/build/oradar_lidar' returned '0': CMAKE_PREFIX_PATH=/opt/ros/humble:${CMAKE_PREFIX_PATH} /usr/bin/cmake --build /ros2_ws/build/oradar_lidar -- -j4 -l4
[1.105s] Invoking command in '/ros2_ws/build/oradar_lidar': CMAKE_PREFIX_PATH=/opt/ros/humble:${CMAKE_PREFIX_PATH} /usr/bin/cmake --install /ros2_ws/build/oradar_lidar
[1.118s] -- Install configuration: "RELEASE"
[1.118s] -- Up-to-date: /ros2_ws/install/oradar_lidar/lib/oradar_lidar/oradar_scan
[1.118s] -- Up-to-date: /ros2_ws/install/oradar_lidar/share/oradar_lidar//launch
[1.118s] -- Up-to-date: /ros2_ws/install/oradar_lidar/share/oradar_lidar//launch/ms200_scan.launch.py
[1.118s] -- Up-to-date: /ros2_ws/install/oradar_lidar/share/oradar_lidar//launch/ms200_scan.launch
[1.118s] -- Up-to-date: /ros2_ws/install/oradar_lidar/share/oradar_lidar//launch/ms200_scan_view.launch.py
[1.119s] -- Up-to-date: /ros2_ws/install/oradar_lidar/share/oradar_lidar//launch/ms200_scan_view.launch
[1.119s] -- Up-to-date: /ros2_ws/install/oradar_lidar/share/oradar_lidar//rviz2
[1.119s] -- Up-to-date: /ros2_ws/install/oradar_lidar/share/oradar_lidar//rviz2/oradar_scan.rviz
[1.119s] -- Up-to-date: /ros2_ws/install/oradar_lidar/share/ament_index/resource_index/package_run_dependencies/oradar_lidar
[1.119s] -- Up-to-date: /ros2_ws/install/oradar_lidar/share/ament_index/resource_index/parent_prefix_path/oradar_lidar
[1.119s] -- Up-to-date: /ros2_ws/install/oradar_lidar/share/oradar_lidar/environment/ament_prefix_path.sh
[1.119s] -- Installing: /ros2_ws/install/oradar_lidar/share/oradar_lidar/environment/ament_prefix_path.dsv
[1.119s] -- Up-to-date: /ros2_ws/install/oradar_lidar/share/oradar_lidar/environment/path.sh
[1.119s] -- Installing: /ros2_ws/install/oradar_lidar/share/oradar_lidar/environment/path.dsv
[1.119s] -- Up-to-date: /ros2_ws/install/oradar_lidar/share/oradar_lidar/local_setup.bash
[1.119s] -- Up-to-date: /ros2_ws/install/oradar_lidar/share/oradar_lidar/local_setup.sh
[1.119s] -- Up-to-date: /ros2_ws/install/oradar_lidar/share/oradar_lidar/local_setup.zsh
[1.119s] -- Installing: /ros2_ws/install/oradar_lidar/share/oradar_lidar/local_setup.dsv
[1.120s] -- Installing: /ros2_ws/install/oradar_lidar/share/oradar_lidar/package.dsv
[1.120s] -- Up-to-date: /ros2_ws/install/oradar_lidar/share/ament_index/resource_index/packages/oradar_lidar
[1.120s] -- Up-to-date: /ros2_ws/install/oradar_lidar/share/oradar_lidar/cmake/oradar_lidarConfig.cmake
[1.120s] -- Up-to-date: /ros2_ws/install/oradar_lidar/share/oradar_lidar/cmake/oradar_lidarConfig-version.cmake
[1.120s] -- Up-to-date: /ros2_ws/install/oradar_lidar/share/oradar_lidar/package.xml
[1.120s] -- Up-to-date: /ros2_ws/install/oradar_lidar/include/core/base/datatype.h
[1.120s] -- Up-to-date: /ros2_ws/install/oradar_lidar/include/core/base/locker.h
[1.121s] -- Up-to-date: /ros2_ws/install/oradar_lidar/include/core/base/thread.h
[1.121s] -- Up-to-date: /ros2_ws/install/oradar_lidar/include/core/base/timer.h
[1.121s] -- Up-to-date: /ros2_ws/install/oradar_lidar/include/core/base/typedef.h
[1.121s] -- Up-to-date: /ros2_ws/install/oradar_lidar/include/core/base/utils.h
[1.121s] -- Up-to-date: /ros2_ws/install/oradar_lidar/include/core/base/v8stdint.h
[1.121s] -- Up-to-date: /ros2_ws/install/oradar_lidar/include/core/common/ChannelDevice.h
[1.121s] -- Up-to-date: /ros2_ws/install/oradar_lidar/include/core/math/angles.h
[1.121s] -- Up-to-date: /ros2_ws/install/oradar_lidar/include/core/network/ActiveSocket.h
[1.121s] -- Up-to-date: /ros2_ws/install/oradar_lidar/include/core/network/PassiveSocket.h
[1.121s] -- Up-to-date: /ros2_ws/install/oradar_lidar/include/core/network/SimpleSocket.h
[1.121s] -- Up-to-date: /ros2_ws/install/oradar_lidar/include/core/network/StatTimer.h
[1.121s] -- Up-to-date: /ros2_ws/install/oradar_lidar/include/core/serial/common.h
[1.122s] -- Up-to-date: /ros2_ws/install/oradar_lidar/include/core/serial/serial.h
[1.122s] -- Up-to-date: /ros2_ws/install/oradar_lidar/include/core/serial/impl/unix/lock.h
[1.122s] -- Up-to-date: /ros2_ws/install/oradar_lidar/include/core/serial/impl/unix/unix.h
[1.122s] -- Up-to-date: /ros2_ws/install/oradar_lidar/include/core/serial/impl/unix/unix_serial.h
[1.122s] -- Up-to-date: /ros2_ws/install/oradar_lidar/include/src/ord_lidar_c_api_driver.h
[1.122s] -- Up-to-date: /ros2_ws/install/oradar_lidar/include/src/ord_lidar_driver.h
[1.122s] -- Up-to-date: /ros2_ws/install/oradar_lidar/include/src/ordlidar_protocol.h
[1.122s] -- Up-to-date: /ros2_ws/install/oradar_lidar/include/src/filters/FullScanFilter.h
[1.122s] -- Up-to-date: /ros2_ws/install/oradar_lidar/lib/liboradar_sdk.a
[1.123s] -- Up-to-date: /ros2_ws/install/oradar_lidar/bin/blocking_test
[1.123s] -- Up-to-date: /ros2_ws/install/oradar_lidar/bin/non-blocking_test
[1.124s] -- Up-to-date: /ros2_ws/install/oradar_lidar/bin/blocking_c_api_test
[1.127s] Invoked command in '/ros2_ws/build/oradar_lidar' returned '0': CMAKE_PREFIX_PATH=/opt/ros/humble:${CMAKE_PREFIX_PATH} /usr/bin/cmake --install /ros2_ws/build/oradar_lidar
