In file included from [01m[K/ros2_ws/build/msgs_srvs/rosidl_generator_c/msgs_srvs/msg/detail/pwm_servo_state_duration__functions.h:19[m[K,
                 from [01m[K/ros2_ws/build/msgs_srvs/rosidl_generator_c/msgs_srvs/msg/detail/pwm_servo_state_duration__functions.c:4[m[K:
[01m[K/ros2_ws/build/msgs_srvs/rosidl_generator_c/msgs_srvs/msg/detail/pwm_servo_state_duration__struct.h:22:10:[m[K [01;31m[Kfatal error: [m[Kresource/msg/detail/pwm_servo_state__struct.h: No such file or directory
   22 | #include [01;31m[K"resource/msg/detail/pwm_servo_state__struct.h"[m[K
      |          [01;31m[K^~~~~~~~~~~~~~~~~~~~~~~~~~~~~~~~~~~~~~~~~~~~~~~[m[K
compilation terminated.
gmake[2]: *** [CMakeFiles/msgs_srvs__rosidl_generator_c.dir/build.make:289: CMakeFiles/msgs_srvs__rosidl_generator_c.dir/rosidl_generator_c/msgs_srvs/msg/detail/pwm_servo_state_duration__functions.c.o] Error 1
gmake[2]: *** Waiting for unfinished jobs....
gmake[1]: *** [CMakeFiles/Makefile2:213: CMakeFiles/msgs_srvs__rosidl_generator_c.dir/all] Error 2
gmake[1]: *** Waiting for unfinished jobs....
In file included from [01m[K/ros2_ws/build/msgs_srvs/rosidl_typesupport_cpp/msgs_srvs/msg/pwm_servo_state_duration__type_support.cpp:7[m[K:
[01m[K/ros2_ws/build/msgs_srvs/rosidl_generator_cpp/msgs_srvs/msg/detail/pwm_servo_state_duration__struct.hpp:20:10:[m[K [01;31m[Kfatal error: [m[Kresource/msg/detail/pwm_servo_state__struct.hpp: No such file or directory
   20 | #include [01;31m[K"resource/msg/detail/pwm_servo_state__struct.hpp"[m[K
      |          [01;31m[K^~~~~~~~~~~~~~~~~~~~~~~~~~~~~~~~~~~~~~~~~~~~~~~~~[m[K
compilation terminated.
gmake[2]: *** [CMakeFiles/msgs_srvs__rosidl_typesupport_cpp.dir/build.make:198: CMakeFiles/msgs_srvs__rosidl_typesupport_cpp.dir/rosidl_typesupport_cpp/msgs_srvs/msg/pwm_servo_state_duration__type_support.cpp.o] Error 1
gmake[2]: *** Waiting for unfinished jobs....
In file included from [01m[K/ros2_ws/build/msgs_srvs/rosidl_typesupport_fastrtps_cpp/msgs_srvs/msg/detail/pwm_servo_state_duration__rosidl_typesupport_fastrtps_cpp.hpp:11[m[K,
                 from [01m[K/ros2_ws/build/msgs_srvs/rosidl_typesupport_fastrtps_cpp/msgs_srvs/msg/detail/dds_fastrtps/pwm_servo_state_duration__type_support.cpp:4[m[K:
[01m[K/ros2_ws/build/msgs_srvs/rosidl_generator_cpp/msgs_srvs/msg/detail/pwm_servo_state_duration__struct.hpp:20:10:[m[K [01;31m[Kfatal error: [m[Kresource/msg/detail/pwm_servo_state__struct.hpp: No such file or directory
   20 | #include [01;31m[K"resource/msg/detail/pwm_servo_state__struct.hpp"[m[K
      |          [01;31m[K^~~~~~~~~~~~~~~~~~~~~~~~~~~~~~~~~~~~~~~~~~~~~~~~~[m[K
compilation terminated.
gmake[2]: *** [CMakeFiles/msgs_srvs__rosidl_typesupport_fastrtps_cpp.dir/build.make:221: CMakeFiles/msgs_srvs__rosidl_typesupport_fastrtps_cpp.dir/rosidl_typesupport_fastrtps_cpp/msgs_srvs/msg/detail/dds_fastrtps/pwm_servo_state_duration__type_support.cpp.o] Error 1
gmake[2]: *** Waiting for unfinished jobs....
gmake[1]: *** [CMakeFiles/Makefile2:395: CMakeFiles/msgs_srvs__rosidl_typesupport_cpp.dir/all] Error 2
gmake[1]: *** [CMakeFiles/Makefile2:291: CMakeFiles/msgs_srvs__rosidl_typesupport_fastrtps_cpp.dir/all] Error 2
gmake: *** [Makefile:146: all] Error 2
