[0.144s] DEBUG:colcon:Command line arguments: ['/usr/bin/colcon', 'build', '--symlink-install']
[0.144s] DEBUG:colcon:Parsed command line arguments: Namespace(log_base=None, log_level=None, verb_name='build', build_base='build', install_base='install', merge_install=False, symlink_install=True, test_result_base=None, continue_on_error=False, executor='parallel', parallel_workers=4, event_handlers=None, ignore_user_meta=False, metas=['./colcon.meta'], base_paths=['.'], packages_ignore=None, packages_ignore_regex=None, paths=None, packages_up_to=None, packages_up_to_regex=None, packages_above=None, packages_above_and_dependencies=None, packages_above_depth=None, packages_select_by_dep=None, packages_skip_by_dep=None, packages_skip_up_to=None, packages_select_build_failed=False, packages_skip_build_finished=False, packages_select_test_failures=False, packages_skip_test_passed=False, packages_select=None, packages_skip=None, packages_select_regex=None, packages_skip_regex=None, packages_start=None, packages_end=None, allow_overriding=[], cmake_args=None, cmake_target=None, cmake_target_skip_unavailable=False, cmake_clean_cache=False, cmake_clean_first=False, cmake_force_configure=False, ament_cmake_args=None, catkin_cmake_args=None, catkin_skip_building_tests=False, mixin_files=None, mixin=None, verb_parser=<colcon_mixin.mixin.mixin_argument.MixinArgumentDecorator object at 0xffffbaa50f40>, verb_extension=<colcon_core.verb.build.BuildVerb object at 0xffffbaa509d0>, main=<bound method BuildVerb.main of <colcon_core.verb.build.BuildVerb object at 0xffffbaa509d0>>, mixin_verb=('build',))
[0.344s] Level 1:colcon.colcon_core.package_discovery:discover_packages(colcon_meta) check parameters
[0.345s] Level 1:colcon.colcon_core.package_discovery:discover_packages(recursive) check parameters
[0.345s] Level 1:colcon.colcon_core.package_discovery:discover_packages(ignore) check parameters
[0.345s] Level 1:colcon.colcon_core.package_discovery:discover_packages(path) check parameters
[0.345s] Level 1:colcon.colcon_core.package_discovery:discover_packages(colcon_meta) discover
[0.345s] Level 1:colcon.colcon_core.package_discovery:discover_packages(recursive) discover
[0.345s] INFO:colcon.colcon_core.package_discovery:Crawling recursively for packages in '/ros2_ws'
[0.345s] Level 1:colcon.colcon_core.package_identification:_identify(.) by extensions ['ignore', 'ignore_ament_install']
[0.345s] Level 1:colcon.colcon_core.package_identification:_identify(.) by extension 'ignore'
[0.345s] Level 1:colcon.colcon_core.package_identification:_identify(.) by extension 'ignore_ament_install'
[0.345s] Level 1:colcon.colcon_core.package_identification:_identify(.) by extensions ['colcon_pkg']
[0.345s] Level 1:colcon.colcon_core.package_identification:_identify(.) by extension 'colcon_pkg'
[0.345s] Level 1:colcon.colcon_core.package_identification:_identify(.) by extensions ['colcon_meta']
[0.345s] Level 1:colcon.colcon_core.package_identification:_identify(.) by extension 'colcon_meta'
[0.345s] Level 1:colcon.colcon_core.package_identification:_identify(.) by extensions ['ros']
[0.345s] Level 1:colcon.colcon_core.package_identification:_identify(.) by extension 'ros'
[0.361s] Level 1:colcon.colcon_core.package_identification:_identify(.) by extensions ['cmake', 'python']
[0.362s] Level 1:colcon.colcon_core.package_identification:_identify(.) by extension 'cmake'
[0.362s] Level 1:colcon.colcon_core.package_identification:_identify(.) by extension 'python'
[0.362s] Level 1:colcon.colcon_core.package_identification:_identify(.) by extensions ['python_setup_py']
[0.362s] Level 1:colcon.colcon_core.package_identification:_identify(.) by extension 'python_setup_py'
[0.362s] Level 1:colcon.colcon_core.package_identification:_identify(build) by extensions ['ignore', 'ignore_ament_install']
[0.362s] Level 1:colcon.colcon_core.package_identification:_identify(build) by extension 'ignore'
[0.362s] Level 1:colcon.colcon_core.package_identification:_identify(build) ignored
[0.362s] Level 1:colcon.colcon_core.package_identification:_identify(install) by extensions ['ignore', 'ignore_ament_install']
[0.362s] Level 1:colcon.colcon_core.package_identification:_identify(install) by extension 'ignore'
[0.362s] Level 1:colcon.colcon_core.package_identification:_identify(install) ignored
[0.362s] Level 1:colcon.colcon_core.package_identification:_identify(log) by extensions ['ignore', 'ignore_ament_install']
[0.363s] Level 1:colcon.colcon_core.package_identification:_identify(log) by extension 'ignore'
[0.363s] Level 1:colcon.colcon_core.package_identification:_identify(log) ignored
[0.363s] Level 1:colcon.colcon_core.package_identification:_identify(src) by extensions ['ignore', 'ignore_ament_install']
[0.363s] Level 1:colcon.colcon_core.package_identification:_identify(src) by extension 'ignore'
[0.363s] Level 1:colcon.colcon_core.package_identification:_identify(src) by extension 'ignore_ament_install'
[0.363s] Level 1:colcon.colcon_core.package_identification:_identify(src) by extensions ['colcon_pkg']
[0.363s] Level 1:colcon.colcon_core.package_identification:_identify(src) by extension 'colcon_pkg'
[0.363s] Level 1:colcon.colcon_core.package_identification:_identify(src) by extensions ['colcon_meta']
[0.363s] Level 1:colcon.colcon_core.package_identification:_identify(src) by extension 'colcon_meta'
[0.363s] Level 1:colcon.colcon_core.package_identification:_identify(src) by extensions ['ros']
[0.363s] Level 1:colcon.colcon_core.package_identification:_identify(src) by extension 'ros'
[0.363s] Level 1:colcon.colcon_core.package_identification:_identify(src) by extensions ['cmake', 'python']
[0.363s] Level 1:colcon.colcon_core.package_identification:_identify(src) by extension 'cmake'
[0.363s] Level 1:colcon.colcon_core.package_identification:_identify(src) by extension 'python'
[0.363s] Level 1:colcon.colcon_core.package_identification:_identify(src) by extensions ['python_setup_py']
[0.363s] Level 1:colcon.colcon_core.package_identification:_identify(src) by extension 'python_setup_py'
[0.363s] Level 1:colcon.colcon_core.package_identification:_identify(src/driver) by extensions ['ignore', 'ignore_ament_install']
[0.363s] Level 1:colcon.colcon_core.package_identification:_identify(src/driver) by extension 'ignore'
[0.363s] Level 1:colcon.colcon_core.package_identification:_identify(src/driver) by extension 'ignore_ament_install'
[0.364s] Level 1:colcon.colcon_core.package_identification:_identify(src/driver) by extensions ['colcon_pkg']
[0.364s] Level 1:colcon.colcon_core.package_identification:_identify(src/driver) by extension 'colcon_pkg'
[0.364s] Level 1:colcon.colcon_core.package_identification:_identify(src/driver) by extensions ['colcon_meta']
[0.364s] Level 1:colcon.colcon_core.package_identification:_identify(src/driver) by extension 'colcon_meta'
[0.364s] Level 1:colcon.colcon_core.package_identification:_identify(src/driver) by extensions ['ros']
[0.364s] Level 1:colcon.colcon_core.package_identification:_identify(src/driver) by extension 'ros'
[0.367s] DEBUG:colcon.colcon_core.package_identification:Package 'src/driver' with type 'ros.ament_python' and name 'driver'
[0.367s] Level 1:colcon.colcon_core.package_identification:_identify(src/msgs_srvs) by extensions ['ignore', 'ignore_ament_install']
[0.367s] Level 1:colcon.colcon_core.package_identification:_identify(src/msgs_srvs) by extension 'ignore'
[0.367s] Level 1:colcon.colcon_core.package_identification:_identify(src/msgs_srvs) by extension 'ignore_ament_install'
[0.367s] Level 1:colcon.colcon_core.package_identification:_identify(src/msgs_srvs) by extensions ['colcon_pkg']
[0.367s] Level 1:colcon.colcon_core.package_identification:_identify(src/msgs_srvs) by extension 'colcon_pkg'
[0.367s] Level 1:colcon.colcon_core.package_identification:_identify(src/msgs_srvs) by extensions ['colcon_meta']
[0.368s] Level 1:colcon.colcon_core.package_identification:_identify(src/msgs_srvs) by extension 'colcon_meta'
[0.368s] Level 1:colcon.colcon_core.package_identification:_identify(src/msgs_srvs) by extensions ['ros']
[0.368s] Level 1:colcon.colcon_core.package_identification:_identify(src/msgs_srvs) by extension 'ros'
[0.368s] DEBUG:colcon.colcon_core.package_identification:Package 'src/msgs_srvs' with type 'ros.ament_cmake' and name 'msgs_srvs'
[0.369s] Level 1:colcon.colcon_core.package_identification:_identify(src/p2117_ros) by extensions ['ignore', 'ignore_ament_install']
[0.369s] Level 1:colcon.colcon_core.package_identification:_identify(src/p2117_ros) by extension 'ignore'
[0.369s] Level 1:colcon.colcon_core.package_identification:_identify(src/p2117_ros) by extension 'ignore_ament_install'
[0.369s] Level 1:colcon.colcon_core.package_identification:_identify(src/p2117_ros) by extensions ['colcon_pkg']
[0.369s] Level 1:colcon.colcon_core.package_identification:_identify(src/p2117_ros) by extension 'colcon_pkg'
[0.369s] Level 1:colcon.colcon_core.package_identification:_identify(src/p2117_ros) by extensions ['colcon_meta']
[0.369s] Level 1:colcon.colcon_core.package_identification:_identify(src/p2117_ros) by extension 'colcon_meta'
[0.369s] Level 1:colcon.colcon_core.package_identification:_identify(src/p2117_ros) by extensions ['ros']
[0.369s] Level 1:colcon.colcon_core.package_identification:_identify(src/p2117_ros) by extension 'ros'
[0.369s] Level 1:colcon.colcon_core.package_identification:_identify(src/p2117_ros) by extensions ['cmake', 'python']
[0.369s] Level 1:colcon.colcon_core.package_identification:_identify(src/p2117_ros) by extension 'cmake'
[0.369s] Level 1:colcon.colcon_core.package_identification:_identify(src/p2117_ros) by extension 'python'
[0.369s] Level 1:colcon.colcon_core.package_identification:_identify(src/p2117_ros) by extensions ['python_setup_py']
[0.369s] Level 1:colcon.colcon_core.package_identification:_identify(src/p2117_ros) by extension 'python_setup_py'
[0.369s] Level 1:colcon.colcon_core.package_identification:_identify(src/p2117_ros/oradar_ros) by extensions ['ignore', 'ignore_ament_install']
[0.369s] Level 1:colcon.colcon_core.package_identification:_identify(src/p2117_ros/oradar_ros) by extension 'ignore'
[0.369s] Level 1:colcon.colcon_core.package_identification:_identify(src/p2117_ros/oradar_ros) by extension 'ignore_ament_install'
[0.370s] Level 1:colcon.colcon_core.package_identification:_identify(src/p2117_ros/oradar_ros) by extensions ['colcon_pkg']
[0.370s] Level 1:colcon.colcon_core.package_identification:_identify(src/p2117_ros/oradar_ros) by extension 'colcon_pkg'
[0.370s] Level 1:colcon.colcon_core.package_identification:_identify(src/p2117_ros/oradar_ros) by extensions ['colcon_meta']
[0.370s] Level 1:colcon.colcon_core.package_identification:_identify(src/p2117_ros/oradar_ros) by extension 'colcon_meta'
[0.370s] Level 1:colcon.colcon_core.package_identification:_identify(src/p2117_ros/oradar_ros) by extensions ['ros']
[0.370s] Level 1:colcon.colcon_core.package_identification:_identify(src/p2117_ros/oradar_ros) by extension 'ros'
[0.370s] DEBUG:colcon.colcon_core.package_identification:Package 'src/p2117_ros/oradar_ros' with type 'ros.ament_cmake' and name 'oradar_lidar'
[0.371s] Level 1:colcon.colcon_core.package_discovery:discover_packages(recursive) using defaults
[0.371s] Level 1:colcon.colcon_core.package_discovery:discover_packages(ignore) discover
[0.371s] Level 1:colcon.colcon_core.package_discovery:discover_packages(ignore) using defaults
[0.371s] Level 1:colcon.colcon_core.package_discovery:discover_packages(path) discover
[0.371s] Level 1:colcon.colcon_core.package_discovery:discover_packages(path) using defaults
[0.423s] Level 1:colcon.colcon_core.package_discovery:discover_packages(prefix_path) check parameters
[0.423s] Level 1:colcon.colcon_core.package_discovery:discover_packages(prefix_path) discover
[0.425s] DEBUG:colcon.colcon_installed_package_information.package_discovery:Found 3 installed packages in /ros2_ws/install
[0.427s] DEBUG:colcon.colcon_installed_package_information.package_discovery:Found 286 installed packages in /opt/ros/humble
[0.429s] Level 1:colcon.colcon_core.package_discovery:discover_packages(prefix_path) using defaults
[0.480s] Level 5:colcon.colcon_core.verb:set package 'driver' build argument 'cmake_args' from command line to 'None'
[0.481s] Level 5:colcon.colcon_core.verb:set package 'driver' build argument 'cmake_target' from command line to 'None'
[0.481s] Level 5:colcon.colcon_core.verb:set package 'driver' build argument 'cmake_target_skip_unavailable' from command line to 'False'
[0.481s] Level 5:colcon.colcon_core.verb:set package 'driver' build argument 'cmake_clean_cache' from command line to 'False'
[0.481s] Level 5:colcon.colcon_core.verb:set package 'driver' build argument 'cmake_clean_first' from command line to 'False'
[0.481s] Level 5:colcon.colcon_core.verb:set package 'driver' build argument 'cmake_force_configure' from command line to 'False'
[0.481s] Level 5:colcon.colcon_core.verb:set package 'driver' build argument 'ament_cmake_args' from command line to 'None'
[0.481s] Level 5:colcon.colcon_core.verb:set package 'driver' build argument 'catkin_cmake_args' from command line to 'None'
[0.481s] Level 5:colcon.colcon_core.verb:set package 'driver' build argument 'catkin_skip_building_tests' from command line to 'False'
[0.481s] DEBUG:colcon.colcon_core.verb:Building package 'driver' with the following arguments: {'ament_cmake_args': None, 'build_base': '/ros2_ws/build/driver', 'catkin_cmake_args': None, 'catkin_skip_building_tests': False, 'cmake_args': None, 'cmake_clean_cache': False, 'cmake_clean_first': False, 'cmake_force_configure': False, 'cmake_target': None, 'cmake_target_skip_unavailable': False, 'install_base': '/ros2_ws/install/driver', 'merge_install': False, 'path': '/ros2_ws/src/driver', 'symlink_install': True, 'test_result_base': None}
[0.481s] Level 5:colcon.colcon_core.verb:set package 'msgs_srvs' build argument 'cmake_args' from command line to 'None'
[0.481s] Level 5:colcon.colcon_core.verb:set package 'msgs_srvs' build argument 'cmake_target' from command line to 'None'
[0.481s] Level 5:colcon.colcon_core.verb:set package 'msgs_srvs' build argument 'cmake_target_skip_unavailable' from command line to 'False'
[0.481s] Level 5:colcon.colcon_core.verb:set package 'msgs_srvs' build argument 'cmake_clean_cache' from command line to 'False'
[0.481s] Level 5:colcon.colcon_core.verb:set package 'msgs_srvs' build argument 'cmake_clean_first' from command line to 'False'
[0.481s] Level 5:colcon.colcon_core.verb:set package 'msgs_srvs' build argument 'cmake_force_configure' from command line to 'False'
[0.481s] Level 5:colcon.colcon_core.verb:set package 'msgs_srvs' build argument 'ament_cmake_args' from command line to 'None'
[0.481s] Level 5:colcon.colcon_core.verb:set package 'msgs_srvs' build argument 'catkin_cmake_args' from command line to 'None'
[0.481s] Level 5:colcon.colcon_core.verb:set package 'msgs_srvs' build argument 'catkin_skip_building_tests' from command line to 'False'
[0.481s] DEBUG:colcon.colcon_core.verb:Building package 'msgs_srvs' with the following arguments: {'ament_cmake_args': None, 'build_base': '/ros2_ws/build/msgs_srvs', 'catkin_cmake_args': None, 'catkin_skip_building_tests': False, 'cmake_args': None, 'cmake_clean_cache': False, 'cmake_clean_first': False, 'cmake_force_configure': False, 'cmake_target': None, 'cmake_target_skip_unavailable': False, 'install_base': '/ros2_ws/install/msgs_srvs', 'merge_install': False, 'path': '/ros2_ws/src/msgs_srvs', 'symlink_install': True, 'test_result_base': None}
[0.482s] Level 5:colcon.colcon_core.verb:set package 'oradar_lidar' build argument 'cmake_args' from command line to 'None'
[0.482s] Level 5:colcon.colcon_core.verb:set package 'oradar_lidar' build argument 'cmake_target' from command line to 'None'
[0.482s] Level 5:colcon.colcon_core.verb:set package 'oradar_lidar' build argument 'cmake_target_skip_unavailable' from command line to 'False'
[0.482s] Level 5:colcon.colcon_core.verb:set package 'oradar_lidar' build argument 'cmake_clean_cache' from command line to 'False'
[0.482s] Level 5:colcon.colcon_core.verb:set package 'oradar_lidar' build argument 'cmake_clean_first' from command line to 'False'
[0.482s] Level 5:colcon.colcon_core.verb:set package 'oradar_lidar' build argument 'cmake_force_configure' from command line to 'False'
[0.482s] Level 5:colcon.colcon_core.verb:set package 'oradar_lidar' build argument 'ament_cmake_args' from command line to 'None'
[0.482s] Level 5:colcon.colcon_core.verb:set package 'oradar_lidar' build argument 'catkin_cmake_args' from command line to 'None'
[0.482s] Level 5:colcon.colcon_core.verb:set package 'oradar_lidar' build argument 'catkin_skip_building_tests' from command line to 'False'
[0.482s] DEBUG:colcon.colcon_core.verb:Building package 'oradar_lidar' with the following arguments: {'ament_cmake_args': None, 'build_base': '/ros2_ws/build/oradar_lidar', 'catkin_cmake_args': None, 'catkin_skip_building_tests': False, 'cmake_args': None, 'cmake_clean_cache': False, 'cmake_clean_first': False, 'cmake_force_configure': False, 'cmake_target': None, 'cmake_target_skip_unavailable': False, 'install_base': '/ros2_ws/install/oradar_lidar', 'merge_install': False, 'path': '/ros2_ws/src/p2117_ros/oradar_ros', 'symlink_install': True, 'test_result_base': None}
[0.482s] INFO:colcon.colcon_core.executor:Executing jobs using 'parallel' executor
[0.484s] DEBUG:colcon.colcon_parallel_executor.executor.parallel:run_until_complete
[0.484s] INFO:colcon.colcon_ros.task.ament_python.build:Building ROS package in '/ros2_ws/src/driver' with build type 'ament_python'
[0.484s] Level 1:colcon.colcon_core.shell:create_environment_hook('driver', 'ament_prefix_path')
[0.487s] INFO:colcon.colcon_core.plugin_system:Skipping extension 'colcon_core.shell.bat': Not used on non-Windows systems
[0.487s] INFO:colcon.colcon_core.shell:Creating environment hook '/ros2_ws/install/driver/share/driver/hook/ament_prefix_path.ps1'
[0.488s] INFO:colcon.colcon_core.shell:Creating environment descriptor '/ros2_ws/install/driver/share/driver/hook/ament_prefix_path.dsv'
[0.494s] INFO:colcon.colcon_core.shell:Creating environment hook '/ros2_ws/install/driver/share/driver/hook/ament_prefix_path.sh'
[0.496s] INFO:colcon.colcon_core.shell:Skip shell extension 'powershell' for command environment: Not usable outside of PowerShell
[0.496s] DEBUG:colcon.colcon_core.shell:Skip shell extension 'dsv' for command environment
[0.503s] INFO:colcon.colcon_ros.task.ament_cmake.build:Building ROS package in '/ros2_ws/src/msgs_srvs' with build type 'ament_cmake'
[0.503s] INFO:colcon.colcon_cmake.task.cmake.build:Building CMake package in '/ros2_ws/src/msgs_srvs'
[0.504s] INFO:colcon.colcon_core.shell:Skip shell extension 'powershell' for command environment: Not usable outside of PowerShell
[0.504s] DEBUG:colcon.colcon_core.shell:Skip shell extension 'dsv' for command environment
[0.509s] INFO:colcon.colcon_ros.task.ament_cmake.build:Building ROS package in '/ros2_ws/src/p2117_ros/oradar_ros' with build type 'ament_cmake'
[0.509s] INFO:colcon.colcon_cmake.task.cmake.build:Building CMake package in '/ros2_ws/src/p2117_ros/oradar_ros'
[0.510s] INFO:colcon.colcon_core.shell:Skip shell extension 'powershell' for command environment: Not usable outside of PowerShell
[0.510s] DEBUG:colcon.colcon_core.shell:Skip shell extension 'dsv' for command environment
[0.931s] INFO:colcon.colcon_core.task.python.build:Building Python package in '/ros2_ws/src/driver'
[0.931s] INFO:colcon.colcon_core.shell:Skip shell extension 'powershell' for command environment: Not usable outside of PowerShell
[0.931s] DEBUG:colcon.colcon_core.shell:Skip shell extension 'dsv' for command environment
[0.959s] DEBUG:colcon.colcon_core.event_handler.log_command:Invoking command in '/ros2_ws/build/msgs_srvs': CMAKE_PREFIX_PATH=/ros2_ws/install/driver:/opt/ros/humble:${CMAKE_PREFIX_PATH} /usr/bin/cmake --build /ros2_ws/build/msgs_srvs -- -j4 -l4
[0.967s] DEBUG:colcon.colcon_core.event_handler.log_command:Invoking command in '/ros2_ws/build/oradar_lidar': CMAKE_PREFIX_PATH=/ros2_ws/install/driver:/opt/ros/humble:${CMAKE_PREFIX_PATH} /usr/bin/cmake --build /ros2_ws/build/oradar_lidar -- -j4 -l4
[1.310s] DEBUG:colcon.colcon_core.event_handler.log_command:Invoked command in '/ros2_ws/build/oradar_lidar' returned '0': CMAKE_PREFIX_PATH=/ros2_ws/install/driver:/opt/ros/humble:${CMAKE_PREFIX_PATH} /usr/bin/cmake --build /ros2_ws/build/oradar_lidar -- -j4 -l4
[1.352s] DEBUG:colcon.colcon_core.event_handler.log_command:Invoking command in '/ros2_ws/build/oradar_lidar': CMAKE_PREFIX_PATH=/ros2_ws/install/driver:/opt/ros/humble:${CMAKE_PREFIX_PATH} /usr/bin/cmake --install /ros2_ws/build/oradar_lidar
[1.425s] Level 1:colcon.colcon_core.environment:create_environment_scripts_only(oradar_lidar)
[1.428s] DEBUG:colcon.colcon_core.event_handler.log_command:Invoked command in '/ros2_ws/build/oradar_lidar' returned '0': CMAKE_PREFIX_PATH=/ros2_ws/install/driver:/opt/ros/humble:${CMAKE_PREFIX_PATH} /usr/bin/cmake --install /ros2_ws/build/oradar_lidar
[1.431s] Level 1:colcon.colcon_core.environment:checking '/ros2_ws/install/oradar_lidar' for CMake module files
[1.435s] Level 1:colcon.colcon_core.environment:checking '/ros2_ws/install/oradar_lidar' for CMake config files
[1.436s] Level 1:colcon.colcon_core.shell:create_environment_hook('oradar_lidar', 'cmake_prefix_path')
[1.437s] INFO:colcon.colcon_core.shell:Creating environment hook '/ros2_ws/install/oradar_lidar/share/oradar_lidar/hook/cmake_prefix_path.ps1'
[1.441s] INFO:colcon.colcon_core.shell:Creating environment descriptor '/ros2_ws/install/oradar_lidar/share/oradar_lidar/hook/cmake_prefix_path.dsv'
[1.447s] INFO:colcon.colcon_core.shell:Creating environment hook '/ros2_ws/install/oradar_lidar/share/oradar_lidar/hook/cmake_prefix_path.sh'
[1.449s] Level 1:colcon.colcon_core.environment:checking '/ros2_ws/install/oradar_lidar/lib'
[1.450s] Level 1:colcon.colcon_core.environment:checking '/ros2_ws/install/oradar_lidar/bin'
[1.450s] Level 1:colcon.colcon_core.shell:create_environment_hook('oradar_lidar', 'path')
[1.451s] INFO:colcon.colcon_core.shell:Creating environment hook '/ros2_ws/install/oradar_lidar/share/oradar_lidar/hook/path.ps1'
[1.454s] INFO:colcon.colcon_core.shell:Creating environment descriptor '/ros2_ws/install/oradar_lidar/share/oradar_lidar/hook/path.dsv'
[1.456s] INFO:colcon.colcon_core.shell:Creating environment hook '/ros2_ws/install/oradar_lidar/share/oradar_lidar/hook/path.sh'
[1.458s] Level 1:colcon.colcon_core.environment:checking '/ros2_ws/install/oradar_lidar/lib/pkgconfig/oradar_lidar.pc'
[1.458s] Level 1:colcon.colcon_core.environment:checking '/ros2_ws/install/oradar_lidar/lib/python3.10/site-packages'
[1.459s] Level 1:colcon.colcon_core.environment:checking '/ros2_ws/install/oradar_lidar/bin'
[1.459s] Level 1:colcon.colcon_core.shell:create_environment_hook('oradar_lidar', 'pythonscriptspath')
[1.460s] INFO:colcon.colcon_core.shell:Creating environment hook '/ros2_ws/install/oradar_lidar/share/oradar_lidar/hook/pythonscriptspath.ps1'
[1.461s] INFO:colcon.colcon_core.shell:Creating environment descriptor '/ros2_ws/install/oradar_lidar/share/oradar_lidar/hook/pythonscriptspath.dsv'
[1.462s] INFO:colcon.colcon_core.shell:Creating environment hook '/ros2_ws/install/oradar_lidar/share/oradar_lidar/hook/pythonscriptspath.sh'
[1.464s] INFO:colcon.colcon_core.shell:Creating package script '/ros2_ws/install/oradar_lidar/share/oradar_lidar/package.ps1'
[1.466s] INFO:colcon.colcon_core.shell:Creating package descriptor '/ros2_ws/install/oradar_lidar/share/oradar_lidar/package.dsv'
[1.467s] INFO:colcon.colcon_core.shell:Creating package script '/ros2_ws/install/oradar_lidar/share/oradar_lidar/package.sh'
[1.469s] INFO:colcon.colcon_core.shell:Creating package script '/ros2_ws/install/oradar_lidar/share/oradar_lidar/package.bash'
[1.471s] INFO:colcon.colcon_core.shell:Creating package script '/ros2_ws/install/oradar_lidar/share/oradar_lidar/package.zsh'
[1.473s] Level 1:colcon.colcon_core.environment:create_file_with_runtime_dependencies(/ros2_ws/install/oradar_lidar/share/colcon-core/packages/oradar_lidar)
[1.475s] Level 1:colcon.colcon_core.environment:create_environment_scripts_only(oradar_lidar)
[1.475s] Level 1:colcon.colcon_core.environment:checking '/ros2_ws/install/oradar_lidar' for CMake module files
[1.476s] Level 1:colcon.colcon_core.environment:checking '/ros2_ws/install/oradar_lidar' for CMake config files
[1.479s] Level 1:colcon.colcon_core.shell:create_environment_hook('oradar_lidar', 'cmake_prefix_path')
[1.480s] INFO:colcon.colcon_core.shell:Creating environment hook '/ros2_ws/install/oradar_lidar/share/oradar_lidar/hook/cmake_prefix_path.ps1'
[1.481s] INFO:colcon.colcon_core.shell:Creating environment descriptor '/ros2_ws/install/oradar_lidar/share/oradar_lidar/hook/cmake_prefix_path.dsv'
[1.481s] INFO:colcon.colcon_core.shell:Creating environment hook '/ros2_ws/install/oradar_lidar/share/oradar_lidar/hook/cmake_prefix_path.sh'
[1.483s] Level 1:colcon.colcon_core.environment:checking '/ros2_ws/install/oradar_lidar/lib'
[1.483s] Level 1:colcon.colcon_core.environment:checking '/ros2_ws/install/oradar_lidar/bin'
[1.483s] Level 1:colcon.colcon_core.shell:create_environment_hook('oradar_lidar', 'path')
[1.483s] INFO:colcon.colcon_core.shell:Creating environment hook '/ros2_ws/install/oradar_lidar/share/oradar_lidar/hook/path.ps1'
[1.484s] INFO:colcon.colcon_core.shell:Creating environment descriptor '/ros2_ws/install/oradar_lidar/share/oradar_lidar/hook/path.dsv'
[1.485s] INFO:colcon.colcon_core.shell:Creating environment hook '/ros2_ws/install/oradar_lidar/share/oradar_lidar/hook/path.sh'
[1.486s] Level 1:colcon.colcon_core.environment:checking '/ros2_ws/install/oradar_lidar/lib/pkgconfig/oradar_lidar.pc'
[1.486s] Level 1:colcon.colcon_core.environment:checking '/ros2_ws/install/oradar_lidar/lib/python3.10/site-packages'
[1.487s] Level 1:colcon.colcon_core.environment:checking '/ros2_ws/install/oradar_lidar/bin'
[1.487s] Level 1:colcon.colcon_core.shell:create_environment_hook('oradar_lidar', 'pythonscriptspath')
[1.487s] INFO:colcon.colcon_core.shell:Creating environment hook '/ros2_ws/install/oradar_lidar/share/oradar_lidar/hook/pythonscriptspath.ps1'
[1.488s] INFO:colcon.colcon_core.shell:Creating environment descriptor '/ros2_ws/install/oradar_lidar/share/oradar_lidar/hook/pythonscriptspath.dsv'
[1.489s] INFO:colcon.colcon_core.shell:Creating environment hook '/ros2_ws/install/oradar_lidar/share/oradar_lidar/hook/pythonscriptspath.sh'
[1.490s] INFO:colcon.colcon_core.shell:Creating package script '/ros2_ws/install/oradar_lidar/share/oradar_lidar/package.ps1'
[1.492s] INFO:colcon.colcon_core.shell:Creating package descriptor '/ros2_ws/install/oradar_lidar/share/oradar_lidar/package.dsv'
[1.493s] INFO:colcon.colcon_core.shell:Creating package script '/ros2_ws/install/oradar_lidar/share/oradar_lidar/package.sh'
[1.497s] INFO:colcon.colcon_core.shell:Creating package script '/ros2_ws/install/oradar_lidar/share/oradar_lidar/package.bash'
[1.498s] INFO:colcon.colcon_core.shell:Creating package script '/ros2_ws/install/oradar_lidar/share/oradar_lidar/package.zsh'
[1.499s] Level 1:colcon.colcon_core.environment:create_file_with_runtime_dependencies(/ros2_ws/install/oradar_lidar/share/colcon-core/packages/oradar_lidar)
[1.818s] DEBUG:colcon.colcon_core.event_handler.log_command:Invoking command in '/ros2_ws/build/driver': PYTHONPATH=/ros2_ws/build/driver/prefix_override:/usr/lib/python3/dist-packages/colcon_core/task/python/colcon_distutils_commands:/ros2_ws/install/driver/lib/python3.10/site-packages:${PYTHONPATH} /usr/bin/python3 -W ignore:setup.py install is deprecated -W ignore:easy_install command is deprecated setup.py develop --editable --build-directory /ros2_ws/build/driver/build --no-deps symlink_data
[1.914s] DEBUG:colcon.colcon_core.event_handler.log_command:Invoked command in '/ros2_ws/build/msgs_srvs' returned '0': CMAKE_PREFIX_PATH=/ros2_ws/install/driver:/opt/ros/humble:${CMAKE_PREFIX_PATH} /usr/bin/cmake --build /ros2_ws/build/msgs_srvs -- -j4 -l4
[1.917s] DEBUG:colcon.colcon_core.event_handler.log_command:Invoking command in '/ros2_ws/build/msgs_srvs': CMAKE_PREFIX_PATH=/ros2_ws/install/driver:/opt/ros/humble:${CMAKE_PREFIX_PATH} /usr/bin/cmake --install /ros2_ws/build/msgs_srvs
[2.075s] Level 1:colcon.colcon_core.environment:create_environment_scripts_only(msgs_srvs)
[2.075s] Level 1:colcon.colcon_core.environment:checking '/ros2_ws/install/msgs_srvs' for CMake module files
[2.076s] DEBUG:colcon.colcon_core.event_handler.log_command:Invoked command in '/ros2_ws/build/msgs_srvs' returned '0': CMAKE_PREFIX_PATH=/ros2_ws/install/driver:/opt/ros/humble:${CMAKE_PREFIX_PATH} /usr/bin/cmake --install /ros2_ws/build/msgs_srvs
[2.076s] Level 1:colcon.colcon_core.environment:checking '/ros2_ws/install/msgs_srvs' for CMake config files
[2.078s] Level 1:colcon.colcon_core.shell:create_environment_hook('msgs_srvs', 'cmake_prefix_path')
[2.078s] INFO:colcon.colcon_core.shell:Creating environment hook '/ros2_ws/install/msgs_srvs/share/msgs_srvs/hook/cmake_prefix_path.ps1'
[2.079s] INFO:colcon.colcon_core.shell:Creating environment descriptor '/ros2_ws/install/msgs_srvs/share/msgs_srvs/hook/cmake_prefix_path.dsv'
[2.081s] INFO:colcon.colcon_core.shell:Creating environment hook '/ros2_ws/install/msgs_srvs/share/msgs_srvs/hook/cmake_prefix_path.sh'
[2.082s] Level 1:colcon.colcon_core.environment:checking '/ros2_ws/install/msgs_srvs/lib'
[2.082s] Level 1:colcon.colcon_core.shell:create_environment_hook('msgs_srvs', 'ld_library_path_lib')
[2.082s] INFO:colcon.colcon_core.shell:Creating environment hook '/ros2_ws/install/msgs_srvs/share/msgs_srvs/hook/ld_library_path_lib.ps1'
[2.083s] INFO:colcon.colcon_core.shell:Creating environment descriptor '/ros2_ws/install/msgs_srvs/share/msgs_srvs/hook/ld_library_path_lib.dsv'
[2.084s] INFO:colcon.colcon_core.shell:Creating environment hook '/ros2_ws/install/msgs_srvs/share/msgs_srvs/hook/ld_library_path_lib.sh'
[2.086s] Level 1:colcon.colcon_core.environment:checking '/ros2_ws/install/msgs_srvs/bin'
[2.086s] Level 1:colcon.colcon_core.environment:checking '/ros2_ws/install/msgs_srvs/lib/pkgconfig/msgs_srvs.pc'
[2.086s] Level 1:colcon.colcon_core.environment:checking '/ros2_ws/install/msgs_srvs/lib/python3.10/site-packages'
[2.086s] Level 1:colcon.colcon_core.environment:checking '/ros2_ws/install/msgs_srvs/bin'
[2.087s] INFO:colcon.colcon_core.shell:Creating package script '/ros2_ws/install/msgs_srvs/share/msgs_srvs/package.ps1'
[2.087s] INFO:colcon.colcon_core.shell:Creating package descriptor '/ros2_ws/install/msgs_srvs/share/msgs_srvs/package.dsv'
[2.088s] INFO:colcon.colcon_core.shell:Creating package script '/ros2_ws/install/msgs_srvs/share/msgs_srvs/package.sh'
[2.089s] INFO:colcon.colcon_core.shell:Creating package script '/ros2_ws/install/msgs_srvs/share/msgs_srvs/package.bash'
[2.090s] INFO:colcon.colcon_core.shell:Creating package script '/ros2_ws/install/msgs_srvs/share/msgs_srvs/package.zsh'
[2.091s] Level 1:colcon.colcon_core.environment:create_file_with_runtime_dependencies(/ros2_ws/install/msgs_srvs/share/colcon-core/packages/msgs_srvs)
[2.093s] Level 1:colcon.colcon_core.environment:create_environment_scripts_only(msgs_srvs)
[2.093s] Level 1:colcon.colcon_core.environment:checking '/ros2_ws/install/msgs_srvs' for CMake module files
[2.094s] Level 1:colcon.colcon_core.environment:checking '/ros2_ws/install/msgs_srvs' for CMake config files
[2.096s] Level 1:colcon.colcon_core.shell:create_environment_hook('msgs_srvs', 'cmake_prefix_path')
[2.096s] INFO:colcon.colcon_core.shell:Creating environment hook '/ros2_ws/install/msgs_srvs/share/msgs_srvs/hook/cmake_prefix_path.ps1'
[2.097s] INFO:colcon.colcon_core.shell:Creating environment descriptor '/ros2_ws/install/msgs_srvs/share/msgs_srvs/hook/cmake_prefix_path.dsv'
[2.098s] INFO:colcon.colcon_core.shell:Creating environment hook '/ros2_ws/install/msgs_srvs/share/msgs_srvs/hook/cmake_prefix_path.sh'
[2.100s] Level 1:colcon.colcon_core.environment:checking '/ros2_ws/install/msgs_srvs/lib'
[2.100s] Level 1:colcon.colcon_core.shell:create_environment_hook('msgs_srvs', 'ld_library_path_lib')
[2.100s] INFO:colcon.colcon_core.shell:Creating environment hook '/ros2_ws/install/msgs_srvs/share/msgs_srvs/hook/ld_library_path_lib.ps1'
[2.101s] INFO:colcon.colcon_core.shell:Creating environment descriptor '/ros2_ws/install/msgs_srvs/share/msgs_srvs/hook/ld_library_path_lib.dsv'
[2.102s] INFO:colcon.colcon_core.shell:Creating environment hook '/ros2_ws/install/msgs_srvs/share/msgs_srvs/hook/ld_library_path_lib.sh'
[2.103s] Level 1:colcon.colcon_core.environment:checking '/ros2_ws/install/msgs_srvs/bin'
[2.104s] Level 1:colcon.colcon_core.environment:checking '/ros2_ws/install/msgs_srvs/lib/pkgconfig/msgs_srvs.pc'
[2.104s] Level 1:colcon.colcon_core.environment:checking '/ros2_ws/install/msgs_srvs/lib/python3.10/site-packages'
[2.104s] Level 1:colcon.colcon_core.environment:checking '/ros2_ws/install/msgs_srvs/bin'
[2.105s] INFO:colcon.colcon_core.shell:Creating package script '/ros2_ws/install/msgs_srvs/share/msgs_srvs/package.ps1'
[2.106s] INFO:colcon.colcon_core.shell:Creating package descriptor '/ros2_ws/install/msgs_srvs/share/msgs_srvs/package.dsv'
[2.107s] INFO:colcon.colcon_core.shell:Creating package script '/ros2_ws/install/msgs_srvs/share/msgs_srvs/package.sh'
[2.108s] INFO:colcon.colcon_core.shell:Creating package script '/ros2_ws/install/msgs_srvs/share/msgs_srvs/package.bash'
[2.110s] INFO:colcon.colcon_core.shell:Creating package script '/ros2_ws/install/msgs_srvs/share/msgs_srvs/package.zsh'
[2.113s] Level 1:colcon.colcon_core.environment:create_file_with_runtime_dependencies(/ros2_ws/install/msgs_srvs/share/colcon-core/packages/msgs_srvs)
[2.515s] Level 1:colcon.colcon_core.shell:create_environment_hook('driver', 'pythonpath_develop')
[2.515s] INFO:colcon.colcon_core.shell:Creating environment hook '/ros2_ws/build/driver/share/driver/hook/pythonpath_develop.ps1'
[2.516s] DEBUG:colcon.colcon_core.event_handler.log_command:Invoked command in '/ros2_ws/build/driver' returned '0': PYTHONPATH=/ros2_ws/build/driver/prefix_override:/usr/lib/python3/dist-packages/colcon_core/task/python/colcon_distutils_commands:/ros2_ws/install/driver/lib/python3.10/site-packages:${PYTHONPATH} /usr/bin/python3 -W ignore:setup.py install is deprecated -W ignore:easy_install command is deprecated setup.py develop --editable --build-directory /ros2_ws/build/driver/build --no-deps symlink_data
[2.516s] INFO:colcon.colcon_core.shell:Creating environment descriptor '/ros2_ws/build/driver/share/driver/hook/pythonpath_develop.dsv'
[2.524s] INFO:colcon.colcon_core.shell:Creating environment hook '/ros2_ws/build/driver/share/driver/hook/pythonpath_develop.sh'
[2.527s] Level 1:colcon.colcon_core.environment:checking '/ros2_ws/install/driver' for CMake module files
[2.529s] Level 1:colcon.colcon_core.environment:checking '/ros2_ws/install/driver' for CMake config files
[2.532s] Level 1:colcon.colcon_core.environment:checking '/ros2_ws/install/driver/lib'
[2.532s] Level 1:colcon.colcon_core.environment:checking '/ros2_ws/install/driver/bin'
[2.532s] Level 1:colcon.colcon_core.environment:checking '/ros2_ws/install/driver/lib/pkgconfig/driver.pc'
[2.532s] Level 1:colcon.colcon_core.environment:checking '/ros2_ws/install/driver/lib/python3.10/site-packages'
[2.532s] Level 1:colcon.colcon_core.shell:create_environment_hook('driver', 'pythonpath')
[2.533s] INFO:colcon.colcon_core.shell:Creating environment hook '/ros2_ws/install/driver/share/driver/hook/pythonpath.ps1'
[2.534s] INFO:colcon.colcon_core.shell:Creating environment descriptor '/ros2_ws/install/driver/share/driver/hook/pythonpath.dsv'
[2.535s] INFO:colcon.colcon_core.shell:Creating environment hook '/ros2_ws/install/driver/share/driver/hook/pythonpath.sh'
[2.536s] Level 1:colcon.colcon_core.environment:checking '/ros2_ws/install/driver/bin'
[2.537s] Level 1:colcon.colcon_core.environment:create_environment_scripts_only(driver)
[2.537s] INFO:colcon.colcon_core.shell:Creating package script '/ros2_ws/install/driver/share/driver/package.ps1'
[2.538s] INFO:colcon.colcon_core.shell:Creating package descriptor '/ros2_ws/install/driver/share/driver/package.dsv'
[2.539s] INFO:colcon.colcon_core.shell:Creating package script '/ros2_ws/install/driver/share/driver/package.sh'
[2.540s] INFO:colcon.colcon_core.shell:Creating package script '/ros2_ws/install/driver/share/driver/package.bash'
[2.541s] INFO:colcon.colcon_core.shell:Creating package script '/ros2_ws/install/driver/share/driver/package.zsh'
[2.543s] Level 1:colcon.colcon_core.environment:create_file_with_runtime_dependencies(/ros2_ws/install/driver/share/colcon-core/packages/driver)
[2.543s] DEBUG:colcon.colcon_parallel_executor.executor.parallel:closing loop
[2.543s] DEBUG:colcon.colcon_parallel_executor.executor.parallel:loop closed
[2.543s] DEBUG:colcon.colcon_parallel_executor.executor.parallel:run_until_complete finished with '0'
[2.543s] DEBUG:colcon.colcon_core.event_reactor:joining thread
[2.554s] INFO:colcon.colcon_core.plugin_system:Skipping extension 'colcon_notification.desktop_notification.terminal_notifier': Not used on non-Darwin systems
[2.555s] INFO:colcon.colcon_core.plugin_system:Skipping extension 'colcon_notification.desktop_notification.win32': Not used on non-Windows systems
[2.555s] INFO:colcon.colcon_notification.desktop_notification:Sending desktop notification using 'notify2'
[2.572s] DEBUG:colcon.colcon_core.event_reactor:joined thread
[2.573s] INFO:colcon.colcon_core.shell:Creating prefix script '/ros2_ws/install/local_setup.ps1'
[2.575s] INFO:colcon.colcon_core.shell:Creating prefix util module '/ros2_ws/install/_local_setup_util_ps1.py'
[2.581s] INFO:colcon.colcon_core.shell:Creating prefix chain script '/ros2_ws/install/setup.ps1'
[2.583s] INFO:colcon.colcon_core.shell:Creating prefix script '/ros2_ws/install/local_setup.sh'
[2.583s] INFO:colcon.colcon_core.shell:Creating prefix util module '/ros2_ws/install/_local_setup_util_sh.py'
[2.587s] INFO:colcon.colcon_core.shell:Creating prefix chain script '/ros2_ws/install/setup.sh'
[2.591s] INFO:colcon.colcon_core.shell:Creating prefix script '/ros2_ws/install/local_setup.bash'
[2.593s] INFO:colcon.colcon_core.shell:Creating prefix chain script '/ros2_ws/install/setup.bash'
[2.595s] INFO:colcon.colcon_core.shell:Creating prefix script '/ros2_ws/install/local_setup.zsh'
[2.596s] INFO:colcon.colcon_core.shell:Creating prefix chain script '/ros2_ws/install/setup.zsh'
