[1.086s] Invoking command in '/ros2_ws/build/driver': PYTHONPATH=/ros2_ws/build/driver/prefix_override:/usr/lib/python3/dist-packages/colcon_core/task/python/colcon_distutils_commands:/ros2_ws/install/driver/lib/python3.10/site-packages:${PYTHONPATH} /usr/bin/python3 -W ignore:setup.py install is deprecated -W ignore:easy_install command is deprecated setup.py develop --editable --build-directory /ros2_ws/build/driver/build --no-deps symlink_data
[1.444s] running develop
[1.630s] running egg_info
[1.630s] creating driver.egg-info
[1.631s] writing driver.egg-info/PKG-INFO
[1.631s] writing dependency_links to driver.egg-info/dependency_links.txt
[1.631s] writing entry points to driver.egg-info/entry_points.txt
[1.632s] writing requirements to driver.egg-info/requires.txt
[1.632s] writing top-level names to driver.egg-info/top_level.txt
[1.633s] writing manifest file 'driver.egg-info/SOURCES.txt'
[1.636s] reading manifest file 'driver.egg-info/SOURCES.txt'
[1.637s] writing manifest file 'driver.egg-info/SOURCES.txt'
[1.639s] running build_ext
[1.639s] Creating /ros2_ws/install/driver/lib/python3.10/site-packages/driver.egg-link (link to .)
[1.640s] 
[1.640s] Installed /ros2_ws/build/driver
[1.640s] running symlink_data
[1.640s] creating /ros2_ws/install/driver/share/ament_index
[1.641s] creating /ros2_ws/install/driver/share/ament_index/resource_index
[1.641s] creating /ros2_ws/install/driver/share/ament_index/resource_index/packages
[1.641s] symbolically linking /ros2_ws/build/driver/resource/driver -> /ros2_ws/install/driver/share/ament_index/resource_index/packages
[1.641s] symbolically linking /ros2_ws/build/driver/package.xml -> /ros2_ws/install/driver/share/driver
[1.713s] Invoked command in '/ros2_ws/build/driver' returned '0': PYTHONPATH=/ros2_ws/build/driver/prefix_override:/usr/lib/python3/dist-packages/colcon_core/task/python/colcon_distutils_commands:/ros2_ws/install/driver/lib/python3.10/site-packages:${PYTHONPATH} /usr/bin/python3 -W ignore:setup.py install is deprecated -W ignore:easy_install command is deprecated setup.py develop --editable --build-directory /ros2_ws/build/driver/build --no-deps symlink_data
