[0.145s] DEBUG:colcon:Command line arguments: ['/usr/bin/colcon', 'build', '--symlink-install']
[0.146s] DEBUG:colcon:Parsed command line arguments: Namespace(log_base=None, log_level=None, verb_name='build', build_base='build', install_base='install', merge_install=False, symlink_install=True, test_result_base=None, continue_on_error=False, executor='parallel', parallel_workers=4, event_handlers=None, ignore_user_meta=False, metas=['./colcon.meta'], base_paths=['.'], packages_ignore=None, packages_ignore_regex=None, paths=None, packages_up_to=None, packages_up_to_regex=None, packages_above=None, packages_above_and_dependencies=None, packages_above_depth=None, packages_select_by_dep=None, packages_skip_by_dep=None, packages_skip_up_to=None, packages_select_build_failed=False, packages_skip_build_finished=False, packages_select_test_failures=False, packages_skip_test_passed=False, packages_select=None, packages_skip=None, packages_select_regex=None, packages_skip_regex=None, packages_start=None, packages_end=None, allow_overriding=[], cmake_args=None, cmake_target=None, cmake_target_skip_unavailable=False, cmake_clean_cache=False, cmake_clean_first=False, cmake_force_configure=False, ament_cmake_args=None, catkin_cmake_args=None, catkin_skip_building_tests=False, mixin_files=None, mixin=None, verb_parser=<colcon_mixin.mixin.mixin_argument.MixinArgumentDecorator object at 0xffffa002ceb0>, verb_extension=<colcon_core.verb.build.BuildVerb object at 0xffffa002c940>, main=<bound method BuildVerb.main of <colcon_core.verb.build.BuildVerb object at 0xffffa002c940>>, mixin_verb=('build',))
[0.341s] Level 1:colcon.colcon_core.package_discovery:discover_packages(colcon_meta) check parameters
[0.341s] Level 1:colcon.colcon_core.package_discovery:discover_packages(recursive) check parameters
[0.341s] Level 1:colcon.colcon_core.package_discovery:discover_packages(ignore) check parameters
[0.341s] Level 1:colcon.colcon_core.package_discovery:discover_packages(path) check parameters
[0.341s] Level 1:colcon.colcon_core.package_discovery:discover_packages(colcon_meta) discover
[0.341s] Level 1:colcon.colcon_core.package_discovery:discover_packages(recursive) discover
[0.341s] INFO:colcon.colcon_core.package_discovery:Crawling recursively for packages in '/ros2_ws'
[0.341s] Level 1:colcon.colcon_core.package_identification:_identify(.) by extensions ['ignore', 'ignore_ament_install']
[0.341s] Level 1:colcon.colcon_core.package_identification:_identify(.) by extension 'ignore'
[0.341s] Level 1:colcon.colcon_core.package_identification:_identify(.) by extension 'ignore_ament_install'
[0.341s] Level 1:colcon.colcon_core.package_identification:_identify(.) by extensions ['colcon_pkg']
[0.341s] Level 1:colcon.colcon_core.package_identification:_identify(.) by extension 'colcon_pkg'
[0.341s] Level 1:colcon.colcon_core.package_identification:_identify(.) by extensions ['colcon_meta']
[0.341s] Level 1:colcon.colcon_core.package_identification:_identify(.) by extension 'colcon_meta'
[0.342s] Level 1:colcon.colcon_core.package_identification:_identify(.) by extensions ['ros']
[0.342s] Level 1:colcon.colcon_core.package_identification:_identify(.) by extension 'ros'
[0.357s] Level 1:colcon.colcon_core.package_identification:_identify(.) by extensions ['cmake', 'python']
[0.357s] Level 1:colcon.colcon_core.package_identification:_identify(.) by extension 'cmake'
[0.358s] Level 1:colcon.colcon_core.package_identification:_identify(.) by extension 'python'
[0.358s] Level 1:colcon.colcon_core.package_identification:_identify(.) by extensions ['python_setup_py']
[0.358s] Level 1:colcon.colcon_core.package_identification:_identify(.) by extension 'python_setup_py'
[0.358s] Level 1:colcon.colcon_core.package_identification:_identify(build) by extensions ['ignore', 'ignore_ament_install']
[0.358s] Level 1:colcon.colcon_core.package_identification:_identify(build) by extension 'ignore'
[0.358s] Level 1:colcon.colcon_core.package_identification:_identify(build) ignored
[0.358s] Level 1:colcon.colcon_core.package_identification:_identify(install) by extensions ['ignore', 'ignore_ament_install']
[0.358s] Level 1:colcon.colcon_core.package_identification:_identify(install) by extension 'ignore'
[0.358s] Level 1:colcon.colcon_core.package_identification:_identify(install) ignored
[0.358s] Level 1:colcon.colcon_core.package_identification:_identify(log) by extensions ['ignore', 'ignore_ament_install']
[0.359s] Level 1:colcon.colcon_core.package_identification:_identify(log) by extension 'ignore'
[0.359s] Level 1:colcon.colcon_core.package_identification:_identify(log) ignored
[0.359s] Level 1:colcon.colcon_core.package_identification:_identify(src) by extensions ['ignore', 'ignore_ament_install']
[0.359s] Level 1:colcon.colcon_core.package_identification:_identify(src) by extension 'ignore'
[0.359s] Level 1:colcon.colcon_core.package_identification:_identify(src) by extension 'ignore_ament_install'
[0.359s] Level 1:colcon.colcon_core.package_identification:_identify(src) by extensions ['colcon_pkg']
[0.359s] Level 1:colcon.colcon_core.package_identification:_identify(src) by extension 'colcon_pkg'
[0.359s] Level 1:colcon.colcon_core.package_identification:_identify(src) by extensions ['colcon_meta']
[0.359s] Level 1:colcon.colcon_core.package_identification:_identify(src) by extension 'colcon_meta'
[0.359s] Level 1:colcon.colcon_core.package_identification:_identify(src) by extensions ['ros']
[0.359s] Level 1:colcon.colcon_core.package_identification:_identify(src) by extension 'ros'
[0.359s] Level 1:colcon.colcon_core.package_identification:_identify(src) by extensions ['cmake', 'python']
[0.359s] Level 1:colcon.colcon_core.package_identification:_identify(src) by extension 'cmake'
[0.359s] Level 1:colcon.colcon_core.package_identification:_identify(src) by extension 'python'
[0.359s] Level 1:colcon.colcon_core.package_identification:_identify(src) by extensions ['python_setup_py']
[0.359s] Level 1:colcon.colcon_core.package_identification:_identify(src) by extension 'python_setup_py'
[0.359s] Level 1:colcon.colcon_core.package_identification:_identify(src/driver) by extensions ['ignore', 'ignore_ament_install']
[0.359s] Level 1:colcon.colcon_core.package_identification:_identify(src/driver) by extension 'ignore'
[0.359s] Level 1:colcon.colcon_core.package_identification:_identify(src/driver) by extension 'ignore_ament_install'
[0.360s] Level 1:colcon.colcon_core.package_identification:_identify(src/driver) by extensions ['colcon_pkg']
[0.360s] Level 1:colcon.colcon_core.package_identification:_identify(src/driver) by extension 'colcon_pkg'
[0.360s] Level 1:colcon.colcon_core.package_identification:_identify(src/driver) by extensions ['colcon_meta']
[0.360s] Level 1:colcon.colcon_core.package_identification:_identify(src/driver) by extension 'colcon_meta'
[0.360s] Level 1:colcon.colcon_core.package_identification:_identify(src/driver) by extensions ['ros']
[0.360s] Level 1:colcon.colcon_core.package_identification:_identify(src/driver) by extension 'ros'
[0.363s] DEBUG:colcon.colcon_core.package_identification:Package 'src/driver' with type 'ros.ament_python' and name 'driver'
[0.363s] Level 1:colcon.colcon_core.package_identification:_identify(src/msgs_srvs) by extensions ['ignore', 'ignore_ament_install']
[0.363s] Level 1:colcon.colcon_core.package_identification:_identify(src/msgs_srvs) by extension 'ignore'
[0.363s] Level 1:colcon.colcon_core.package_identification:_identify(src/msgs_srvs) by extension 'ignore_ament_install'
[0.363s] Level 1:colcon.colcon_core.package_identification:_identify(src/msgs_srvs) by extensions ['colcon_pkg']
[0.363s] Level 1:colcon.colcon_core.package_identification:_identify(src/msgs_srvs) by extension 'colcon_pkg'
[0.363s] Level 1:colcon.colcon_core.package_identification:_identify(src/msgs_srvs) by extensions ['colcon_meta']
[0.363s] Level 1:colcon.colcon_core.package_identification:_identify(src/msgs_srvs) by extension 'colcon_meta'
[0.363s] Level 1:colcon.colcon_core.package_identification:_identify(src/msgs_srvs) by extensions ['ros']
[0.364s] Level 1:colcon.colcon_core.package_identification:_identify(src/msgs_srvs) by extension 'ros'
[0.364s] DEBUG:colcon.colcon_core.package_identification:Package 'src/msgs_srvs' with type 'ros.ament_cmake' and name 'msgs_srvs'
[0.365s] Level 1:colcon.colcon_core.package_identification:_identify(src/p2117_ros) by extensions ['ignore', 'ignore_ament_install']
[0.365s] Level 1:colcon.colcon_core.package_identification:_identify(src/p2117_ros) by extension 'ignore'
[0.365s] Level 1:colcon.colcon_core.package_identification:_identify(src/p2117_ros) by extension 'ignore_ament_install'
[0.365s] Level 1:colcon.colcon_core.package_identification:_identify(src/p2117_ros) by extensions ['colcon_pkg']
[0.365s] Level 1:colcon.colcon_core.package_identification:_identify(src/p2117_ros) by extension 'colcon_pkg'
[0.365s] Level 1:colcon.colcon_core.package_identification:_identify(src/p2117_ros) by extensions ['colcon_meta']
[0.365s] Level 1:colcon.colcon_core.package_identification:_identify(src/p2117_ros) by extension 'colcon_meta'
[0.365s] Level 1:colcon.colcon_core.package_identification:_identify(src/p2117_ros) by extensions ['ros']
[0.365s] Level 1:colcon.colcon_core.package_identification:_identify(src/p2117_ros) by extension 'ros'
[0.365s] Level 1:colcon.colcon_core.package_identification:_identify(src/p2117_ros) by extensions ['cmake', 'python']
[0.365s] Level 1:colcon.colcon_core.package_identification:_identify(src/p2117_ros) by extension 'cmake'
[0.365s] Level 1:colcon.colcon_core.package_identification:_identify(src/p2117_ros) by extension 'python'
[0.365s] Level 1:colcon.colcon_core.package_identification:_identify(src/p2117_ros) by extensions ['python_setup_py']
[0.365s] Level 1:colcon.colcon_core.package_identification:_identify(src/p2117_ros) by extension 'python_setup_py'
[0.365s] Level 1:colcon.colcon_core.package_identification:_identify(src/p2117_ros/oradar_ros) by extensions ['ignore', 'ignore_ament_install']
[0.365s] Level 1:colcon.colcon_core.package_identification:_identify(src/p2117_ros/oradar_ros) by extension 'ignore'
[0.365s] Level 1:colcon.colcon_core.package_identification:_identify(src/p2117_ros/oradar_ros) by extension 'ignore_ament_install'
[0.365s] Level 1:colcon.colcon_core.package_identification:_identify(src/p2117_ros/oradar_ros) by extensions ['colcon_pkg']
[0.365s] Level 1:colcon.colcon_core.package_identification:_identify(src/p2117_ros/oradar_ros) by extension 'colcon_pkg'
[0.366s] Level 1:colcon.colcon_core.package_identification:_identify(src/p2117_ros/oradar_ros) by extensions ['colcon_meta']
[0.366s] Level 1:colcon.colcon_core.package_identification:_identify(src/p2117_ros/oradar_ros) by extension 'colcon_meta'
[0.366s] Level 1:colcon.colcon_core.package_identification:_identify(src/p2117_ros/oradar_ros) by extensions ['ros']
[0.366s] Level 1:colcon.colcon_core.package_identification:_identify(src/p2117_ros/oradar_ros) by extension 'ros'
[0.366s] DEBUG:colcon.colcon_core.package_identification:Package 'src/p2117_ros/oradar_ros' with type 'ros.ament_cmake' and name 'oradar_lidar'
[0.366s] Level 1:colcon.colcon_core.package_discovery:discover_packages(recursive) using defaults
[0.366s] Level 1:colcon.colcon_core.package_discovery:discover_packages(ignore) discover
[0.367s] Level 1:colcon.colcon_core.package_discovery:discover_packages(ignore) using defaults
[0.367s] Level 1:colcon.colcon_core.package_discovery:discover_packages(path) discover
[0.367s] Level 1:colcon.colcon_core.package_discovery:discover_packages(path) using defaults
[0.395s] Level 1:colcon.colcon_core.package_discovery:discover_packages(prefix_path) check parameters
[0.395s] Level 1:colcon.colcon_core.package_discovery:discover_packages(prefix_path) discover
[0.397s] DEBUG:colcon.colcon_installed_package_information.package_discovery:Found 3 installed packages in /ros2_ws/install
[0.399s] DEBUG:colcon.colcon_installed_package_information.package_discovery:Found 271 installed packages in /opt/ros/humble
[0.423s] Level 1:colcon.colcon_core.package_discovery:discover_packages(prefix_path) using defaults
[0.473s] Level 5:colcon.colcon_core.verb:set package 'driver' build argument 'cmake_args' from command line to 'None'
[0.473s] Level 5:colcon.colcon_core.verb:set package 'driver' build argument 'cmake_target' from command line to 'None'
[0.473s] Level 5:colcon.colcon_core.verb:set package 'driver' build argument 'cmake_target_skip_unavailable' from command line to 'False'
[0.473s] Level 5:colcon.colcon_core.verb:set package 'driver' build argument 'cmake_clean_cache' from command line to 'False'
[0.473s] Level 5:colcon.colcon_core.verb:set package 'driver' build argument 'cmake_clean_first' from command line to 'False'
[0.473s] Level 5:colcon.colcon_core.verb:set package 'driver' build argument 'cmake_force_configure' from command line to 'False'
[0.473s] Level 5:colcon.colcon_core.verb:set package 'driver' build argument 'ament_cmake_args' from command line to 'None'
[0.473s] Level 5:colcon.colcon_core.verb:set package 'driver' build argument 'catkin_cmake_args' from command line to 'None'
[0.473s] Level 5:colcon.colcon_core.verb:set package 'driver' build argument 'catkin_skip_building_tests' from command line to 'False'
[0.473s] DEBUG:colcon.colcon_core.verb:Building package 'driver' with the following arguments: {'ament_cmake_args': None, 'build_base': '/ros2_ws/build/driver', 'catkin_cmake_args': None, 'catkin_skip_building_tests': False, 'cmake_args': None, 'cmake_clean_cache': False, 'cmake_clean_first': False, 'cmake_force_configure': False, 'cmake_target': None, 'cmake_target_skip_unavailable': False, 'install_base': '/ros2_ws/install/driver', 'merge_install': False, 'path': '/ros2_ws/src/driver', 'symlink_install': True, 'test_result_base': None}
[0.474s] Level 5:colcon.colcon_core.verb:set package 'msgs_srvs' build argument 'cmake_args' from command line to 'None'
[0.474s] Level 5:colcon.colcon_core.verb:set package 'msgs_srvs' build argument 'cmake_target' from command line to 'None'
[0.474s] Level 5:colcon.colcon_core.verb:set package 'msgs_srvs' build argument 'cmake_target_skip_unavailable' from command line to 'False'
[0.474s] Level 5:colcon.colcon_core.verb:set package 'msgs_srvs' build argument 'cmake_clean_cache' from command line to 'False'
[0.474s] Level 5:colcon.colcon_core.verb:set package 'msgs_srvs' build argument 'cmake_clean_first' from command line to 'False'
[0.474s] Level 5:colcon.colcon_core.verb:set package 'msgs_srvs' build argument 'cmake_force_configure' from command line to 'False'
[0.474s] Level 5:colcon.colcon_core.verb:set package 'msgs_srvs' build argument 'ament_cmake_args' from command line to 'None'
[0.474s] Level 5:colcon.colcon_core.verb:set package 'msgs_srvs' build argument 'catkin_cmake_args' from command line to 'None'
[0.474s] Level 5:colcon.colcon_core.verb:set package 'msgs_srvs' build argument 'catkin_skip_building_tests' from command line to 'False'
[0.474s] DEBUG:colcon.colcon_core.verb:Building package 'msgs_srvs' with the following arguments: {'ament_cmake_args': None, 'build_base': '/ros2_ws/build/msgs_srvs', 'catkin_cmake_args': None, 'catkin_skip_building_tests': False, 'cmake_args': None, 'cmake_clean_cache': False, 'cmake_clean_first': False, 'cmake_force_configure': False, 'cmake_target': None, 'cmake_target_skip_unavailable': False, 'install_base': '/ros2_ws/install/msgs_srvs', 'merge_install': False, 'path': '/ros2_ws/src/msgs_srvs', 'symlink_install': True, 'test_result_base': None}
[0.474s] Level 5:colcon.colcon_core.verb:set package 'oradar_lidar' build argument 'cmake_args' from command line to 'None'
[0.474s] Level 5:colcon.colcon_core.verb:set package 'oradar_lidar' build argument 'cmake_target' from command line to 'None'
[0.474s] Level 5:colcon.colcon_core.verb:set package 'oradar_lidar' build argument 'cmake_target_skip_unavailable' from command line to 'False'
[0.474s] Level 5:colcon.colcon_core.verb:set package 'oradar_lidar' build argument 'cmake_clean_cache' from command line to 'False'
[0.474s] Level 5:colcon.colcon_core.verb:set package 'oradar_lidar' build argument 'cmake_clean_first' from command line to 'False'
[0.474s] Level 5:colcon.colcon_core.verb:set package 'oradar_lidar' build argument 'cmake_force_configure' from command line to 'False'
[0.474s] Level 5:colcon.colcon_core.verb:set package 'oradar_lidar' build argument 'ament_cmake_args' from command line to 'None'
[0.474s] Level 5:colcon.colcon_core.verb:set package 'oradar_lidar' build argument 'catkin_cmake_args' from command line to 'None'
[0.474s] Level 5:colcon.colcon_core.verb:set package 'oradar_lidar' build argument 'catkin_skip_building_tests' from command line to 'False'
[0.475s] DEBUG:colcon.colcon_core.verb:Building package 'oradar_lidar' with the following arguments: {'ament_cmake_args': None, 'build_base': '/ros2_ws/build/oradar_lidar', 'catkin_cmake_args': None, 'catkin_skip_building_tests': False, 'cmake_args': None, 'cmake_clean_cache': False, 'cmake_clean_first': False, 'cmake_force_configure': False, 'cmake_target': None, 'cmake_target_skip_unavailable': False, 'install_base': '/ros2_ws/install/oradar_lidar', 'merge_install': False, 'path': '/ros2_ws/src/p2117_ros/oradar_ros', 'symlink_install': True, 'test_result_base': None}
[0.475s] INFO:colcon.colcon_core.executor:Executing jobs using 'parallel' executor
[0.476s] DEBUG:colcon.colcon_parallel_executor.executor.parallel:run_until_complete
[0.476s] INFO:colcon.colcon_ros.task.ament_python.build:Building ROS package in '/ros2_ws/src/driver' with build type 'ament_python'
[0.477s] Level 1:colcon.colcon_core.shell:create_environment_hook('driver', 'ament_prefix_path')
[0.479s] INFO:colcon.colcon_core.plugin_system:Skipping extension 'colcon_core.shell.bat': Not used on non-Windows systems
[0.479s] INFO:colcon.colcon_core.shell:Creating environment hook '/ros2_ws/install/driver/share/driver/hook/ament_prefix_path.ps1'
[0.480s] INFO:colcon.colcon_core.shell:Creating environment descriptor '/ros2_ws/install/driver/share/driver/hook/ament_prefix_path.dsv'
[0.487s] INFO:colcon.colcon_core.shell:Creating environment hook '/ros2_ws/install/driver/share/driver/hook/ament_prefix_path.sh'
[0.488s] INFO:colcon.colcon_core.shell:Skip shell extension 'powershell' for command environment: Not usable outside of PowerShell
[0.488s] DEBUG:colcon.colcon_core.shell:Skip shell extension 'dsv' for command environment
[0.494s] INFO:colcon.colcon_ros.task.ament_cmake.build:Building ROS package in '/ros2_ws/src/msgs_srvs' with build type 'ament_cmake'
[0.494s] INFO:colcon.colcon_cmake.task.cmake.build:Building CMake package in '/ros2_ws/src/msgs_srvs'
[0.495s] INFO:colcon.colcon_core.shell:Skip shell extension 'powershell' for command environment: Not usable outside of PowerShell
[0.495s] DEBUG:colcon.colcon_core.shell:Skip shell extension 'dsv' for command environment
[0.500s] INFO:colcon.colcon_ros.task.ament_cmake.build:Building ROS package in '/ros2_ws/src/p2117_ros/oradar_ros' with build type 'ament_cmake'
[0.500s] INFO:colcon.colcon_cmake.task.cmake.build:Building CMake package in '/ros2_ws/src/p2117_ros/oradar_ros'
[0.500s] INFO:colcon.colcon_core.shell:Skip shell extension 'powershell' for command environment: Not usable outside of PowerShell
[0.501s] DEBUG:colcon.colcon_core.shell:Skip shell extension 'dsv' for command environment
[0.920s] INFO:colcon.colcon_core.task.python.build:Building Python package in '/ros2_ws/src/driver'
[0.920s] INFO:colcon.colcon_core.shell:Skip shell extension 'powershell' for command environment: Not usable outside of PowerShell
[0.920s] DEBUG:colcon.colcon_core.shell:Skip shell extension 'dsv' for command environment
[0.934s] DEBUG:colcon.colcon_core.event_handler.log_command:Invoking command in '/ros2_ws/build/msgs_srvs': CMAKE_PREFIX_PATH=/ros2_ws/install/driver:/opt/ros/humble:${CMAKE_PREFIX_PATH} /usr/bin/cmake --build /ros2_ws/build/msgs_srvs -- -j4 -l4
[0.944s] DEBUG:colcon.colcon_core.event_handler.log_command:Invoking command in '/ros2_ws/build/oradar_lidar': CMAKE_PREFIX_PATH=/ros2_ws/install/driver:/opt/ros/humble:${CMAKE_PREFIX_PATH} /usr/bin/cmake --build /ros2_ws/build/oradar_lidar -- -j4 -l4
[1.277s] DEBUG:colcon.colcon_core.event_handler.log_command:Invoked command in '/ros2_ws/build/oradar_lidar' returned '0': CMAKE_PREFIX_PATH=/ros2_ws/install/driver:/opt/ros/humble:${CMAKE_PREFIX_PATH} /usr/bin/cmake --build /ros2_ws/build/oradar_lidar -- -j4 -l4
[1.316s] DEBUG:colcon.colcon_core.event_handler.log_command:Invoking command in '/ros2_ws/build/oradar_lidar': CMAKE_PREFIX_PATH=/ros2_ws/install/driver:/opt/ros/humble:${CMAKE_PREFIX_PATH} /usr/bin/cmake --install /ros2_ws/build/oradar_lidar
[1.397s] Level 1:colcon.colcon_core.environment:create_environment_scripts_only(oradar_lidar)
[1.401s] DEBUG:colcon.colcon_core.event_handler.log_command:Invoked command in '/ros2_ws/build/oradar_lidar' returned '0': CMAKE_PREFIX_PATH=/ros2_ws/install/driver:/opt/ros/humble:${CMAKE_PREFIX_PATH} /usr/bin/cmake --install /ros2_ws/build/oradar_lidar
[1.403s] Level 1:colcon.colcon_core.environment:checking '/ros2_ws/install/oradar_lidar' for CMake module files
[1.404s] Level 1:colcon.colcon_core.environment:checking '/ros2_ws/install/oradar_lidar' for CMake config files
[1.405s] Level 1:colcon.colcon_core.shell:create_environment_hook('oradar_lidar', 'cmake_prefix_path')
[1.406s] INFO:colcon.colcon_core.shell:Creating environment hook '/ros2_ws/install/oradar_lidar/share/oradar_lidar/hook/cmake_prefix_path.ps1'
[1.407s] INFO:colcon.colcon_core.shell:Creating environment descriptor '/ros2_ws/install/oradar_lidar/share/oradar_lidar/hook/cmake_prefix_path.dsv'
[1.414s] INFO:colcon.colcon_core.shell:Creating environment hook '/ros2_ws/install/oradar_lidar/share/oradar_lidar/hook/cmake_prefix_path.sh'
[1.416s] Level 1:colcon.colcon_core.environment:checking '/ros2_ws/install/oradar_lidar/lib'
[1.416s] Level 1:colcon.colcon_core.environment:checking '/ros2_ws/install/oradar_lidar/bin'
[1.416s] Level 1:colcon.colcon_core.shell:create_environment_hook('oradar_lidar', 'path')
[1.417s] INFO:colcon.colcon_core.shell:Creating environment hook '/ros2_ws/install/oradar_lidar/share/oradar_lidar/hook/path.ps1'
[1.421s] INFO:colcon.colcon_core.shell:Creating environment descriptor '/ros2_ws/install/oradar_lidar/share/oradar_lidar/hook/path.dsv'
[1.421s] INFO:colcon.colcon_core.shell:Creating environment hook '/ros2_ws/install/oradar_lidar/share/oradar_lidar/hook/path.sh'
[1.426s] Level 1:colcon.colcon_core.environment:checking '/ros2_ws/install/oradar_lidar/lib/pkgconfig/oradar_lidar.pc'
[1.426s] Level 1:colcon.colcon_core.environment:checking '/ros2_ws/install/oradar_lidar/lib/python3.10/site-packages'
[1.427s] Level 1:colcon.colcon_core.environment:checking '/ros2_ws/install/oradar_lidar/bin'
[1.427s] Level 1:colcon.colcon_core.shell:create_environment_hook('oradar_lidar', 'pythonscriptspath')
[1.427s] INFO:colcon.colcon_core.shell:Creating environment hook '/ros2_ws/install/oradar_lidar/share/oradar_lidar/hook/pythonscriptspath.ps1'
[1.428s] INFO:colcon.colcon_core.shell:Creating environment descriptor '/ros2_ws/install/oradar_lidar/share/oradar_lidar/hook/pythonscriptspath.dsv'
[1.430s] INFO:colcon.colcon_core.shell:Creating environment hook '/ros2_ws/install/oradar_lidar/share/oradar_lidar/hook/pythonscriptspath.sh'
[1.434s] INFO:colcon.colcon_core.shell:Creating package script '/ros2_ws/install/oradar_lidar/share/oradar_lidar/package.ps1'
[1.438s] INFO:colcon.colcon_core.shell:Creating package descriptor '/ros2_ws/install/oradar_lidar/share/oradar_lidar/package.dsv'
[1.440s] INFO:colcon.colcon_core.shell:Creating package script '/ros2_ws/install/oradar_lidar/share/oradar_lidar/package.sh'
[1.446s] INFO:colcon.colcon_core.shell:Creating package script '/ros2_ws/install/oradar_lidar/share/oradar_lidar/package.bash'
[1.449s] INFO:colcon.colcon_core.shell:Creating package script '/ros2_ws/install/oradar_lidar/share/oradar_lidar/package.zsh'
[1.450s] Level 1:colcon.colcon_core.environment:create_file_with_runtime_dependencies(/ros2_ws/install/oradar_lidar/share/colcon-core/packages/oradar_lidar)
[1.454s] Level 1:colcon.colcon_core.environment:create_environment_scripts_only(oradar_lidar)
[1.454s] Level 1:colcon.colcon_core.environment:checking '/ros2_ws/install/oradar_lidar' for CMake module files
[1.455s] Level 1:colcon.colcon_core.environment:checking '/ros2_ws/install/oradar_lidar' for CMake config files
[1.456s] Level 1:colcon.colcon_core.shell:create_environment_hook('oradar_lidar', 'cmake_prefix_path')
[1.457s] INFO:colcon.colcon_core.shell:Creating environment hook '/ros2_ws/install/oradar_lidar/share/oradar_lidar/hook/cmake_prefix_path.ps1'
[1.458s] INFO:colcon.colcon_core.shell:Creating environment descriptor '/ros2_ws/install/oradar_lidar/share/oradar_lidar/hook/cmake_prefix_path.dsv'
[1.459s] INFO:colcon.colcon_core.shell:Creating environment hook '/ros2_ws/install/oradar_lidar/share/oradar_lidar/hook/cmake_prefix_path.sh'
[1.461s] Level 1:colcon.colcon_core.environment:checking '/ros2_ws/install/oradar_lidar/lib'
[1.461s] Level 1:colcon.colcon_core.environment:checking '/ros2_ws/install/oradar_lidar/bin'
[1.461s] Level 1:colcon.colcon_core.shell:create_environment_hook('oradar_lidar', 'path')
[1.461s] INFO:colcon.colcon_core.shell:Creating environment hook '/ros2_ws/install/oradar_lidar/share/oradar_lidar/hook/path.ps1'
[1.463s] INFO:colcon.colcon_core.shell:Creating environment descriptor '/ros2_ws/install/oradar_lidar/share/oradar_lidar/hook/path.dsv'
[1.464s] INFO:colcon.colcon_core.shell:Creating environment hook '/ros2_ws/install/oradar_lidar/share/oradar_lidar/hook/path.sh'
[1.466s] Level 1:colcon.colcon_core.environment:checking '/ros2_ws/install/oradar_lidar/lib/pkgconfig/oradar_lidar.pc'
[1.466s] Level 1:colcon.colcon_core.environment:checking '/ros2_ws/install/oradar_lidar/lib/python3.10/site-packages'
[1.467s] Level 1:colcon.colcon_core.environment:checking '/ros2_ws/install/oradar_lidar/bin'
[1.467s] Level 1:colcon.colcon_core.shell:create_environment_hook('oradar_lidar', 'pythonscriptspath')
[1.467s] INFO:colcon.colcon_core.shell:Creating environment hook '/ros2_ws/install/oradar_lidar/share/oradar_lidar/hook/pythonscriptspath.ps1'
[1.468s] INFO:colcon.colcon_core.shell:Creating environment descriptor '/ros2_ws/install/oradar_lidar/share/oradar_lidar/hook/pythonscriptspath.dsv'
[1.471s] INFO:colcon.colcon_core.shell:Creating environment hook '/ros2_ws/install/oradar_lidar/share/oradar_lidar/hook/pythonscriptspath.sh'
[1.473s] INFO:colcon.colcon_core.shell:Creating package script '/ros2_ws/install/oradar_lidar/share/oradar_lidar/package.ps1'
[1.474s] INFO:colcon.colcon_core.shell:Creating package descriptor '/ros2_ws/install/oradar_lidar/share/oradar_lidar/package.dsv'
[1.476s] INFO:colcon.colcon_core.shell:Creating package script '/ros2_ws/install/oradar_lidar/share/oradar_lidar/package.sh'
[1.477s] INFO:colcon.colcon_core.shell:Creating package script '/ros2_ws/install/oradar_lidar/share/oradar_lidar/package.bash'
[1.478s] INFO:colcon.colcon_core.shell:Creating package script '/ros2_ws/install/oradar_lidar/share/oradar_lidar/package.zsh'
[1.480s] Level 1:colcon.colcon_core.environment:create_file_with_runtime_dependencies(/ros2_ws/install/oradar_lidar/share/colcon-core/packages/oradar_lidar)
[1.817s] DEBUG:colcon.colcon_core.event_handler.log_command:Invoking command in '/ros2_ws/build/driver': PYTHONPATH=/ros2_ws/build/driver/prefix_override:/usr/lib/python3/dist-packages/colcon_core/task/python/colcon_distutils_commands:/ros2_ws/install/driver/lib/python3.10/site-packages:${PYTHONPATH} /usr/bin/python3 -W ignore:setup.py install is deprecated -W ignore:easy_install command is deprecated setup.py develop --editable --build-directory /ros2_ws/build/driver/build --no-deps symlink_data
[1.876s] DEBUG:colcon.colcon_core.event_handler.log_command:Invoked command in '/ros2_ws/build/msgs_srvs' returned '0': CMAKE_PREFIX_PATH=/ros2_ws/install/driver:/opt/ros/humble:${CMAKE_PREFIX_PATH} /usr/bin/cmake --build /ros2_ws/build/msgs_srvs -- -j4 -l4
[1.878s] DEBUG:colcon.colcon_core.event_handler.log_command:Invoking command in '/ros2_ws/build/msgs_srvs': CMAKE_PREFIX_PATH=/ros2_ws/install/driver:/opt/ros/humble:${CMAKE_PREFIX_PATH} /usr/bin/cmake --install /ros2_ws/build/msgs_srvs
[2.020s] Level 1:colcon.colcon_core.environment:create_environment_scripts_only(msgs_srvs)
[2.021s] Level 1:colcon.colcon_core.environment:checking '/ros2_ws/install/msgs_srvs' for CMake module files
[2.021s] DEBUG:colcon.colcon_core.event_handler.log_command:Invoked command in '/ros2_ws/build/msgs_srvs' returned '0': CMAKE_PREFIX_PATH=/ros2_ws/install/driver:/opt/ros/humble:${CMAKE_PREFIX_PATH} /usr/bin/cmake --install /ros2_ws/build/msgs_srvs
[2.022s] Level 1:colcon.colcon_core.environment:checking '/ros2_ws/install/msgs_srvs' for CMake config files
[2.024s] Level 1:colcon.colcon_core.shell:create_environment_hook('msgs_srvs', 'cmake_prefix_path')
[2.024s] INFO:colcon.colcon_core.shell:Creating environment hook '/ros2_ws/install/msgs_srvs/share/msgs_srvs/hook/cmake_prefix_path.ps1'
[2.025s] INFO:colcon.colcon_core.shell:Creating environment descriptor '/ros2_ws/install/msgs_srvs/share/msgs_srvs/hook/cmake_prefix_path.dsv'
[2.026s] INFO:colcon.colcon_core.shell:Creating environment hook '/ros2_ws/install/msgs_srvs/share/msgs_srvs/hook/cmake_prefix_path.sh'
[2.028s] Level 1:colcon.colcon_core.environment:checking '/ros2_ws/install/msgs_srvs/lib'
[2.028s] Level 1:colcon.colcon_core.shell:create_environment_hook('msgs_srvs', 'ld_library_path_lib')
[2.029s] INFO:colcon.colcon_core.shell:Creating environment hook '/ros2_ws/install/msgs_srvs/share/msgs_srvs/hook/ld_library_path_lib.ps1'
[2.032s] INFO:colcon.colcon_core.shell:Creating environment descriptor '/ros2_ws/install/msgs_srvs/share/msgs_srvs/hook/ld_library_path_lib.dsv'
[2.033s] INFO:colcon.colcon_core.shell:Creating environment hook '/ros2_ws/install/msgs_srvs/share/msgs_srvs/hook/ld_library_path_lib.sh'
[2.035s] Level 1:colcon.colcon_core.environment:checking '/ros2_ws/install/msgs_srvs/bin'
[2.035s] Level 1:colcon.colcon_core.environment:checking '/ros2_ws/install/msgs_srvs/lib/pkgconfig/msgs_srvs.pc'
[2.035s] Level 1:colcon.colcon_core.environment:checking '/ros2_ws/install/msgs_srvs/lib/python3.10/site-packages'
[2.036s] Level 1:colcon.colcon_core.environment:checking '/ros2_ws/install/msgs_srvs/bin'
[2.036s] INFO:colcon.colcon_core.shell:Creating package script '/ros2_ws/install/msgs_srvs/share/msgs_srvs/package.ps1'
[2.037s] INFO:colcon.colcon_core.shell:Creating package descriptor '/ros2_ws/install/msgs_srvs/share/msgs_srvs/package.dsv'
[2.038s] INFO:colcon.colcon_core.shell:Creating package script '/ros2_ws/install/msgs_srvs/share/msgs_srvs/package.sh'
[2.039s] INFO:colcon.colcon_core.shell:Creating package script '/ros2_ws/install/msgs_srvs/share/msgs_srvs/package.bash'
[2.040s] INFO:colcon.colcon_core.shell:Creating package script '/ros2_ws/install/msgs_srvs/share/msgs_srvs/package.zsh'
[2.041s] Level 1:colcon.colcon_core.environment:create_file_with_runtime_dependencies(/ros2_ws/install/msgs_srvs/share/colcon-core/packages/msgs_srvs)
[2.043s] Level 1:colcon.colcon_core.environment:create_environment_scripts_only(msgs_srvs)
[2.043s] Level 1:colcon.colcon_core.environment:checking '/ros2_ws/install/msgs_srvs' for CMake module files
[2.044s] Level 1:colcon.colcon_core.environment:checking '/ros2_ws/install/msgs_srvs' for CMake config files
[2.046s] Level 1:colcon.colcon_core.shell:create_environment_hook('msgs_srvs', 'cmake_prefix_path')
[2.046s] INFO:colcon.colcon_core.shell:Creating environment hook '/ros2_ws/install/msgs_srvs/share/msgs_srvs/hook/cmake_prefix_path.ps1'
[2.049s] INFO:colcon.colcon_core.shell:Creating environment descriptor '/ros2_ws/install/msgs_srvs/share/msgs_srvs/hook/cmake_prefix_path.dsv'
[2.056s] INFO:colcon.colcon_core.shell:Creating environment hook '/ros2_ws/install/msgs_srvs/share/msgs_srvs/hook/cmake_prefix_path.sh'
[2.057s] Level 1:colcon.colcon_core.environment:checking '/ros2_ws/install/msgs_srvs/lib'
[2.058s] Level 1:colcon.colcon_core.shell:create_environment_hook('msgs_srvs', 'ld_library_path_lib')
[2.058s] INFO:colcon.colcon_core.shell:Creating environment hook '/ros2_ws/install/msgs_srvs/share/msgs_srvs/hook/ld_library_path_lib.ps1'
[2.059s] INFO:colcon.colcon_core.shell:Creating environment descriptor '/ros2_ws/install/msgs_srvs/share/msgs_srvs/hook/ld_library_path_lib.dsv'
[2.060s] INFO:colcon.colcon_core.shell:Creating environment hook '/ros2_ws/install/msgs_srvs/share/msgs_srvs/hook/ld_library_path_lib.sh'
[2.061s] Level 1:colcon.colcon_core.environment:checking '/ros2_ws/install/msgs_srvs/bin'
[2.061s] Level 1:colcon.colcon_core.environment:checking '/ros2_ws/install/msgs_srvs/lib/pkgconfig/msgs_srvs.pc'
[2.062s] Level 1:colcon.colcon_core.environment:checking '/ros2_ws/install/msgs_srvs/lib/python3.10/site-packages'
[2.062s] Level 1:colcon.colcon_core.environment:checking '/ros2_ws/install/msgs_srvs/bin'
[2.063s] INFO:colcon.colcon_core.shell:Creating package script '/ros2_ws/install/msgs_srvs/share/msgs_srvs/package.ps1'
[2.063s] INFO:colcon.colcon_core.shell:Creating package descriptor '/ros2_ws/install/msgs_srvs/share/msgs_srvs/package.dsv'
[2.065s] INFO:colcon.colcon_core.shell:Creating package script '/ros2_ws/install/msgs_srvs/share/msgs_srvs/package.sh'
[2.066s] INFO:colcon.colcon_core.shell:Creating package script '/ros2_ws/install/msgs_srvs/share/msgs_srvs/package.bash'
[2.067s] INFO:colcon.colcon_core.shell:Creating package script '/ros2_ws/install/msgs_srvs/share/msgs_srvs/package.zsh'
[2.068s] Level 1:colcon.colcon_core.environment:create_file_with_runtime_dependencies(/ros2_ws/install/msgs_srvs/share/colcon-core/packages/msgs_srvs)
[2.544s] Level 1:colcon.colcon_core.shell:create_environment_hook('driver', 'pythonpath_develop')
[2.545s] INFO:colcon.colcon_core.shell:Creating environment hook '/ros2_ws/build/driver/share/driver/hook/pythonpath_develop.ps1'
[2.545s] DEBUG:colcon.colcon_core.event_handler.log_command:Invoked command in '/ros2_ws/build/driver' returned '0': PYTHONPATH=/ros2_ws/build/driver/prefix_override:/usr/lib/python3/dist-packages/colcon_core/task/python/colcon_distutils_commands:/ros2_ws/install/driver/lib/python3.10/site-packages:${PYTHONPATH} /usr/bin/python3 -W ignore:setup.py install is deprecated -W ignore:easy_install command is deprecated setup.py develop --editable --build-directory /ros2_ws/build/driver/build --no-deps symlink_data
[2.546s] INFO:colcon.colcon_core.shell:Creating environment descriptor '/ros2_ws/build/driver/share/driver/hook/pythonpath_develop.dsv'
[2.553s] INFO:colcon.colcon_core.shell:Creating environment hook '/ros2_ws/build/driver/share/driver/hook/pythonpath_develop.sh'
[2.555s] Level 1:colcon.colcon_core.environment:checking '/ros2_ws/install/driver' for CMake module files
[2.556s] Level 1:colcon.colcon_core.environment:checking '/ros2_ws/install/driver' for CMake config files
[2.557s] Level 1:colcon.colcon_core.environment:checking '/ros2_ws/install/driver/lib'
[2.557s] Level 1:colcon.colcon_core.environment:checking '/ros2_ws/install/driver/bin'
[2.557s] Level 1:colcon.colcon_core.environment:checking '/ros2_ws/install/driver/lib/pkgconfig/driver.pc'
[2.557s] Level 1:colcon.colcon_core.environment:checking '/ros2_ws/install/driver/lib/python3.10/site-packages'
[2.557s] Level 1:colcon.colcon_core.shell:create_environment_hook('driver', 'pythonpath')
[2.558s] INFO:colcon.colcon_core.shell:Creating environment hook '/ros2_ws/install/driver/share/driver/hook/pythonpath.ps1'
[2.558s] INFO:colcon.colcon_core.shell:Creating environment descriptor '/ros2_ws/install/driver/share/driver/hook/pythonpath.dsv'
[2.559s] INFO:colcon.colcon_core.shell:Creating environment hook '/ros2_ws/install/driver/share/driver/hook/pythonpath.sh'
[2.560s] Level 1:colcon.colcon_core.environment:checking '/ros2_ws/install/driver/bin'
[2.560s] Level 1:colcon.colcon_core.environment:create_environment_scripts_only(driver)
[2.561s] INFO:colcon.colcon_core.shell:Creating package script '/ros2_ws/install/driver/share/driver/package.ps1'
[2.561s] INFO:colcon.colcon_core.shell:Creating package descriptor '/ros2_ws/install/driver/share/driver/package.dsv'
[2.562s] INFO:colcon.colcon_core.shell:Creating package script '/ros2_ws/install/driver/share/driver/package.sh'
[2.565s] INFO:colcon.colcon_core.shell:Creating package script '/ros2_ws/install/driver/share/driver/package.bash'
[2.567s] INFO:colcon.colcon_core.shell:Creating package script '/ros2_ws/install/driver/share/driver/package.zsh'
[2.568s] Level 1:colcon.colcon_core.environment:create_file_with_runtime_dependencies(/ros2_ws/install/driver/share/colcon-core/packages/driver)
[2.568s] DEBUG:colcon.colcon_parallel_executor.executor.parallel:closing loop
[2.569s] DEBUG:colcon.colcon_parallel_executor.executor.parallel:loop closed
[2.569s] DEBUG:colcon.colcon_parallel_executor.executor.parallel:run_until_complete finished with '0'
[2.569s] DEBUG:colcon.colcon_core.event_reactor:joining thread
[2.577s] INFO:colcon.colcon_core.plugin_system:Skipping extension 'colcon_notification.desktop_notification.terminal_notifier': Not used on non-Darwin systems
[2.577s] INFO:colcon.colcon_core.plugin_system:Skipping extension 'colcon_notification.desktop_notification.win32': Not used on non-Windows systems
[2.577s] INFO:colcon.colcon_notification.desktop_notification:Sending desktop notification using 'notify2'
[2.626s] DEBUG:colcon.colcon_core.event_reactor:joined thread
[2.627s] INFO:colcon.colcon_core.shell:Creating prefix script '/ros2_ws/install/local_setup.ps1'
[2.629s] INFO:colcon.colcon_core.shell:Creating prefix util module '/ros2_ws/install/_local_setup_util_ps1.py'
[2.635s] INFO:colcon.colcon_core.shell:Creating prefix chain script '/ros2_ws/install/setup.ps1'
[2.637s] INFO:colcon.colcon_core.shell:Creating prefix script '/ros2_ws/install/local_setup.sh'
[2.638s] INFO:colcon.colcon_core.shell:Creating prefix util module '/ros2_ws/install/_local_setup_util_sh.py'
[2.639s] INFO:colcon.colcon_core.shell:Creating prefix chain script '/ros2_ws/install/setup.sh'
[2.643s] INFO:colcon.colcon_core.shell:Creating prefix script '/ros2_ws/install/local_setup.bash'
[2.644s] INFO:colcon.colcon_core.shell:Creating prefix chain script '/ros2_ws/install/setup.bash'
[2.647s] INFO:colcon.colcon_core.shell:Creating prefix script '/ros2_ws/install/local_setup.zsh'
[2.648s] INFO:colcon.colcon_core.shell:Creating prefix chain script '/ros2_ws/install/setup.zsh'
