[0.395s] Invoking command in '/ros2_ws/build/msgs_srvs': CMAKE_PREFIX_PATH=/opt/ros/humble /usr/bin/cmake --build /ros2_ws/build/msgs_srvs -- -j4 -l4
[0.497s] [35m[1mConsolidate compiler generated dependencies of target msgs_srvs__rosidl_generator_c[0m
[0.537s] [  1%] [32mBuilding C object CMakeFiles/msgs_srvs__rosidl_generator_c.dir/rosidl_generator_c/msgs_srvs/msg/detail/motors_state__functions.c.o[0m
[0.542s] [  2%] [32mBuilding C object CMakeFiles/msgs_srvs__rosidl_generator_c.dir/rosidl_generator_c/msgs_srvs/msg/detail/motor_state__functions.c.o[0m
[0.544s] [  3%] Built target msgs_srvs__cpp
[0.575s] [  3%] Built target ament_cmake_python_symlink_msgs_srvs
[0.601s] In file included from [01m[K/ros2_ws/build/msgs_srvs/rosidl_generator_c/msgs_srvs/msg/detail/motors_state__functions.h:19[m[K,
[0.602s]                  from [01m[K/ros2_ws/build/msgs_srvs/rosidl_generator_c/msgs_srvs/msg/detail/motors_state__functions.c:4[m[K:
[0.602s] [01m[K/ros2_ws/build/msgs_srvs/rosidl_generator_c/msgs_srvs/msg/detail/motors_state__struct.h:22:10:[m[K [01;31m[Kfatal error: [m[Kresource/msg/detail/motor_state__struct.h: No such file or directory
[0.602s]    22 | #include [01;31m[K"resource/msg/detail/motor_state__struct.h"[m[K
[0.605s]       |          [01;31m[K^~~~~~~~~~~~~~~~~~~~~~~~~~~~~~~~~~~~~~~~~~~[m[K
[0.605s] compilation terminated.
[0.607s] [35m[1mConsolidate compiler generated dependencies of target msgs_srvs__rosidl_typesupport_cpp[0m
[0.609s] gmake[2]: *** [CMakeFiles/msgs_srvs__rosidl_generator_c.dir/build.make:307: CMakeFiles/msgs_srvs__rosidl_generator_c.dir/rosidl_generator_c/msgs_srvs/msg/detail/motors_state__functions.c.o] Error 1
[0.610s] gmake[2]: *** Waiting for unfinished jobs....
[0.638s] [35m[1mConsolidate compiler generated dependencies of target msgs_srvs__rosidl_typesupport_fastrtps_cpp[0m
[0.650s] [35m[1mConsolidate compiler generated dependencies of target msgs_srvs__rosidl_typesupport_introspection_cpp[0m
[0.679s] [  4%] [32mBuilding CXX object CMakeFiles/msgs_srvs__rosidl_typesupport_cpp.dir/rosidl_typesupport_cpp/msgs_srvs/msg/motors_state__type_support.cpp.o[0m
[0.703s] [  5%] [32mBuilding CXX object CMakeFiles/msgs_srvs__rosidl_typesupport_fastrtps_cpp.dir/rosidl_typesupport_fastrtps_cpp/msgs_srvs/msg/detail/dds_fastrtps/motors_state__type_support.cpp.o[0m
[0.714s] gmake[1]: *** [CMakeFiles/Makefile2:213: CMakeFiles/msgs_srvs__rosidl_generator_c.dir/all] Error 2
[0.715s] gmake[1]: *** Waiting for unfinished jobs....
[0.726s] [  6%] [32mBuilding CXX object CMakeFiles/msgs_srvs__rosidl_typesupport_introspection_cpp.dir/rosidl_typesupport_introspection_cpp/msgs_srvs/msg/detail/motors_state__type_support.cpp.o[0m
[0.762s] [  7%] [32mBuilding CXX object CMakeFiles/msgs_srvs__rosidl_typesupport_cpp.dir/rosidl_typesupport_cpp/msgs_srvs/msg/motor_state__type_support.cpp.o[0m
[0.861s] In file included from [01m[K/ros2_ws/build/msgs_srvs/rosidl_typesupport_fastrtps_cpp/msgs_srvs/msg/detail/motors_state__rosidl_typesupport_fastrtps_cpp.hpp:11[m[K,
[0.862s]                  from [01m[K/ros2_ws/build/msgs_srvs/rosidl_typesupport_fastrtps_cpp/msgs_srvs/msg/detail/dds_fastrtps/motors_state__type_support.cpp:4[m[K:
[0.862s] [01m[K/ros2_ws/build/msgs_srvs/rosidl_generator_cpp/msgs_srvs/msg/detail/motors_state__struct.hpp:20:10:[m[K [01;31m[Kfatal error: [m[Kresource/msg/detail/motor_state__struct.hpp: No such file or directory
[0.862s]    20 | #include [01;31m[K"resource/msg/detail/motor_state__struct.hpp"[m[K
[0.862s]       |          [01;31m[K^~~~~~~~~~~~~~~~~~~~~~~~~~~~~~~~~~~~~~~~~~~~~[m[K
[0.863s] compilation terminated.
[0.872s] gmake[2]: *** [CMakeFiles/msgs_srvs__rosidl_typesupport_fastrtps_cpp.dir/build.make:221: CMakeFiles/msgs_srvs__rosidl_typesupport_fastrtps_cpp.dir/rosidl_typesupport_fastrtps_cpp/msgs_srvs/msg/detail/dds_fastrtps/motors_state__type_support.cpp.o] Error 1
[0.872s] gmake[1]: *** [CMakeFiles/Makefile2:291: CMakeFiles/msgs_srvs__rosidl_typesupport_fastrtps_cpp.dir/all] Error 2
[0.900s] [  8%] [32mBuilding CXX object CMakeFiles/msgs_srvs__rosidl_typesupport_introspection_cpp.dir/rosidl_typesupport_introspection_cpp/msgs_srvs/msg/detail/motor_state__type_support.cpp.o[0m
[0.923s] In file included from [01m[K/ros2_ws/build/msgs_srvs/rosidl_typesupport_cpp/msgs_srvs/msg/motors_state__type_support.cpp:7[m[K:
[0.923s] [01m[K/ros2_ws/build/msgs_srvs/rosidl_generator_cpp/msgs_srvs/msg/detail/motors_state__struct.hpp:20:10:[m[K [01;31m[Kfatal error: [m[Kresource/msg/detail/motor_state__struct.hpp: No such file or directory
[0.924s]    20 | #include [01;31m[K"resource/msg/detail/motor_state__struct.hpp"[m[K
[0.924s]       |          [01;31m[K^~~~~~~~~~~~~~~~~~~~~~~~~~~~~~~~~~~~~~~~~~~~~[m[K
[0.924s] compilation terminated.
[0.933s] gmake[2]: *** [CMakeFiles/msgs_srvs__rosidl_typesupport_cpp.dir/build.make:192: CMakeFiles/msgs_srvs__rosidl_typesupport_cpp.dir/rosidl_typesupport_cpp/msgs_srvs/msg/motors_state__type_support.cpp.o] Error 1
[0.934s] gmake[2]: *** Waiting for unfinished jobs....
[0.975s] In file included from [01m[K/ros2_ws/build/msgs_srvs/rosidl_typesupport_introspection_cpp/msgs_srvs/msg/detail/motors_state__type_support.cpp:12[m[K:
[0.975s] [01m[K/ros2_ws/build/msgs_srvs/rosidl_generator_cpp/msgs_srvs/msg/detail/motors_state__struct.hpp:20:10:[m[K [01;31m[Kfatal error: [m[Kresource/msg/detail/motor_state__struct.hpp: No such file or directory
[0.975s]    20 | #include [01;31m[K"resource/msg/detail/motor_state__struct.hpp"[m[K
[0.975s]       |          [01;31m[K^~~~~~~~~~~~~~~~~~~~~~~~~~~~~~~~~~~~~~~~~~~~~[m[K
[0.975s] compilation terminated.
[0.979s] [  9%] [32mBuilding CXX object CMakeFiles/msgs_srvs__rosidl_typesupport_introspection_cpp.dir/rosidl_typesupport_introspection_cpp/msgs_srvs/msg/detail/pwm_servo_state__type_support.cpp.o[0m
[0.985s] gmake[2]: *** [CMakeFiles/msgs_srvs__rosidl_typesupport_introspection_cpp.dir/build.make:221: CMakeFiles/msgs_srvs__rosidl_typesupport_introspection_cpp.dir/rosidl_typesupport_introspection_cpp/msgs_srvs/msg/detail/motors_state__type_support.cpp.o] Error 1
[0.985s] gmake[2]: *** Waiting for unfinished jobs....
[1.440s] gmake[1]: *** [CMakeFiles/Makefile2:395: CMakeFiles/msgs_srvs__rosidl_typesupport_cpp.dir/all] Error 2
[1.774s] gmake[1]: *** [CMakeFiles/Makefile2:369: CMakeFiles/msgs_srvs__rosidl_typesupport_introspection_cpp.dir/all] Error 2
[1.774s] gmake: *** [Makefile:146: all] Error 2
[1.778s] Invoked command in '/ros2_ws/build/msgs_srvs' returned '2': CMAKE_PREFIX_PATH=/opt/ros/humble /usr/bin/cmake --build /ros2_ws/build/msgs_srvs -- -j4 -l4
