[0.014s] Invoking command in '/ros2_ws/build/oradar_lidar': CMAKE_PREFIX_PATH=/opt/ros/humble /usr/bin/cmake /ros2_ws/src/p2117_ros/oradar_ros -DAMENT_CMAKE_SYMLINK_INSTALL=1 -DCMAKE_INSTALL_PREFIX=/ros2_ws/install/oradar_lidar
[0.063s] [0m=============================================================[0m
[0.063s] [0m-- ROS Not Found, Ros Support is turned Off![0m
[0.063s] [0m=============================================================[0m
[0.263s] -- Override CMake install command with custom implementation using symlinks instead of copying resources
[0.324s] -- Found rosidl_generator_c: 3.1.6 (/opt/ros/humble/share/rosidl_generator_c/cmake)
[0.329s] -- Found rosidl_adapter: 3.1.6 (/opt/ros/humble/share/rosidl_adapter/cmake)
[0.338s] -- Found rosidl_generator_cpp: 3.1.6 (/opt/ros/humble/share/rosidl_generator_cpp/cmake)
[0.352s] -- Using all available rosidl_typesupport_c: rosidl_typesupport_fastrtps_c;rosidl_typesupport_introspection_c
[0.368s] -- Using all available rosidl_typesupport_cpp: rosidl_typesupport_fastrtps_cpp;rosidl_typesupport_introspection_cpp
[0.411s] -- Found rmw_implementation_cmake: 6.1.2 (/opt/ros/humble/share/rmw_implementation_cmake/cmake)
[0.412s] -- Found rmw_fastrtps_cpp: 6.2.7 (/opt/ros/humble/share/rmw_fastrtps_cpp/cmake)
[0.597s] -- Using RMW implementation 'rmw_fastrtps_cpp' as default
[0.669s] [0m=============================================================[0m
[0.669s] [0m-- ROS2 Found. ROS2 Support is turned On![0m
[0.669s] [0m=============================================================[0m
[0.669s] -- Found sensor_msgs: 4.2.4 (/opt/ros/humble/share/sensor_msgs/cmake)
[0.713s] [0mCMake Deprecation Warning at sdk/CMakeLists.txt:36 (cmake_policy):
[0.713s]   The OLD behavior for policy CMP0053 will be removed from a future version
[0.714s]   of CMake.
[0.714s] 
[0.714s]   The cmake-policies(7) manual explains that the OLD behaviors of all
[0.714s]   policies are deprecated and that a policy should be set to OLD only under
[0.714s]   specific short-term circumstances.  Projects should be ported to the NEW
[0.714s]   behavior and not rely on setting a policy to OLD.
[0.714s] 
[0.714s] [0m
[0.714s] [0mCMake Deprecation Warning at sdk/CMakeLists.txt:39 (cmake_policy):
[0.714s]   The OLD behavior for policy CMP0037 will be removed from a future version
[0.714s]   of CMake.
[0.714s] 
[0.714s]   The cmake-policies(7) manual explains that the OLD behaviors of all
[0.714s]   policies are deprecated and that a policy should be set to OLD only under
[0.714s]   specific short-term circumstances.  Projects should be ported to the NEW
[0.714s]   behavior and not rely on setting a policy to OLD.
[0.714s] 
[0.715s] [0m
[0.715s] [0mCMake Deprecation Warning at sdk/CMakeLists.txt:42 (cmake_policy):
[0.715s]   The OLD behavior for policy CMP0043 will be removed from a future version
[0.715s]   of CMake.
[0.715s] 
[0.715s]   The cmake-policies(7) manual explains that the OLD behaviors of all
[0.715s]   policies are deprecated and that a policy should be set to OLD only under
[0.715s]   specific short-term circumstances.  Projects should be ported to the NEW
[0.715s]   behavior and not rely on setting a policy to OLD.
[0.715s] 
[0.715s] [0m
[0.715s] -- Could NOT find SWIG (missing: SWIG_EXECUTABLE SWIG_DIR) 
[0.768s] [0mCMake Deprecation Warning at sdk/cmake/install_package.cmake:101 (cmake_policy):
[0.768s]   The OLD behavior for policy CMP0026 will be removed from a future version
[0.768s]   of CMake.
[0.768s] 
[0.768s]   The cmake-policies(7) manual explains that the OLD behaviors of all
[0.768s]   policies are deprecated and that a policy should be set to OLD only under
[0.768s]   specific short-term circumstances.  Projects should be ported to the NEW
[0.769s]   behavior and not rely on setting a policy to OLD.
[0.769s] Call Stack (most recent call first):
[0.769s]   sdk/CMakeLists.txt:105 (install_package)
[0.769s] 
[0.769s] [0m
[0.888s] -- Configuring done
[0.954s] -- Generating done
[1.002s] -- Build files have been written to: /ros2_ws/build/oradar_lidar
[1.025s] Invoked command in '/ros2_ws/build/oradar_lidar' returned '0': CMAKE_PREFIX_PATH=/opt/ros/humble /usr/bin/cmake /ros2_ws/src/p2117_ros/oradar_ros -DAMENT_CMAKE_SYMLINK_INSTALL=1 -DCMAKE_INSTALL_PREFIX=/ros2_ws/install/oradar_lidar
[1.030s] Invoking command in '/ros2_ws/build/oradar_lidar': CMAKE_PREFIX_PATH=/opt/ros/humble /usr/bin/cmake --build /ros2_ws/build/oradar_lidar -- -j4 -l4
[1.106s] [35m[1mConsolidate compiler generated dependencies of target oradar_sdk[0m
[1.140s] [ 60%] Built target oradar_sdk
[1.161s] [35m[1mConsolidate compiler generated dependencies of target blocking_c_api_test[0m
[1.162s] [35m[1mConsolidate compiler generated dependencies of target non-blocking_test[0m
[1.171s] [35m[1mConsolidate compiler generated dependencies of target blocking_test[0m
[1.171s] [35m[1mConsolidate compiler generated dependencies of target oradar_scan[0m
[1.188s] [ 70%] Built target blocking_c_api_test
[1.192s] [ 90%] Built target non-blocking_test
[1.193s] [ 90%] Built target blocking_test
[1.202s] [ 95%] [32m[1mLinking CXX executable oradar_scan[0m
[1.435s] [100%] Built target oradar_scan
[1.456s] Invoked command in '/ros2_ws/build/oradar_lidar' returned '0': CMAKE_PREFIX_PATH=/opt/ros/humble /usr/bin/cmake --build /ros2_ws/build/oradar_lidar -- -j4 -l4
[1.475s] Invoking command in '/ros2_ws/build/oradar_lidar': CMAKE_PREFIX_PATH=/opt/ros/humble /usr/bin/cmake --install /ros2_ws/build/oradar_lidar
[1.488s] -- Install configuration: "RELEASE"
[1.488s] -- Execute custom install script
[1.489s] -- Symlinking: /ros2_ws/install/oradar_lidar/bin/blocking_test
[1.504s] -- Symlinking: /ros2_ws/install/oradar_lidar/bin/non-blocking_test
[1.520s] -- Symlinking: /ros2_ws/install/oradar_lidar/bin/blocking_c_api_test
[1.538s] -- Symlinking: /ros2_ws/install/oradar_lidar/include/core/base/datatype.h
[1.554s] -- Symlinking: /ros2_ws/install/oradar_lidar/include/core/base/locker.h
[1.570s] -- Symlinking: /ros2_ws/install/oradar_lidar/include/core/base/thread.h
[1.585s] -- Symlinking: /ros2_ws/install/oradar_lidar/include/core/base/timer.h
[1.600s] -- Symlinking: /ros2_ws/install/oradar_lidar/include/core/base/typedef.h
[1.616s] -- Symlinking: /ros2_ws/install/oradar_lidar/include/core/base/utils.h
[1.634s] -- Symlinking: /ros2_ws/install/oradar_lidar/include/core/base/v8stdint.h
[1.650s] -- Symlinking: /ros2_ws/install/oradar_lidar/include/core/common/ChannelDevice.h
[1.667s] -- Symlinking: /ros2_ws/install/oradar_lidar/include/core/math/angles.h
[1.682s] -- Symlinking: /ros2_ws/install/oradar_lidar/include/core/network/ActiveSocket.h
[1.697s] -- Symlinking: /ros2_ws/install/oradar_lidar/include/core/network/PassiveSocket.h
[1.713s] -- Symlinking: /ros2_ws/install/oradar_lidar/include/core/network/SimpleSocket.h
[1.729s] -- Symlinking: /ros2_ws/install/oradar_lidar/include/core/network/StatTimer.h
[1.748s] -- Symlinking: /ros2_ws/install/oradar_lidar/include/core/serial/common.h
[1.763s] -- Symlinking: /ros2_ws/install/oradar_lidar/include/core/serial/serial.h
[1.778s] -- Symlinking: /ros2_ws/install/oradar_lidar/include/core/serial/impl/unix/lock.h
[1.794s] -- Symlinking: /ros2_ws/install/oradar_lidar/include/core/serial/impl/unix/unix.h
[1.811s] -- Symlinking: /ros2_ws/install/oradar_lidar/include/core/serial/impl/unix/unix_serial.h
[1.827s] -- Symlinking: /ros2_ws/install/oradar_lidar/include/src/ord_lidar_c_api_driver.h
[1.846s] -- Symlinking: /ros2_ws/install/oradar_lidar/include/src/ord_lidar_driver.h
[1.861s] -- Symlinking: /ros2_ws/install/oradar_lidar/include/src/ordlidar_protocol.h
[1.876s] -- Symlinking: /ros2_ws/install/oradar_lidar/include/src/filters/FullScanFilter.h
[1.892s] -- Symlinking: /ros2_ws/install/oradar_lidar/lib/liboradar_sdk.a
[1.907s] -- Symlinking: /ros2_ws/install/oradar_lidar/lib/oradar_lidar/oradar_scan
[1.923s] -- Symlinking: /ros2_ws/install/oradar_lidar/share/oradar_lidar//launch/ms200_scan.launch
[1.941s] -- Symlinking: /ros2_ws/install/oradar_lidar/share/oradar_lidar//launch/ms200_scan.launch.py
[1.957s] -- Symlinking: /ros2_ws/install/oradar_lidar/share/oradar_lidar//launch/ms200_scan_view.launch
[1.972s] -- Symlinking: /ros2_ws/install/oradar_lidar/share/oradar_lidar//launch/ms200_scan_view.launch.py
[1.988s] -- Symlinking: /ros2_ws/install/oradar_lidar/share/oradar_lidar//rviz2/oradar_scan.rviz
[2.002s] -- Symlinking: /ros2_ws/install/oradar_lidar/share/ament_index/resource_index/package_run_dependencies/oradar_lidar
[2.018s] -- Symlinking: /ros2_ws/install/oradar_lidar/share/ament_index/resource_index/parent_prefix_path/oradar_lidar
[2.036s] -- Symlinking: /ros2_ws/install/oradar_lidar/share/oradar_lidar/environment/ament_prefix_path.sh
[2.053s] -- Symlinking: /ros2_ws/install/oradar_lidar/share/oradar_lidar/environment/ament_prefix_path.dsv
[2.069s] -- Symlinking: /ros2_ws/install/oradar_lidar/share/oradar_lidar/environment/path.sh
[2.083s] -- Symlinking: /ros2_ws/install/oradar_lidar/share/oradar_lidar/environment/path.dsv
[2.099s] -- Symlinking: /ros2_ws/install/oradar_lidar/share/oradar_lidar/local_setup.bash
[2.115s] -- Symlinking: /ros2_ws/install/oradar_lidar/share/oradar_lidar/local_setup.sh
[2.133s] -- Symlinking: /ros2_ws/install/oradar_lidar/share/oradar_lidar/local_setup.zsh
[2.151s] -- Symlinking: /ros2_ws/install/oradar_lidar/share/oradar_lidar/local_setup.dsv
[2.165s] -- Symlinking: /ros2_ws/install/oradar_lidar/share/oradar_lidar/package.dsv
[2.181s] -- Symlinking: /ros2_ws/install/oradar_lidar/share/ament_index/resource_index/packages/oradar_lidar
[2.196s] -- Symlinking: /ros2_ws/install/oradar_lidar/share/oradar_lidar/cmake/oradar_lidarConfig.cmake
[2.212s] -- Symlinking: /ros2_ws/install/oradar_lidar/share/oradar_lidar/cmake/oradar_lidarConfig-version.cmake
[2.227s] -- Symlinking: /ros2_ws/install/oradar_lidar/share/oradar_lidar/package.xml
[2.251s] Invoked command in '/ros2_ws/build/oradar_lidar' returned '0': CMAKE_PREFIX_PATH=/opt/ros/humble /usr/bin/cmake --install /ros2_ws/build/oradar_lidar
